13:18:55 **** Clean-only build of configuration Debug for project Digital_Syncro_ROME_0.1 ****
make clean 
make: *** No rule to make target 'clean'.  Stop.
"make clean" terminated with exit code 2. Build might be incomplete.
13:18:56 **** Build of configuration Debug for project Digital_Syncro_ROME_0.1 ****
make all 
arm-none-eabi-gcc -mcpu=cortex-m3 -g3 -c -x assembler-with-cpp -MMD -MP -MF"startup/startup_stm32f103xb.d" -MT"startup/startup_stm32f103xb.o" --specs=nano.specs -mfloat-abi=soft -mthumb -o "startup/startup_stm32f103xb.o" "../startup/startup_stm32f103xb.s"
arm-none-eabi-gcc "../Src/dsc_rome_16b.c" -mcpu=cortex-m3 -std=gnu11 -g3 -DUSE_HAL_DRIVER -DSTM32F103xB -c -I../Inc -I../Drivers/STM32F1xx_HAL_Driver/Inc -I../Drivers/STM32F1xx_HAL_Driver/Inc/Legacy -I../Drivers/CMSIS/Device/ST/STM32F1xx/Include -I../Drivers/CMSIS/Include -Og -ffunction-sections -Wall -fstack-usage -fcyclomatic-complexity -MMD -MP -MF"Src/dsc_rome_16b.d" -MT"Src/dsc_rome_16b.o" --specs=nano.specs -mfloat-abi=soft -mthumb -o "Src/dsc_rome_16b.o"
arm-none-eabi-gcc "../Src/fonts.c" -mcpu=cortex-m3 -std=gnu11 -g3 -DUSE_HAL_DRIVER -DSTM32F103xB -c -I../Inc -I../Drivers/STM32F1xx_HAL_Driver/Inc -I../Drivers/STM32F1xx_HAL_Driver/Inc/Legacy -I../Drivers/CMSIS/Device/ST/STM32F1xx/Include -I../Drivers/CMSIS/Include -Og -ffunction-sections -Wall -fstack-usage -fcyclomatic-complexity -MMD -MP -MF"Src/fonts.d" -MT"Src/fonts.o" --specs=nano.specs -mfloat-abi=soft -mthumb -o "Src/fonts.o"
arm-none-eabi-gcc "../Src/main.c" -mcpu=cortex-m3 -std=gnu11 -g3 -DUSE_HAL_DRIVER -DSTM32F103xB -c -I../Inc -I../Drivers/STM32F1xx_HAL_Driver/Inc -I../Drivers/STM32F1xx_HAL_Driver/Inc/Legacy -I../Drivers/CMSIS/Device/ST/STM32F1xx/Include -I../Drivers/CMSIS/Include -Og -ffunction-sections -Wall -fstack-usage -fcyclomatic-complexity -MMD -MP -MF"Src/main.d" -MT"Src/main.o" --specs=nano.specs -mfloat-abi=soft -mthumb -o "Src/main.o"
../Src/main.c: In function 'main':
../Src/main.c:236:65: warning: 'sprintf' may write a terminating nul past the end of the destination [-Wformat-overflow=]
  236 |                     sprintf(txt, "Dev#%d Init: %u (%.2f deg)\r\n", DEVICE_ID, digital_val, syncro_val);
      |                                                                 ^
../Src/main.c:236:21: note: 'sprintf' output between 26 and 340 bytes into a destination of size 30
  236 |                     sprintf(txt, "Dev#%d Init: %u (%.2f deg)\r\n", DEVICE_ID, digital_val, syncro_val);
      |                     ^~~~~~~~~~~~~~~~~~~~~~~~~~~~~~~~~~~~~~~~~~~~~~~~~~~~~~~~~~~~~~~~~~~~~~~~~~~~~~~~~~
../Src/main.c:206:64: warning: '%02X' directive writing 2 bytes into a region of size 0 [-Wformat-overflow=]
  206 |                 sprintf(txt, "Dev#%d: Invalid header (0x%02X 0x%02X)\r\n",
      |                                                                ^~~~
../Src/main.c:206:30: note: directive argument in the range [0, 255]
  206 |                 sprintf(txt, "Dev#%d: Invalid header (0x%02X 0x%02X)\r\n",
      |                              ^~~~~~~~~~~~~~~~~~~~~~~~~~~~~~~~~~~~~~~~~~~~
../Src/main.c:206:17: note: 'sprintf' output 36 bytes into a destination of size 30
  206 |                 sprintf(txt, "Dev#%d: Invalid header (0x%02X 0x%02X)\r\n",
      |                 ^~~~~~~~~~~~~~~~~~~~~~~~~~~~~~~~~~~~~~~~~~~~~~~~~~~~~~~~~~
  207 |                         DEVICE_ID, bytes[0], bytes[1]);
      |                         ~~~~~~~~~~~~~~~~~~~~~~~~~~~~~~
../Src/main.c:200:60: warning: '%d' directive writing between 1 and 2 bytes into a region of size 0 [-Wformat-overflow=]
  200 |               sprintf(txt, "Dev#%d: Expected 15 bytes, got %d\r\n", DEVICE_ID, byte_index);
      |                                                            ^~
../Src/main.c:200:28: note: directive argument in the range [0, 14]
  200 |               sprintf(txt, "Dev#%d: Expected 15 bytes, got %d\r\n", DEVICE_ID, byte_index);
      |                            ^~~~~~~~~~~~~~~~~~~~~~~~~~~~~~~~~~~~~~~
../Src/main.c:200:15: note: 'sprintf' output between 34 and 35 bytes into a destination of size 30
  200 |               sprintf(txt, "Dev#%d: Expected 15 bytes, got %d\r\n", DEVICE_ID, byte_index);
      |               ^~~~~~~~~~~~~~~~~~~~~~~~~~~~~~~~~~~~~~~~~~~~~~~~~~~~~~~~~~~~~~~~~~~~~~~~~~~~
arm-none-eabi-gcc "../Src/ssd1306.c" -mcpu=cortex-m3 -std=gnu11 -g3 -DUSE_HAL_DRIVER -DSTM32F103xB -c -I../Inc -I../Drivers/STM32F1xx_HAL_Driver/Inc -I../Drivers/STM32F1xx_HAL_Driver/Inc/Legacy -I../Drivers/CMSIS/Device/ST/STM32F1xx/Include -I../Drivers/CMSIS/Include -Og -ffunction-sections -Wall -fstack-usage -fcyclomatic-complexity -MMD -MP -MF"Src/ssd1306.d" -MT"Src/ssd1306.o" --specs=nano.specs -mfloat-abi=soft -mthumb -o "Src/ssd1306.o"
arm-none-eabi-gcc "../Src/stm32f1xx_hal_msp.c" -mcpu=cortex-m3 -std=gnu11 -g3 -DUSE_HAL_DRIVER -DSTM32F103xB -c -I../Inc -I../Drivers/STM32F1xx_HAL_Driver/Inc -I../Drivers/STM32F1xx_HAL_Driver/Inc/Legacy -I../Drivers/CMSIS/Device/ST/STM32F1xx/Include -I../Drivers/CMSIS/Include -Og -ffunction-sections -Wall -fstack-usage -fcyclomatic-complexity -MMD -MP -MF"Src/stm32f1xx_hal_msp.d" -MT"Src/stm32f1xx_hal_msp.o" --specs=nano.specs -mfloat-abi=soft -mthumb -o "Src/stm32f1xx_hal_msp.o"
arm-none-eabi-gcc "../Src/stm32f1xx_it.c" -mcpu=cortex-m3 -std=gnu11 -g3 -DUSE_HAL_DRIVER -DSTM32F103xB -c -I../Inc -I../Drivers/STM32F1xx_HAL_Driver/Inc -I../Drivers/STM32F1xx_HAL_Driver/Inc/Legacy -I../Drivers/CMSIS/Device/ST/STM32F1xx/Include -I../Drivers/CMSIS/Include -Og -ffunction-sections -Wall -fstack-usage -fcyclomatic-complexity -MMD -MP -MF"Src/stm32f1xx_it.d" -MT"Src/stm32f1xx_it.o" --specs=nano.specs -mfloat-abi=soft -mthumb -o "Src/stm32f1xx_it.o"
arm-none-eabi-gcc "../Src/syscalls.c" -mcpu=cortex-m3 -std=gnu11 -g3 -DUSE_HAL_DRIVER -DSTM32F103xB -c -I../Inc -I../Drivers/STM32F1xx_HAL_Driver/Inc -I../Drivers/STM32F1xx_HAL_Driver/Inc/Legacy -I../Drivers/CMSIS/Device/ST/STM32F1xx/Include -I../Drivers/CMSIS/Include -Og -ffunction-sections -Wall -fstack-usage -fcyclomatic-complexity -MMD -MP -MF"Src/syscalls.d" -MT"Src/syscalls.o" --specs=nano.specs -mfloat-abi=soft -mthumb -o "Src/syscalls.o"
arm-none-eabi-gcc "../Src/system_stm32f1xx.c" -mcpu=cortex-m3 -std=gnu11 -g3 -DUSE_HAL_DRIVER -DSTM32F103xB -c -I../Inc -I../Drivers/STM32F1xx_HAL_Driver/Inc -I../Drivers/STM32F1xx_HAL_Driver/Inc/Legacy -I../Drivers/CMSIS/Device/ST/STM32F1xx/Include -I../Drivers/CMSIS/Include -Og -ffunction-sections -Wall -fstack-usage -fcyclomatic-complexity -MMD -MP -MF"Src/system_stm32f1xx.d" -MT"Src/system_stm32f1xx.o" --specs=nano.specs -mfloat-abi=soft -mthumb -o "Src/system_stm32f1xx.o"
arm-none-eabi-gcc "../Drivers/STM32F1xx_HAL_Driver/Src/stm32f1xx_hal.c" -mcpu=cortex-m3 -std=gnu11 -g3 -DUSE_HAL_DRIVER -DSTM32F103xB -c -I../Inc -I../Drivers/STM32F1xx_HAL_Driver/Inc -I../Drivers/STM32F1xx_HAL_Driver/Inc/Legacy -I../Drivers/CMSIS/Device/ST/STM32F1xx/Include -I../Drivers/CMSIS/Include -Og -ffunction-sections -Wall -fstack-usage -fcyclomatic-complexity -MMD -MP -MF"Drivers/STM32F1xx_HAL_Driver/Src/stm32f1xx_hal.d" -MT"Drivers/STM32F1xx_HAL_Driver/Src/stm32f1xx_hal.o" --specs=nano.specs -mfloat-abi=soft -mthumb -o "Drivers/STM32F1xx_HAL_Driver/Src/stm32f1xx_hal.o"
arm-none-eabi-gcc "../Drivers/STM32F1xx_HAL_Driver/Src/stm32f1xx_hal_cortex.c" -mcpu=cortex-m3 -std=gnu11 -g3 -DUSE_HAL_DRIVER -DSTM32F103xB -c -I../Inc -I../Drivers/STM32F1xx_HAL_Driver/Inc -I../Drivers/STM32F1xx_HAL_Driver/Inc/Legacy -I../Drivers/CMSIS/Device/ST/STM32F1xx/Include -I../Drivers/CMSIS/Include -Og -ffunction-sections -Wall -fstack-usage -fcyclomatic-complexity -MMD -MP -MF"Drivers/STM32F1xx_HAL_Driver/Src/stm32f1xx_hal_cortex.d" -MT"Drivers/STM32F1xx_HAL_Driver/Src/stm32f1xx_hal_cortex.o" --specs=nano.specs -mfloat-abi=soft -mthumb -o "Drivers/STM32F1xx_HAL_Driver/Src/stm32f1xx_hal_cortex.o"
arm-none-eabi-gcc "../Drivers/STM32F1xx_HAL_Driver/Src/stm32f1xx_hal_dma.c" -mcpu=cortex-m3 -std=gnu11 -g3 -DUSE_HAL_DRIVER -DSTM32F103xB -c -I../Inc -I../Drivers/STM32F1xx_HAL_Driver/Inc -I../Drivers/STM32F1xx_HAL_Driver/Inc/Legacy -I../Drivers/CMSIS/Device/ST/STM32F1xx/Include -I../Drivers/CMSIS/Include -Og -ffunction-sections -Wall -fstack-usage -fcyclomatic-complexity -MMD -MP -MF"Drivers/STM32F1xx_HAL_Driver/Src/stm32f1xx_hal_dma.d" -MT"Drivers/STM32F1xx_HAL_Driver/Src/stm32f1xx_hal_dma.o" --specs=nano.specs -mfloat-abi=soft -mthumb -o "Drivers/STM32F1xx_HAL_Driver/Src/stm32f1xx_hal_dma.o"
arm-none-eabi-gcc "../Drivers/STM32F1xx_HAL_Driver/Src/stm32f1xx_hal_exti.c" -mcpu=cortex-m3 -std=gnu11 -g3 -DUSE_HAL_DRIVER -DSTM32F103xB -c -I../Inc -I../Drivers/STM32F1xx_HAL_Driver/Inc -I../Drivers/STM32F1xx_HAL_Driver/Inc/Legacy -I../Drivers/CMSIS/Device/ST/STM32F1xx/Include -I../Drivers/CMSIS/Include -Og -ffunction-sections -Wall -fstack-usage -fcyclomatic-complexity -MMD -MP -MF"Drivers/STM32F1xx_HAL_Driver/Src/stm32f1xx_hal_exti.d" -MT"Drivers/STM32F1xx_HAL_Driver/Src/stm32f1xx_hal_exti.o" --specs=nano.specs -mfloat-abi=soft -mthumb -o "Drivers/STM32F1xx_HAL_Driver/Src/stm32f1xx_hal_exti.o"
arm-none-eabi-gcc "../Drivers/STM32F1xx_HAL_Driver/Src/stm32f1xx_hal_flash.c" -mcpu=cortex-m3 -std=gnu11 -g3 -DUSE_HAL_DRIVER -DSTM32F103xB -c -I../Inc -I../Drivers/STM32F1xx_HAL_Driver/Inc -I../Drivers/STM32F1xx_HAL_Driver/Inc/Legacy -I../Drivers/CMSIS/Device/ST/STM32F1xx/Include -I../Drivers/CMSIS/Include -Og -ffunction-sections -Wall -fstack-usage -fcyclomatic-complexity -MMD -MP -MF"Drivers/STM32F1xx_HAL_Driver/Src/stm32f1xx_hal_flash.d" -MT"Drivers/STM32F1xx_HAL_Driver/Src/stm32f1xx_hal_flash.o" --specs=nano.specs -mfloat-abi=soft -mthumb -o "Drivers/STM32F1xx_HAL_Driver/Src/stm32f1xx_hal_flash.o"
arm-none-eabi-gcc "../Drivers/STM32F1xx_HAL_Driver/Src/stm32f1xx_hal_flash_ex.c" -mcpu=cortex-m3 -std=gnu11 -g3 -DUSE_HAL_DRIVER -DSTM32F103xB -c -I../Inc -I../Drivers/STM32F1xx_HAL_Driver/Inc -I../Drivers/STM32F1xx_HAL_Driver/Inc/Legacy -I../Drivers/CMSIS/Device/ST/STM32F1xx/Include -I../Drivers/CMSIS/Include -Og -ffunction-sections -Wall -fstack-usage -fcyclomatic-complexity -MMD -MP -MF"Drivers/STM32F1xx_HAL_Driver/Src/stm32f1xx_hal_flash_ex.d" -MT"Drivers/STM32F1xx_HAL_Driver/Src/stm32f1xx_hal_flash_ex.o" --specs=nano.specs -mfloat-abi=soft -mthumb -o "Drivers/STM32F1xx_HAL_Driver/Src/stm32f1xx_hal_flash_ex.o"
arm-none-eabi-gcc "../Drivers/STM32F1xx_HAL_Driver/Src/stm32f1xx_hal_gpio.c" -mcpu=cortex-m3 -std=gnu11 -g3 -DUSE_HAL_DRIVER -DSTM32F103xB -c -I../Inc -I../Drivers/STM32F1xx_HAL_Driver/Inc -I../Drivers/STM32F1xx_HAL_Driver/Inc/Legacy -I../Drivers/CMSIS/Device/ST/STM32F1xx/Include -I../Drivers/CMSIS/Include -Og -ffunction-sections -Wall -fstack-usage -fcyclomatic-complexity -MMD -MP -MF"Drivers/STM32F1xx_HAL_Driver/Src/stm32f1xx_hal_gpio.d" -MT"Drivers/STM32F1xx_HAL_Driver/Src/stm32f1xx_hal_gpio.o" --specs=nano.specs -mfloat-abi=soft -mthumb -o "Drivers/STM32F1xx_HAL_Driver/Src/stm32f1xx_hal_gpio.o"
arm-none-eabi-gcc "../Drivers/STM32F1xx_HAL_Driver/Src/stm32f1xx_hal_gpio_ex.c" -mcpu=cortex-m3 -std=gnu11 -g3 -DUSE_HAL_DRIVER -DSTM32F103xB -c -I../Inc -I../Drivers/STM32F1xx_HAL_Driver/Inc -I../Drivers/STM32F1xx_HAL_Driver/Inc/Legacy -I../Drivers/CMSIS/Device/ST/STM32F1xx/Include -I../Drivers/CMSIS/Include -Og -ffunction-sections -Wall -fstack-usage -fcyclomatic-complexity -MMD -MP -MF"Drivers/STM32F1xx_HAL_Driver/Src/stm32f1xx_hal_gpio_ex.d" -MT"Drivers/STM32F1xx_HAL_Driver/Src/stm32f1xx_hal_gpio_ex.o" --specs=nano.specs -mfloat-abi=soft -mthumb -o "Drivers/STM32F1xx_HAL_Driver/Src/stm32f1xx_hal_gpio_ex.o"
arm-none-eabi-gcc "../Drivers/STM32F1xx_HAL_Driver/Src/stm32f1xx_hal_i2c.c" -mcpu=cortex-m3 -std=gnu11 -g3 -DUSE_HAL_DRIVER -DSTM32F103xB -c -I../Inc -I../Drivers/STM32F1xx_HAL_Driver/Inc -I../Drivers/STM32F1xx_HAL_Driver/Inc/Legacy -I../Drivers/CMSIS/Device/ST/STM32F1xx/Include -I../Drivers/CMSIS/Include -Og -ffunction-sections -Wall -fstack-usage -fcyclomatic-complexity -MMD -MP -MF"Drivers/STM32F1xx_HAL_Driver/Src/stm32f1xx_hal_i2c.d" -MT"Drivers/STM32F1xx_HAL_Driver/Src/stm32f1xx_hal_i2c.o" --specs=nano.specs -mfloat-abi=soft -mthumb -o "Drivers/STM32F1xx_HAL_Driver/Src/stm32f1xx_hal_i2c.o"
arm-none-eabi-gcc "../Drivers/STM32F1xx_HAL_Driver/Src/stm32f1xx_hal_pwr.c" -mcpu=cortex-m3 -std=gnu11 -g3 -DUSE_HAL_DRIVER -DSTM32F103xB -c -I../Inc -I../Drivers/STM32F1xx_HAL_Driver/Inc -I../Drivers/STM32F1xx_HAL_Driver/Inc/Legacy -I../Drivers/CMSIS/Device/ST/STM32F1xx/Include -I../Drivers/CMSIS/Include -Og -ffunction-sections -Wall -fstack-usage -fcyclomatic-complexity -MMD -MP -MF"Drivers/STM32F1xx_HAL_Driver/Src/stm32f1xx_hal_pwr.d" -MT"Drivers/STM32F1xx_HAL_Driver/Src/stm32f1xx_hal_pwr.o" --specs=nano.specs -mfloat-abi=soft -mthumb -o "Drivers/STM32F1xx_HAL_Driver/Src/stm32f1xx_hal_pwr.o"
arm-none-eabi-gcc "../Drivers/STM32F1xx_HAL_Driver/Src/stm32f1xx_hal_rcc.c" -mcpu=cortex-m3 -std=gnu11 -g3 -DUSE_HAL_DRIVER -DSTM32F103xB -c -I../Inc -I../Drivers/STM32F1xx_HAL_Driver/Inc -I../Drivers/STM32F1xx_HAL_Driver/Inc/Legacy -I../Drivers/CMSIS/Device/ST/STM32F1xx/Include -I../Drivers/CMSIS/Include -Og -ffunction-sections -Wall -fstack-usage -fcyclomatic-complexity -MMD -MP -MF"Drivers/STM32F1xx_HAL_Driver/Src/stm32f1xx_hal_rcc.d" -MT"Drivers/STM32F1xx_HAL_Driver/Src/stm32f1xx_hal_rcc.o" --specs=nano.specs -mfloat-abi=soft -mthumb -o "Drivers/STM32F1xx_HAL_Driver/Src/stm32f1xx_hal_rcc.o"
arm-none-eabi-gcc "../Drivers/STM32F1xx_HAL_Driver/Src/stm32f1xx_hal_rcc_ex.c" -mcpu=cortex-m3 -std=gnu11 -g3 -DUSE_HAL_DRIVER -DSTM32F103xB -c -I../Inc -I../Drivers/STM32F1xx_HAL_Driver/Inc -I../Drivers/STM32F1xx_HAL_Driver/Inc/Legacy -I../Drivers/CMSIS/Device/ST/STM32F1xx/Include -I../Drivers/CMSIS/Include -Og -ffunction-sections -Wall -fstack-usage -fcyclomatic-complexity -MMD -MP -MF"Drivers/STM32F1xx_HAL_Driver/Src/stm32f1xx_hal_rcc_ex.d" -MT"Drivers/STM32F1xx_HAL_Driver/Src/stm32f1xx_hal_rcc_ex.o" --specs=nano.specs -mfloat-abi=soft -mthumb -o "Drivers/STM32F1xx_HAL_Driver/Src/stm32f1xx_hal_rcc_ex.o"
arm-none-eabi-gcc "../Drivers/STM32F1xx_HAL_Driver/Src/stm32f1xx_hal_tim.c" -mcpu=cortex-m3 -std=gnu11 -g3 -DUSE_HAL_DRIVER -DSTM32F103xB -c -I../Inc -I../Drivers/STM32F1xx_HAL_Driver/Inc -I../Drivers/STM32F1xx_HAL_Driver/Inc/Legacy -I../Drivers/CMSIS/Device/ST/STM32F1xx/Include -I../Drivers/CMSIS/Include -Og -ffunction-sections -Wall -fstack-usage -fcyclomatic-complexity -MMD -MP -MF"Drivers/STM32F1xx_HAL_Driver/Src/stm32f1xx_hal_tim.d" -MT"Drivers/STM32F1xx_HAL_Driver/Src/stm32f1xx_hal_tim.o" --specs=nano.specs -mfloat-abi=soft -mthumb -o "Drivers/STM32F1xx_HAL_Driver/Src/stm32f1xx_hal_tim.o"
arm-none-eabi-gcc "../Drivers/STM32F1xx_HAL_Driver/Src/stm32f1xx_hal_tim_ex.c" -mcpu=cortex-m3 -std=gnu11 -g3 -DUSE_HAL_DRIVER -DSTM32F103xB -c -I../Inc -I../Drivers/STM32F1xx_HAL_Driver/Inc -I../Drivers/STM32F1xx_HAL_Driver/Inc/Legacy -I../Drivers/CMSIS/Device/ST/STM32F1xx/Include -I../Drivers/CMSIS/Include -Og -ffunction-sections -Wall -fstack-usage -fcyclomatic-complexity -MMD -MP -MF"Drivers/STM32F1xx_HAL_Driver/Src/stm32f1xx_hal_tim_ex.d" -MT"Drivers/STM32F1xx_HAL_Driver/Src/stm32f1xx_hal_tim_ex.o" --specs=nano.specs -mfloat-abi=soft -mthumb -o "Drivers/STM32F1xx_HAL_Driver/Src/stm32f1xx_hal_tim_ex.o"
arm-none-eabi-gcc "../Drivers/STM32F1xx_HAL_Driver/Src/stm32f1xx_hal_uart.c" -mcpu=cortex-m3 -std=gnu11 -g3 -DUSE_HAL_DRIVER -DSTM32F103xB -c -I../Inc -I../Drivers/STM32F1xx_HAL_Driver/Inc -I../Drivers/STM32F1xx_HAL_Driver/Inc/Legacy -I../Drivers/CMSIS/Device/ST/STM32F1xx/Include -I../Drivers/CMSIS/Include -Og -ffunction-sections -Wall -fstack-usage -fcyclomatic-complexity -MMD -MP -MF"Drivers/STM32F1xx_HAL_Driver/Src/stm32f1xx_hal_uart.d" -MT"Drivers/STM32F1xx_HAL_Driver/Src/stm32f1xx_hal_uart.o" --specs=nano.specs -mfloat-abi=soft -mthumb -o "Drivers/STM32F1xx_HAL_Driver/Src/stm32f1xx_hal_uart.o"
arm-none-eabi-gcc -o "Digital_Syncro_ROME_0.1.elf" @"objects.list"   -mcpu=cortex-m3 -T"../STM32F103C8Tx_FLASH.ld" --specs=nosys.specs -Wl,-Map="Digital_Syncro_ROME_0.1.map" -Wl,--gc-sections -static --specs=nano.specs -mfloat-abi=soft -mthumb -u _printf_float -Wl,--start-group -lc -lm -Wl,--end-group
C:/ST/STM32CubeIDE_1.17.0/STM32CubeIDE/plugins/com.st.stm32cube.ide.mcu.externaltools.gnu-tools-for-stm32.12.3.rel1.win32_1.1.0.202410251130/tools/bin/../lib/gcc/arm-none-eabi/12.3.1/../../../../arm-none-eabi/bin/ld.exe: warning: Digital_Syncro_ROME_0.1.elf has a LOAD segment with RWX permissions
Finished building target: Digital_Syncro_ROME_0.1.elf
 
arm-none-eabi-size  Digital_Syncro_ROME_0.1.elf 
   text	   data	    bss	    dec	    hex	filename
  39816	    500	   3308	  43624	   aa68	Digital_Syncro_ROME_0.1.elf
Finished building: default.size.stdout
 
arm-none-eabi-objdump -h -S Digital_Syncro_ROME_0.1.elf  > "Digital_Syncro_ROME_0.1.list"
Finished building: Digital_Syncro_ROME_0.1.list
 
arm-none-eabi-objcopy  -O ihex Digital_Syncro_ROME_0.1.elf  "Digital_Syncro_ROME_0.1.hex"
Finished building: Digital_Syncro_ROME_0.1.hex
 
13:30:16 **** Incremental Build of configuration Debug for project Digital_Syncro_ROME_0.1 ****
make all 
arm-none-eabi-gcc "../Src/main.c" -mcpu=cortex-m3 -std=gnu11 -g3 -DUSE_HAL_DRIVER -DSTM32F103xB -c -I../Inc -I../Drivers/STM32F1xx_HAL_Driver/Inc -I../Drivers/STM32F1xx_HAL_Driver/Inc/Legacy -I../Drivers/CMSIS/Device/ST/STM32F1xx/Include -I../Drivers/CMSIS/Include -Og -ffunction-sections -Wall -fstack-usage -fcyclomatic-complexity -MMD -MP -MF"Src/main.d" -MT"Src/main.o" --specs=nano.specs -mfloat-abi=soft -mthumb -o "Src/main.o"
../Src/main.c: In function 'main':
../Src/main.c:237:65: warning: 'sprintf' may write a terminating nul past the end of the destination [-Wformat-overflow=]
  237 |                     sprintf(txt, "Dev#%d Init: %u (%.2f deg)\r\n", DEVICE_ID, digital_val, syncro_val);
      |                                                                 ^
../Src/main.c:237:21: note: 'sprintf' output between 26 and 340 bytes into a destination of size 30
  237 |                     sprintf(txt, "Dev#%d Init: %u (%.2f deg)\r\n", DEVICE_ID, digital_val, syncro_val);
      |                     ^~~~~~~~~~~~~~~~~~~~~~~~~~~~~~~~~~~~~~~~~~~~~~~~~~~~~~~~~~~~~~~~~~~~~~~~~~~~~~~~~~
../Src/main.c:207:64: warning: '%02X' directive writing 2 bytes into a region of size 0 [-Wformat-overflow=]
  207 |                 sprintf(txt, "Dev#%d: Invalid header (0x%02X 0x%02X)\r\n",
      |                                                                ^~~~
../Src/main.c:207:30: note: directive argument in the range [0, 255]
  207 |                 sprintf(txt, "Dev#%d: Invalid header (0x%02X 0x%02X)\r\n",
      |                              ^~~~~~~~~~~~~~~~~~~~~~~~~~~~~~~~~~~~~~~~~~~~
../Src/main.c:207:17: note: 'sprintf' output 36 bytes into a destination of size 30
  207 |                 sprintf(txt, "Dev#%d: Invalid header (0x%02X 0x%02X)\r\n",
      |                 ^~~~~~~~~~~~~~~~~~~~~~~~~~~~~~~~~~~~~~~~~~~~~~~~~~~~~~~~~~
  208 |                         DEVICE_ID, bytes[0], bytes[1]);
      |                         ~~~~~~~~~~~~~~~~~~~~~~~~~~~~~~
../Src/main.c:201:60: warning: '%d' directive writing between 1 and 2 bytes into a region of size 0 [-Wformat-overflow=]
  201 |               sprintf(txt, "Dev#%d: Expected 15 bytes, got %d\r\n", DEVICE_ID, byte_index);
      |                                                            ^~
../Src/main.c:201:28: note: directive argument in the range [0, 14]
  201 |               sprintf(txt, "Dev#%d: Expected 15 bytes, got %d\r\n", DEVICE_ID, byte_index);
      |                            ^~~~~~~~~~~~~~~~~~~~~~~~~~~~~~~~~~~~~~~
../Src/main.c:201:15: note: 'sprintf' output between 34 and 35 bytes into a destination of size 30
  201 |               sprintf(txt, "Dev#%d: Expected 15 bytes, got %d\r\n", DEVICE_ID, byte_index);
      |               ^~~~~~~~~~~~~~~~~~~~~~~~~~~~~~~~~~~~~~~~~~~~~~~~~~~~~~~~~~~~~~~~~~~~~~~~~~~~
arm-none-eabi-gcc -o "Digital_Syncro_ROME_0.1.elf" @"objects.list"   -mcpu=cortex-m3 -T"../STM32F103C8Tx_FLASH.ld" --specs=nosys.specs -Wl,-Map="Digital_Syncro_ROME_0.1.map" -Wl,--gc-sections -static --specs=nano.specs -mfloat-abi=soft -mthumb -u _printf_float -Wl,--start-group -lc -lm -Wl,--end-group
C:/ST/STM32CubeIDE_1.17.0/STM32CubeIDE/plugins/com.st.stm32cube.ide.mcu.externaltools.gnu-tools-for-stm32.12.3.rel1.win32_1.1.0.202410251130/tools/bin/../lib/gcc/arm-none-eabi/12.3.1/../../../../arm-none-eabi/bin/ld.exe: warning: Digital_Syncro_ROME_0.1.elf has a LOAD segment with RWX permissions
Finished building target: Digital_Syncro_ROME_0.1.elf
 
arm-none-eabi-size  Digital_Syncro_ROME_0.1.elf 
   text	   data	    bss	    dec	    hex	filename
  39816	    500	   3308	  43624	   aa68	Digital_Syncro_ROME_0.1.elf
Finished building: default.size.stdout
 
arm-none-eabi-objdump -h -S Digital_Syncro_ROME_0.1.elf  > "Digital_Syncro_ROME_0.1.list"
Finished building: Digital_Syncro_ROME_0.1.list
 
arm-none-eabi-objcopy  -O ihex Digital_Syncro_ROME_0.1.elf  "Digital_Syncro_ROME_0.1.hex"
Finished building: Digital_Syncro_ROME_0.1.hex
 
13:33:33 **** Incremental Build of configuration Debug for project Digital_Syncro_ROME_0.1 ****
make all 
arm-none-eabi-gcc "../Src/main.c" -mcpu=cortex-m3 -std=gnu11 -g3 -DUSE_HAL_DRIVER -DSTM32F103xB -c -I../Inc -I../Drivers/STM32F1xx_HAL_Driver/Inc -I../Drivers/STM32F1xx_HAL_Driver/Inc/Legacy -I../Drivers/CMSIS/Device/ST/STM32F1xx/Include -I../Drivers/CMSIS/Include -Og -ffunction-sections -Wall -fstack-usage -fcyclomatic-complexity -MMD -MP -MF"Src/main.d" -MT"Src/main.o" --specs=nano.specs -mfloat-abi=soft -mthumb -o "Src/main.o"
../Src/main.c: In function 'main':
../Src/main.c:237:65: warning: 'sprintf' may write a terminating nul past the end of the destination [-Wformat-overflow=]
  237 |                     sprintf(txt, "Dev#%d Init: %u (%.2f deg)\r\n", DEVICE_ID, digital_val, syncro_val);
      |                                                                 ^
../Src/main.c:237:21: note: 'sprintf' output between 26 and 340 bytes into a destination of size 30
  237 |                     sprintf(txt, "Dev#%d Init: %u (%.2f deg)\r\n", DEVICE_ID, digital_val, syncro_val);
      |                     ^~~~~~~~~~~~~~~~~~~~~~~~~~~~~~~~~~~~~~~~~~~~~~~~~~~~~~~~~~~~~~~~~~~~~~~~~~~~~~~~~~
../Src/main.c:207:64: warning: '%02X' directive writing 2 bytes into a region of size 0 [-Wformat-overflow=]
  207 |                 sprintf(txt, "Dev#%d: Invalid header (0x%02X 0x%02X)\r\n",
      |                                                                ^~~~
../Src/main.c:207:30: note: directive argument in the range [0, 255]
  207 |                 sprintf(txt, "Dev#%d: Invalid header (0x%02X 0x%02X)\r\n",
      |                              ^~~~~~~~~~~~~~~~~~~~~~~~~~~~~~~~~~~~~~~~~~~~
../Src/main.c:207:17: note: 'sprintf' output 36 bytes into a destination of size 30
  207 |                 sprintf(txt, "Dev#%d: Invalid header (0x%02X 0x%02X)\r\n",
      |                 ^~~~~~~~~~~~~~~~~~~~~~~~~~~~~~~~~~~~~~~~~~~~~~~~~~~~~~~~~~
  208 |                         DEVICE_ID, bytes[0], bytes[1]);
      |                         ~~~~~~~~~~~~~~~~~~~~~~~~~~~~~~
../Src/main.c:201:60: warning: '%d' directive writing between 1 and 2 bytes into a region of size 0 [-Wformat-overflow=]
  201 |               sprintf(txt, "Dev#%d: Expected 15 bytes, got %d\r\n", DEVICE_ID, byte_index);
      |                                                            ^~
../Src/main.c:201:28: note: directive argument in the range [0, 14]
  201 |               sprintf(txt, "Dev#%d: Expected 15 bytes, got %d\r\n", DEVICE_ID, byte_index);
      |                            ^~~~~~~~~~~~~~~~~~~~~~~~~~~~~~~~~~~~~~~
../Src/main.c:201:15: note: 'sprintf' output between 34 and 35 bytes into a destination of size 30
  201 |               sprintf(txt, "Dev#%d: Expected 15 bytes, got %d\r\n", DEVICE_ID, byte_index);
      |               ^~~~~~~~~~~~~~~~~~~~~~~~~~~~~~~~~~~~~~~~~~~~~~~~~~~~~~~~~~~~~~~~~~~~~~~~~~~~
arm-none-eabi-gcc -o "Digital_Syncro_ROME_0.1.elf" @"objects.list"   -mcpu=cortex-m3 -T"../STM32F103C8Tx_FLASH.ld" --specs=nosys.specs -Wl,-Map="Digital_Syncro_ROME_0.1.map" -Wl,--gc-sections -static --specs=nano.specs -mfloat-abi=soft -mthumb -u _printf_float -Wl,--start-group -lc -lm -Wl,--end-group
C:/ST/STM32CubeIDE_1.17.0/STM32CubeIDE/plugins/com.st.stm32cube.ide.mcu.externaltools.gnu-tools-for-stm32.12.3.rel1.win32_1.1.0.202410251130/tools/bin/../lib/gcc/arm-none-eabi/12.3.1/../../../../arm-none-eabi/bin/ld.exe: warning: Digital_Syncro_ROME_0.1.elf has a LOAD segment with RWX permissions
Finished building target: Digital_Syncro_ROME_0.1.elf
 
arm-none-eabi-size  Digital_Syncro_ROME_0.1.elf 
   text	   data	    bss	    dec	    hex	filename
  39816	    500	   3308	  43624	   aa68	Digital_Syncro_ROME_0.1.elf
Finished building: default.size.stdout
 
arm-none-eabi-objdump -h -S Digital_Syncro_ROME_0.1.elf  > "Digital_Syncro_ROME_0.1.list"
Finished building: Digital_Syncro_ROME_0.1.list
 
arm-none-eabi-objcopy  -O ihex Digital_Syncro_ROME_0.1.elf  "Digital_Syncro_ROME_0.1.hex"
Finished building: Digital_Syncro_ROME_0.1.hex
 
13:33:58 **** Incremental Build of configuration Debug for project Digital_Syncro_ROME_0.1 ****
make all 
arm-none-eabi-gcc "../Src/dsc_rome_16b.c" -mcpu=cortex-m3 -std=gnu11 -g3 -DUSE_HAL_DRIVER -DSTM32F103xB -c -I../Inc -I../Drivers/STM32F1xx_HAL_Driver/Inc -I../Drivers/STM32F1xx_HAL_Driver/Inc/Legacy -I../Drivers/CMSIS/Device/ST/STM32F1xx/Include -I../Drivers/CMSIS/Include -Og -ffunction-sections -Wall -fstack-usage -fcyclomatic-complexity -MMD -MP -MF"Src/dsc_rome_16b.d" -MT"Src/dsc_rome_16b.o" --specs=nano.specs -mfloat-abi=soft -mthumb -o "Src/dsc_rome_16b.o"
arm-none-eabi-gcc "../Src/main.c" -mcpu=cortex-m3 -std=gnu11 -g3 -DUSE_HAL_DRIVER -DSTM32F103xB -c -I../Inc -I../Drivers/STM32F1xx_HAL_Driver/Inc -I../Drivers/STM32F1xx_HAL_Driver/Inc/Legacy -I../Drivers/CMSIS/Device/ST/STM32F1xx/Include -I../Drivers/CMSIS/Include -Og -ffunction-sections -Wall -fstack-usage -fcyclomatic-complexity -MMD -MP -MF"Src/main.d" -MT"Src/main.o" --specs=nano.specs -mfloat-abi=soft -mthumb -o "Src/main.o"
../Src/main.c: In function 'main':
../Src/main.c:237:65: warning: 'sprintf' may write a terminating nul past the end of the destination [-Wformat-overflow=]
  237 |                     sprintf(txt, "Dev#%d Init: %u (%.2f deg)\r\n", DEVICE_ID, digital_val, syncro_val);
      |                                                                 ^
../Src/main.c:237:21: note: 'sprintf' output between 26 and 340 bytes into a destination of size 30
  237 |                     sprintf(txt, "Dev#%d Init: %u (%.2f deg)\r\n", DEVICE_ID, digital_val, syncro_val);
      |                     ^~~~~~~~~~~~~~~~~~~~~~~~~~~~~~~~~~~~~~~~~~~~~~~~~~~~~~~~~~~~~~~~~~~~~~~~~~~~~~~~~~
../Src/main.c:207:64: warning: '%02X' directive writing 2 bytes into a region of size 0 [-Wformat-overflow=]
  207 |                 sprintf(txt, "Dev#%d: Invalid header (0x%02X 0x%02X)\r\n",
      |                                                                ^~~~
../Src/main.c:207:30: note: directive argument in the range [0, 255]
  207 |                 sprintf(txt, "Dev#%d: Invalid header (0x%02X 0x%02X)\r\n",
      |                              ^~~~~~~~~~~~~~~~~~~~~~~~~~~~~~~~~~~~~~~~~~~~
../Src/main.c:207:17: note: 'sprintf' output 36 bytes into a destination of size 30
  207 |                 sprintf(txt, "Dev#%d: Invalid header (0x%02X 0x%02X)\r\n",
      |                 ^~~~~~~~~~~~~~~~~~~~~~~~~~~~~~~~~~~~~~~~~~~~~~~~~~~~~~~~~~
  208 |                         DEVICE_ID, bytes[0], bytes[1]);
      |                         ~~~~~~~~~~~~~~~~~~~~~~~~~~~~~~
../Src/main.c:201:60: warning: '%d' directive writing between 1 and 2 bytes into a region of size 0 [-Wformat-overflow=]
  201 |               sprintf(txt, "Dev#%d: Expected 15 bytes, got %d\r\n", DEVICE_ID, byte_index);
      |                                                            ^~
../Src/main.c:201:28: note: directive argument in the range [0, 14]
  201 |               sprintf(txt, "Dev#%d: Expected 15 bytes, got %d\r\n", DEVICE_ID, byte_index);
      |                            ^~~~~~~~~~~~~~~~~~~~~~~~~~~~~~~~~~~~~~~
../Src/main.c:201:15: note: 'sprintf' output between 34 and 35 bytes into a destination of size 30
  201 |               sprintf(txt, "Dev#%d: Expected 15 bytes, got %d\r\n", DEVICE_ID, byte_index);
      |               ^~~~~~~~~~~~~~~~~~~~~~~~~~~~~~~~~~~~~~~~~~~~~~~~~~~~~~~~~~~~~~~~~~~~~~~~~~~~
arm-none-eabi-gcc "../Src/stm32f1xx_hal_msp.c" -mcpu=cortex-m3 -std=gnu11 -g3 -DUSE_HAL_DRIVER -DSTM32F103xB -c -I../Inc -I../Drivers/STM32F1xx_HAL_Driver/Inc -I../Drivers/STM32F1xx_HAL_Driver/Inc/Legacy -I../Drivers/CMSIS/Device/ST/STM32F1xx/Include -I../Drivers/CMSIS/Include -Og -ffunction-sections -Wall -fstack-usage -fcyclomatic-complexity -MMD -MP -MF"Src/stm32f1xx_hal_msp.d" -MT"Src/stm32f1xx_hal_msp.o" --specs=nano.specs -mfloat-abi=soft -mthumb -o "Src/stm32f1xx_hal_msp.o"
arm-none-eabi-gcc "../Src/stm32f1xx_it.c" -mcpu=cortex-m3 -std=gnu11 -g3 -DUSE_HAL_DRIVER -DSTM32F103xB -c -I../Inc -I../Drivers/STM32F1xx_HAL_Driver/Inc -I../Drivers/STM32F1xx_HAL_Driver/Inc/Legacy -I../Drivers/CMSIS/Device/ST/STM32F1xx/Include -I../Drivers/CMSIS/Include -Og -ffunction-sections -Wall -fstack-usage -fcyclomatic-complexity -MMD -MP -MF"Src/stm32f1xx_it.d" -MT"Src/stm32f1xx_it.o" --specs=nano.specs -mfloat-abi=soft -mthumb -o "Src/stm32f1xx_it.o"
arm-none-eabi-gcc -o "Digital_Syncro_ROME_0.1.elf" @"objects.list"   -mcpu=cortex-m3 -T"../STM32F103C8Tx_FLASH.ld" --specs=nosys.specs -Wl,-Map="Digital_Syncro_ROME_0.1.map" -Wl,--gc-sections -static --specs=nano.specs -mfloat-abi=soft -mthumb -u _printf_float -Wl,--start-group -lc -lm -Wl,--end-group
C:/ST/STM32CubeIDE_1.17.0/STM32CubeIDE/plugins/com.st.stm32cube.ide.mcu.externaltools.gnu-tools-for-stm32.12.3.rel1.win32_1.1.0.202410251130/tools/bin/../lib/gcc/arm-none-eabi/12.3.1/../../../../arm-none-eabi/bin/ld.exe: warning: Digital_Syncro_ROME_0.1.elf has a LOAD segment with RWX permissions
Finished building target: Digital_Syncro_ROME_0.1.elf
 
arm-none-eabi-size  Digital_Syncro_ROME_0.1.elf 
   text	   data	    bss	    dec	    hex	filename
  39840	    500	   3308	  43648	   aa80	Digital_Syncro_ROME_0.1.elf
Finished building: default.size.stdout
 
arm-none-eabi-objdump -h -S Digital_Syncro_ROME_0.1.elf  > "Digital_Syncro_ROME_0.1.list"
Finished building: Digital_Syncro_ROME_0.1.list
 
arm-none-eabi-objcopy  -O ihex Digital_Syncro_ROME_0.1.elf  "Digital_Syncro_ROME_0.1.hex"
Finished building: Digital_Syncro_ROME_0.1.hex
 
13:37:04 **** Incremental Build of configuration Debug for project Digital_Syncro_ROME_0.1 ****
make all 
arm-none-eabi-gcc "../Src/dsc_rome_16b.c" -mcpu=cortex-m3 -std=gnu11 -g3 -DUSE_HAL_DRIVER -DSTM32F103xB -c -I../Inc -I../Drivers/STM32F1xx_HAL_Driver/Inc -I../Drivers/STM32F1xx_HAL_Driver/Inc/Legacy -I../Drivers/CMSIS/Device/ST/STM32F1xx/Include -I../Drivers/CMSIS/Include -Og -ffunction-sections -Wall -fstack-usage -fcyclomatic-complexity -MMD -MP -MF"Src/dsc_rome_16b.d" -MT"Src/dsc_rome_16b.o" --specs=nano.specs -mfloat-abi=soft -mthumb -o "Src/dsc_rome_16b.o"
arm-none-eabi-gcc "../Src/main.c" -mcpu=cortex-m3 -std=gnu11 -g3 -DUSE_HAL_DRIVER -DSTM32F103xB -c -I../Inc -I../Drivers/STM32F1xx_HAL_Driver/Inc -I../Drivers/STM32F1xx_HAL_Driver/Inc/Legacy -I../Drivers/CMSIS/Device/ST/STM32F1xx/Include -I../Drivers/CMSIS/Include -Og -ffunction-sections -Wall -fstack-usage -fcyclomatic-complexity -MMD -MP -MF"Src/main.d" -MT"Src/main.o" --specs=nano.specs -mfloat-abi=soft -mthumb -o "Src/main.o"
../Src/main.c: In function 'main':
../Src/main.c:237:65: warning: 'sprintf' may write a terminating nul past the end of the destination [-Wformat-overflow=]
  237 |                     sprintf(txt, "Dev#%d Init: %u (%.2f deg)\r\n", DEVICE_ID, digital_val, syncro_val);
      |                                                                 ^
../Src/main.c:237:21: note: 'sprintf' output between 26 and 340 bytes into a destination of size 30
  237 |                     sprintf(txt, "Dev#%d Init: %u (%.2f deg)\r\n", DEVICE_ID, digital_val, syncro_val);
      |                     ^~~~~~~~~~~~~~~~~~~~~~~~~~~~~~~~~~~~~~~~~~~~~~~~~~~~~~~~~~~~~~~~~~~~~~~~~~~~~~~~~~
../Src/main.c:207:64: warning: '%02X' directive writing 2 bytes into a region of size 0 [-Wformat-overflow=]
  207 |                 sprintf(txt, "Dev#%d: Invalid header (0x%02X 0x%02X)\r\n",
      |                                                                ^~~~
../Src/main.c:207:30: note: directive argument in the range [0, 255]
  207 |                 sprintf(txt, "Dev#%d: Invalid header (0x%02X 0x%02X)\r\n",
      |                              ^~~~~~~~~~~~~~~~~~~~~~~~~~~~~~~~~~~~~~~~~~~~
../Src/main.c:207:17: note: 'sprintf' output 36 bytes into a destination of size 30
  207 |                 sprintf(txt, "Dev#%d: Invalid header (0x%02X 0x%02X)\r\n",
      |                 ^~~~~~~~~~~~~~~~~~~~~~~~~~~~~~~~~~~~~~~~~~~~~~~~~~~~~~~~~~
  208 |                         DEVICE_ID, bytes[0], bytes[1]);
      |                         ~~~~~~~~~~~~~~~~~~~~~~~~~~~~~~
../Src/main.c:201:60: warning: '%d' directive writing between 1 and 2 bytes into a region of size 0 [-Wformat-overflow=]
  201 |               sprintf(txt, "Dev#%d: Expected 15 bytes, got %d\r\n", DEVICE_ID, byte_index);
      |                                                            ^~
../Src/main.c:201:28: note: directive argument in the range [0, 14]
  201 |               sprintf(txt, "Dev#%d: Expected 15 bytes, got %d\r\n", DEVICE_ID, byte_index);
      |                            ^~~~~~~~~~~~~~~~~~~~~~~~~~~~~~~~~~~~~~~
../Src/main.c:201:15: note: 'sprintf' output between 34 and 35 bytes into a destination of size 30
  201 |               sprintf(txt, "Dev#%d: Expected 15 bytes, got %d\r\n", DEVICE_ID, byte_index);
      |               ^~~~~~~~~~~~~~~~~~~~~~~~~~~~~~~~~~~~~~~~~~~~~~~~~~~~~~~~~~~~~~~~~~~~~~~~~~~~
arm-none-eabi-gcc "../Src/stm32f1xx_hal_msp.c" -mcpu=cortex-m3 -std=gnu11 -g3 -DUSE_HAL_DRIVER -DSTM32F103xB -c -I../Inc -I../Drivers/STM32F1xx_HAL_Driver/Inc -I../Drivers/STM32F1xx_HAL_Driver/Inc/Legacy -I../Drivers/CMSIS/Device/ST/STM32F1xx/Include -I../Drivers/CMSIS/Include -Og -ffunction-sections -Wall -fstack-usage -fcyclomatic-complexity -MMD -MP -MF"Src/stm32f1xx_hal_msp.d" -MT"Src/stm32f1xx_hal_msp.o" --specs=nano.specs -mfloat-abi=soft -mthumb -o "Src/stm32f1xx_hal_msp.o"
arm-none-eabi-gcc "../Src/stm32f1xx_it.c" -mcpu=cortex-m3 -std=gnu11 -g3 -DUSE_HAL_DRIVER -DSTM32F103xB -c -I../Inc -I../Drivers/STM32F1xx_HAL_Driver/Inc -I../Drivers/STM32F1xx_HAL_Driver/Inc/Legacy -I../Drivers/CMSIS/Device/ST/STM32F1xx/Include -I../Drivers/CMSIS/Include -Og -ffunction-sections -Wall -fstack-usage -fcyclomatic-complexity -MMD -MP -MF"Src/stm32f1xx_it.d" -MT"Src/stm32f1xx_it.o" --specs=nano.specs -mfloat-abi=soft -mthumb -o "Src/stm32f1xx_it.o"
arm-none-eabi-gcc -o "Digital_Syncro_ROME_0.1.elf" @"objects.list"   -mcpu=cortex-m3 -T"../STM32F103C8Tx_FLASH.ld" --specs=nosys.specs -Wl,-Map="Digital_Syncro_ROME_0.1.map" -Wl,--gc-sections -static --specs=nano.specs -mfloat-abi=soft -mthumb -u _printf_float -Wl,--start-group -lc -lm -Wl,--end-group
C:/ST/STM32CubeIDE_1.17.0/STM32CubeIDE/plugins/com.st.stm32cube.ide.mcu.externaltools.gnu-tools-for-stm32.12.3.rel1.win32_1.1.0.202410251130/tools/bin/../lib/gcc/arm-none-eabi/12.3.1/../../../../arm-none-eabi/bin/ld.exe: warning: Digital_Syncro_ROME_0.1.elf has a LOAD segment with RWX permissions
Finished building target: Digital_Syncro_ROME_0.1.elf
 
arm-none-eabi-size  Digital_Syncro_ROME_0.1.elf 
   text	   data	    bss	    dec	    hex	filename
  39816	    500	   3308	  43624	   aa68	Digital_Syncro_ROME_0.1.elf
Finished building: default.size.stdout
 
arm-none-eabi-objdump -h -S Digital_Syncro_ROME_0.1.elf  > "Digital_Syncro_ROME_0.1.list"
Finished building: Digital_Syncro_ROME_0.1.list
 
arm-none-eabi-objcopy  -O ihex Digital_Syncro_ROME_0.1.elf  "Digital_Syncro_ROME_0.1.hex"
Finished building: Digital_Syncro_ROME_0.1.hex
 
14:03:04 **** Incremental Build of configuration Debug for project Digital_Syncro_ROME_0.1 ****
make all 
arm-none-eabi-gcc "../Src/dsc_rome_16b.c" -mcpu=cortex-m3 -std=gnu11 -g3 -DUSE_HAL_DRIVER -DSTM32F103xB -c -I../Inc -I../Drivers/STM32F1xx_HAL_Driver/Inc -I../Drivers/STM32F1xx_HAL_Driver/Inc/Legacy -I../Drivers/CMSIS/Device/ST/STM32F1xx/Include -I../Drivers/CMSIS/Include -Og -ffunction-sections -Wall -fstack-usage -fcyclomatic-complexity -MMD -MP -MF"Src/dsc_rome_16b.d" -MT"Src/dsc_rome_16b.o" --specs=nano.specs -mfloat-abi=soft -mthumb -o "Src/dsc_rome_16b.o"
arm-none-eabi-gcc "../Src/stm32f1xx_hal_msp.c" -mcpu=cortex-m3 -std=gnu11 -g3 -DUSE_HAL_DRIVER -DSTM32F103xB -c -I../Inc -I../Drivers/STM32F1xx_HAL_Driver/Inc -I../Drivers/STM32F1xx_HAL_Driver/Inc/Legacy -I../Drivers/CMSIS/Device/ST/STM32F1xx/Include -I../Drivers/CMSIS/Include -Og -ffunction-sections -Wall -fstack-usage -fcyclomatic-complexity -MMD -MP -MF"Src/stm32f1xx_hal_msp.d" -MT"Src/stm32f1xx_hal_msp.o" --specs=nano.specs -mfloat-abi=soft -mthumb -o "Src/stm32f1xx_hal_msp.o"
arm-none-eabi-gcc "../Src/stm32f1xx_it.c" -mcpu=cortex-m3 -std=gnu11 -g3 -DUSE_HAL_DRIVER -DSTM32F103xB -c -I../Inc -I../Drivers/STM32F1xx_HAL_Driver/Inc -I../Drivers/STM32F1xx_HAL_Driver/Inc/Legacy -I../Drivers/CMSIS/Device/ST/STM32F1xx/Include -I../Drivers/CMSIS/Include -Og -ffunction-sections -Wall -fstack-usage -fcyclomatic-complexity -MMD -MP -MF"Src/stm32f1xx_it.d" -MT"Src/stm32f1xx_it.o" --specs=nano.specs -mfloat-abi=soft -mthumb -o "Src/stm32f1xx_it.o"
arm-none-eabi-gcc -o "Digital_Syncro_ROME_0.1.elf" @"objects.list"   -mcpu=cortex-m3 -T"../STM32F103C8Tx_FLASH.ld" --specs=nosys.specs -Wl,-Map="Digital_Syncro_ROME_0.1.map" -Wl,--gc-sections -static --specs=nano.specs -mfloat-abi=soft -mthumb -u _printf_float -Wl,--start-group -lc -lm -Wl,--end-group
C:/ST/STM32CubeIDE_1.17.0/STM32CubeIDE/plugins/com.st.stm32cube.ide.mcu.externaltools.gnu-tools-for-stm32.12.3.rel1.win32_1.1.0.202410251130/tools/bin/../lib/gcc/arm-none-eabi/12.3.1/../../../../arm-none-eabi/bin/ld.exe: warning: Digital_Syncro_ROME_0.1.elf has a LOAD segment with RWX permissions
Finished building target: Digital_Syncro_ROME_0.1.elf
 
arm-none-eabi-size  Digital_Syncro_ROME_0.1.elf 
   text	   data	    bss	    dec	    hex	filename
  39816	    500	   3308	  43624	   aa68	Digital_Syncro_ROME_0.1.elf
Finished building: default.size.stdout
 
arm-none-eabi-objdump -h -S Digital_Syncro_ROME_0.1.elf  > "Digital_Syncro_ROME_0.1.list"
Finished building: Digital_Syncro_ROME_0.1.list
 
arm-none-eabi-objcopy  -O ihex Digital_Syncro_ROME_0.1.elf  "Digital_Syncro_ROME_0.1.hex"
Finished building: Digital_Syncro_ROME_0.1.hex
 
14:05:23 **** Incremental Build of configuration Debug for project Digital_Syncro_ROME_0.1 ****
make all 
arm-none-eabi-gcc -o "Digital_Syncro_ROME_0.1.elf" @"objects.list"   -mcpu=cortex-m3 -T"../STM32F103C8Tx_FLASH.ld" --specs=nosys.specs -Wl,-Map="Digital_Syncro_ROME_0.1.map" -Wl,--gc-sections -static --specs=nano.specs -mfloat-abi=soft -mthumb -u _printf_float -Wl,--start-group -lc -lm -Wl,--end-group
C:/ST/STM32CubeIDE_1.17.0/STM32CubeIDE/plugins/com.st.stm32cube.ide.mcu.externaltools.gnu-tools-for-stm32.12.3.rel1.win32_1.1.0.202410251130/tools/bin/../lib/gcc/arm-none-eabi/12.3.1/../../../../arm-none-eabi/bin/ld.exe: warning: Digital_Syncro_ROME_0.1.elf has a LOAD segment with RWX permissions
Finished building target: Digital_Syncro_ROME_0.1.elf
 
arm-none-eabi-size  Digital_Syncro_ROME_0.1.elf 
   text	   data	    bss	    dec	    hex	filename
  39816	    500	   3308	  43624	   aa68	Digital_Syncro_ROME_0.1.elf
Finished building: default.size.stdout
 
arm-none-eabi-objdump -h -S Digital_Syncro_ROME_0.1.elf  > "Digital_Syncro_ROME_0.1.list"
Finished building: Digital_Syncro_ROME_0.1.list
 
arm-none-eabi-objcopy  -O ihex Digital_Syncro_ROME_0.1.elf  "Digital_Syncro_ROME_0.1.hex"
Finished building: Digital_Syncro_ROME_0.1.hex
 
14:06:14 **** Incremental Build of configuration Debug for project Digital_Syncro_ROME_0.1 ****
make all 
arm-none-eabi-gcc "../Src/main.c" -mcpu=cortex-m3 -std=gnu11 -g3 -DUSE_HAL_DRIVER -DSTM32F103xB -c -I../Inc -I../Drivers/STM32F1xx_HAL_Driver/Inc -I../Drivers/STM32F1xx_HAL_Driver/Inc/Legacy -I../Drivers/CMSIS/Device/ST/STM32F1xx/Include -I../Drivers/CMSIS/Include -Og -ffunction-sections -Wall -fstack-usage -fcyclomatic-complexity -MMD -MP -MF"Src/main.d" -MT"Src/main.o" --specs=nano.specs -mfloat-abi=soft -mthumb -o "Src/main.o"
../Src/main.c: In function 'main':
../Src/main.c:250:65: warning: 'sprintf' may write a terminating nul past the end of the destination [-Wformat-overflow=]
  250 |                     sprintf(txt, "Dev#%d Init: %u (%.2f deg)\r\n", DEVICE_ID, digital_val, syncro_val);
      |                                                                 ^
../Src/main.c:250:21: note: 'sprintf' output between 26 and 340 bytes into a destination of size 30
  250 |                     sprintf(txt, "Dev#%d Init: %u (%.2f deg)\r\n", DEVICE_ID, digital_val, syncro_val);
      |                     ^~~~~~~~~~~~~~~~~~~~~~~~~~~~~~~~~~~~~~~~~~~~~~~~~~~~~~~~~~~~~~~~~~~~~~~~~~~~~~~~~~
../Src/main.c:215:64: warning: '%02X' directive writing 2 bytes into a region of size 0 [-Wformat-overflow=]
  215 |                 sprintf(txt, "Dev#%d: Invalid header (0x%02X 0x%02X)\r\n",
      |                                                                ^~~~
../Src/main.c:215:30: note: directive argument in the range [0, 255]
  215 |                 sprintf(txt, "Dev#%d: Invalid header (0x%02X 0x%02X)\r\n",
      |                              ^~~~~~~~~~~~~~~~~~~~~~~~~~~~~~~~~~~~~~~~~~~~
../Src/main.c:215:17: note: 'sprintf' output 36 bytes into a destination of size 30
  215 |                 sprintf(txt, "Dev#%d: Invalid header (0x%02X 0x%02X)\r\n",
      |                 ^~~~~~~~~~~~~~~~~~~~~~~~~~~~~~~~~~~~~~~~~~~~~~~~~~~~~~~~~~
  216 |                         DEVICE_ID, bytes[0], bytes[1]);
      |                         ~~~~~~~~~~~~~~~~~~~~~~~~~~~~~~
../Src/main.c:209:60: warning: '%d' directive writing between 1 and 2 bytes into a region of size 0 [-Wformat-overflow=]
  209 |               sprintf(txt, "Dev#%d: Expected 15 bytes, got %d\r\n", DEVICE_ID, byte_index);
      |                                                            ^~
../Src/main.c:209:28: note: directive argument in the range [0, 14]
  209 |               sprintf(txt, "Dev#%d: Expected 15 bytes, got %d\r\n", DEVICE_ID, byte_index);
      |                            ^~~~~~~~~~~~~~~~~~~~~~~~~~~~~~~~~~~~~~~
../Src/main.c:209:15: note: 'sprintf' output between 34 and 35 bytes into a destination of size 30
  209 |               sprintf(txt, "Dev#%d: Expected 15 bytes, got %d\r\n", DEVICE_ID, byte_index);
      |               ^~~~~~~~~~~~~~~~~~~~~~~~~~~~~~~~~~~~~~~~~~~~~~~~~~~~~~~~~~~~~~~~~~~~~~~~~~~~
arm-none-eabi-gcc -o "Digital_Syncro_ROME_0.1.elf" @"objects.list"   -mcpu=cortex-m3 -T"../STM32F103C8Tx_FLASH.ld" --specs=nosys.specs -Wl,-Map="Digital_Syncro_ROME_0.1.map" -Wl,--gc-sections -static --specs=nano.specs -mfloat-abi=soft -mthumb -u _printf_float -Wl,--start-group -lc -lm -Wl,--end-group
C:/ST/STM32CubeIDE_1.17.0/STM32CubeIDE/plugins/com.st.stm32cube.ide.mcu.externaltools.gnu-tools-for-stm32.12.3.rel1.win32_1.1.0.202410251130/tools/bin/../lib/gcc/arm-none-eabi/12.3.1/../../../../arm-none-eabi/bin/ld.exe: warning: Digital_Syncro_ROME_0.1.elf has a LOAD segment with RWX permissions
Finished building target: Digital_Syncro_ROME_0.1.elf
 
arm-none-eabi-size  Digital_Syncro_ROME_0.1.elf 
   text	   data	    bss	    dec	    hex	filename
  39056	    500	   3308	  42864	   a770	Digital_Syncro_ROME_0.1.elf
Finished building: default.size.stdout
 
arm-none-eabi-objdump -h -S Digital_Syncro_ROME_0.1.elf  > "Digital_Syncro_ROME_0.1.list"
Finished building: Digital_Syncro_ROME_0.1.list
 
arm-none-eabi-objcopy  -O ihex Digital_Syncro_ROME_0.1.elf  "Digital_Syncro_ROME_0.1.hex"
Finished building: Digital_Syncro_ROME_0.1.hex
 
14:10:01 **** Incremental Build of configuration Debug for project Digital_Syncro_ROME_0.1 ****
make all 
arm-none-eabi-gcc "../Src/main.c" -mcpu=cortex-m3 -std=gnu11 -g3 -DUSE_HAL_DRIVER -DSTM32F103xB -c -I../Inc -I../Drivers/STM32F1xx_HAL_Driver/Inc -I../Drivers/STM32F1xx_HAL_Driver/Inc/Legacy -I../Drivers/CMSIS/Device/ST/STM32F1xx/Include -I../Drivers/CMSIS/Include -Og -ffunction-sections -Wall -fstack-usage -fcyclomatic-complexity -MMD -MP -MF"Src/main.d" -MT"Src/main.o" --specs=nano.specs -mfloat-abi=soft -mthumb -o "Src/main.o"
../Src/main.c: In function 'main':
../Src/main.c:250:65: warning: 'sprintf' may write a terminating nul past the end of the destination [-Wformat-overflow=]
  250 |                     sprintf(txt, "Dev#%d Init: %u (%.2f deg)\r\n", DEVICE_ID, digital_val, syncro_val);
      |                                                                 ^
../Src/main.c:250:21: note: 'sprintf' output between 26 and 340 bytes into a destination of size 30
  250 |                     sprintf(txt, "Dev#%d Init: %u (%.2f deg)\r\n", DEVICE_ID, digital_val, syncro_val);
      |                     ^~~~~~~~~~~~~~~~~~~~~~~~~~~~~~~~~~~~~~~~~~~~~~~~~~~~~~~~~~~~~~~~~~~~~~~~~~~~~~~~~~
../Src/main.c:215:64: warning: '%02X' directive writing 2 bytes into a region of size 0 [-Wformat-overflow=]
  215 |                 sprintf(txt, "Dev#%d: Invalid header (0x%02X 0x%02X)\r\n",
      |                                                                ^~~~
../Src/main.c:215:30: note: directive argument in the range [0, 255]
  215 |                 sprintf(txt, "Dev#%d: Invalid header (0x%02X 0x%02X)\r\n",
      |                              ^~~~~~~~~~~~~~~~~~~~~~~~~~~~~~~~~~~~~~~~~~~~
../Src/main.c:215:17: note: 'sprintf' output 36 bytes into a destination of size 30
  215 |                 sprintf(txt, "Dev#%d: Invalid header (0x%02X 0x%02X)\r\n",
      |                 ^~~~~~~~~~~~~~~~~~~~~~~~~~~~~~~~~~~~~~~~~~~~~~~~~~~~~~~~~~
  216 |                         DEVICE_ID, bytes[0], bytes[1]);
      |                         ~~~~~~~~~~~~~~~~~~~~~~~~~~~~~~
../Src/main.c:209:60: warning: '%d' directive writing between 1 and 2 bytes into a region of size 0 [-Wformat-overflow=]
  209 |               sprintf(txt, "Dev#%d: Expected 15 bytes, got %d\r\n", DEVICE_ID, byte_index);
      |                                                            ^~
../Src/main.c:209:28: note: directive argument in the range [0, 14]
  209 |               sprintf(txt, "Dev#%d: Expected 15 bytes, got %d\r\n", DEVICE_ID, byte_index);
      |                            ^~~~~~~~~~~~~~~~~~~~~~~~~~~~~~~~~~~~~~~
../Src/main.c:209:15: note: 'sprintf' output between 34 and 35 bytes into a destination of size 30
  209 |               sprintf(txt, "Dev#%d: Expected 15 bytes, got %d\r\n", DEVICE_ID, byte_index);
      |               ^~~~~~~~~~~~~~~~~~~~~~~~~~~~~~~~~~~~~~~~~~~~~~~~~~~~~~~~~~~~~~~~~~~~~~~~~~~~
arm-none-eabi-gcc -o "Digital_Syncro_ROME_0.1.elf" @"objects.list"   -mcpu=cortex-m3 -T"../STM32F103C8Tx_FLASH.ld" --specs=nosys.specs -Wl,-Map="Digital_Syncro_ROME_0.1.map" -Wl,--gc-sections -static --specs=nano.specs -mfloat-abi=soft -mthumb -u _printf_float -Wl,--start-group -lc -lm -Wl,--end-group
C:/ST/STM32CubeIDE_1.17.0/STM32CubeIDE/plugins/com.st.stm32cube.ide.mcu.externaltools.gnu-tools-for-stm32.12.3.rel1.win32_1.1.0.202410251130/tools/bin/../lib/gcc/arm-none-eabi/12.3.1/../../../../arm-none-eabi/bin/ld.exe: warning: Digital_Syncro_ROME_0.1.elf has a LOAD segment with RWX permissions
Finished building target: Digital_Syncro_ROME_0.1.elf
 
arm-none-eabi-size  Digital_Syncro_ROME_0.1.elf 
   text	   data	    bss	    dec	    hex	filename
  39840	    500	   3308	  43648	   aa80	Digital_Syncro_ROME_0.1.elf
Finished building: default.size.stdout
 
arm-none-eabi-objdump -h -S Digital_Syncro_ROME_0.1.elf  > "Digital_Syncro_ROME_0.1.list"
Finished building: Digital_Syncro_ROME_0.1.list
 
arm-none-eabi-objcopy  -O ihex Digital_Syncro_ROME_0.1.elf  "Digital_Syncro_ROME_0.1.hex"
Finished building: Digital_Syncro_ROME_0.1.hex
 
14:16:34 **** Incremental Build of configuration Debug for project Digital_Syncro_ROME_0.1 ****
make all 
arm-none-eabi-gcc "../Src/main.c" -mcpu=cortex-m3 -std=gnu11 -g3 -DUSE_HAL_DRIVER -DSTM32F103xB -c -I../Inc -I../Drivers/STM32F1xx_HAL_Driver/Inc -I../Drivers/STM32F1xx_HAL_Driver/Inc/Legacy -I../Drivers/CMSIS/Device/ST/STM32F1xx/Include -I../Drivers/CMSIS/Include -Og -ffunction-sections -Wall -fstack-usage -fcyclomatic-complexity -MMD -MP -MF"Src/main.d" -MT"Src/main.o" --specs=nano.specs -mfloat-abi=soft -mthumb -o "Src/main.o"
../Src/main.c: In function 'main':
../Src/main.c:237:65: warning: 'sprintf' may write a terminating nul past the end of the destination [-Wformat-overflow=]
  237 |                     sprintf(txt, "Dev#%d Init: %u (%.2f deg)\r\n", DEVICE_ID, digital_val, syncro_val);
      |                                                                 ^
../Src/main.c:237:21: note: 'sprintf' output between 26 and 340 bytes into a destination of size 30
  237 |                     sprintf(txt, "Dev#%d Init: %u (%.2f deg)\r\n", DEVICE_ID, digital_val, syncro_val);
      |                     ^~~~~~~~~~~~~~~~~~~~~~~~~~~~~~~~~~~~~~~~~~~~~~~~~~~~~~~~~~~~~~~~~~~~~~~~~~~~~~~~~~
../Src/main.c:207:64: warning: '%02X' directive writing 2 bytes into a region of size 0 [-Wformat-overflow=]
  207 |                 sprintf(txt, "Dev#%d: Invalid header (0x%02X 0x%02X)\r\n",
      |                                                                ^~~~
../Src/main.c:207:30: note: directive argument in the range [0, 255]
  207 |                 sprintf(txt, "Dev#%d: Invalid header (0x%02X 0x%02X)\r\n",
      |                              ^~~~~~~~~~~~~~~~~~~~~~~~~~~~~~~~~~~~~~~~~~~~
../Src/main.c:207:17: note: 'sprintf' output 36 bytes into a destination of size 30
  207 |                 sprintf(txt, "Dev#%d: Invalid header (0x%02X 0x%02X)\r\n",
      |                 ^~~~~~~~~~~~~~~~~~~~~~~~~~~~~~~~~~~~~~~~~~~~~~~~~~~~~~~~~~
  208 |                         DEVICE_ID, bytes[0], bytes[1]);
      |                         ~~~~~~~~~~~~~~~~~~~~~~~~~~~~~~
../Src/main.c:201:60: warning: '%d' directive writing between 1 and 2 bytes into a region of size 0 [-Wformat-overflow=]
  201 |               sprintf(txt, "Dev#%d: Expected 15 bytes, got %d\r\n", DEVICE_ID, byte_index);
      |                                                            ^~
../Src/main.c:201:28: note: directive argument in the range [0, 14]
  201 |               sprintf(txt, "Dev#%d: Expected 15 bytes, got %d\r\n", DEVICE_ID, byte_index);
      |                            ^~~~~~~~~~~~~~~~~~~~~~~~~~~~~~~~~~~~~~~
../Src/main.c:201:15: note: 'sprintf' output between 34 and 35 bytes into a destination of size 30
  201 |               sprintf(txt, "Dev#%d: Expected 15 bytes, got %d\r\n", DEVICE_ID, byte_index);
      |               ^~~~~~~~~~~~~~~~~~~~~~~~~~~~~~~~~~~~~~~~~~~~~~~~~~~~~~~~~~~~~~~~~~~~~~~~~~~~
arm-none-eabi-gcc -o "Digital_Syncro_ROME_0.1.elf" @"objects.list"   -mcpu=cortex-m3 -T"../STM32F103C8Tx_FLASH.ld" --specs=nosys.specs -Wl,-Map="Digital_Syncro_ROME_0.1.map" -Wl,--gc-sections -static --specs=nano.specs -mfloat-abi=soft -mthumb -u _printf_float -Wl,--start-group -lc -lm -Wl,--end-group
C:/ST/STM32CubeIDE_1.17.0/STM32CubeIDE/plugins/com.st.stm32cube.ide.mcu.externaltools.gnu-tools-for-stm32.12.3.rel1.win32_1.1.0.202410251130/tools/bin/../lib/gcc/arm-none-eabi/12.3.1/../../../../arm-none-eabi/bin/ld.exe: warning: Digital_Syncro_ROME_0.1.elf has a LOAD segment with RWX permissions
Finished building target: Digital_Syncro_ROME_0.1.elf
 
arm-none-eabi-size  Digital_Syncro_ROME_0.1.elf 
   text	   data	    bss	    dec	    hex	filename
  39816	    500	   3308	  43624	   aa68	Digital_Syncro_ROME_0.1.elf
Finished building: default.size.stdout
 
arm-none-eabi-objdump -h -S Digital_Syncro_ROME_0.1.elf  > "Digital_Syncro_ROME_0.1.list"
Finished building: Digital_Syncro_ROME_0.1.list
 
arm-none-eabi-objcopy  -O ihex Digital_Syncro_ROME_0.1.elf  "Digital_Syncro_ROME_0.1.hex"
Finished building: Digital_Syncro_ROME_0.1.hex
 
14:18:26 **** Incremental Build of configuration Debug for project Digital_Syncro_ROME_0.1 ****
make all 
arm-none-eabi-gcc "../Src/main.c" -mcpu=cortex-m3 -std=gnu11 -g3 -DUSE_HAL_DRIVER -DSTM32F103xB -c -I../Inc -I../Drivers/STM32F1xx_HAL_Driver/Inc -I../Drivers/STM32F1xx_HAL_Driver/Inc/Legacy -I../Drivers/CMSIS/Device/ST/STM32F1xx/Include -I../Drivers/CMSIS/Include -Og -ffunction-sections -Wall -fstack-usage -fcyclomatic-complexity -MMD -MP -MF"Src/main.d" -MT"Src/main.o" --specs=nano.specs -mfloat-abi=soft -mthumb -o "Src/main.o"
../Src/main.c: In function 'main':
../Src/main.c:237:65: warning: 'sprintf' may write a terminating nul past the end of the destination [-Wformat-overflow=]
  237 |                     sprintf(txt, "Dev#%d Init: %u (%.2f deg)\r\n", DEVICE_ID, digital_val, syncro_val);
      |                                                                 ^
../Src/main.c:237:21: note: 'sprintf' output between 26 and 340 bytes into a destination of size 30
  237 |                     sprintf(txt, "Dev#%d Init: %u (%.2f deg)\r\n", DEVICE_ID, digital_val, syncro_val);
      |                     ^~~~~~~~~~~~~~~~~~~~~~~~~~~~~~~~~~~~~~~~~~~~~~~~~~~~~~~~~~~~~~~~~~~~~~~~~~~~~~~~~~
../Src/main.c:207:64: warning: '%02X' directive writing 2 bytes into a region of size 0 [-Wformat-overflow=]
  207 |                 sprintf(txt, "Dev#%d: Invalid header (0x%02X 0x%02X)\r\n",
      |                                                                ^~~~
../Src/main.c:207:30: note: directive argument in the range [0, 255]
  207 |                 sprintf(txt, "Dev#%d: Invalid header (0x%02X 0x%02X)\r\n",
      |                              ^~~~~~~~~~~~~~~~~~~~~~~~~~~~~~~~~~~~~~~~~~~~
../Src/main.c:207:17: note: 'sprintf' output 36 bytes into a destination of size 30
  207 |                 sprintf(txt, "Dev#%d: Invalid header (0x%02X 0x%02X)\r\n",
      |                 ^~~~~~~~~~~~~~~~~~~~~~~~~~~~~~~~~~~~~~~~~~~~~~~~~~~~~~~~~~
  208 |                         DEVICE_ID, bytes[0], bytes[1]);
      |                         ~~~~~~~~~~~~~~~~~~~~~~~~~~~~~~
../Src/main.c:201:60: warning: '%d' directive writing between 1 and 2 bytes into a region of size 0 [-Wformat-overflow=]
  201 |               sprintf(txt, "Dev#%d: Expected 15 bytes, got %d\r\n", DEVICE_ID, byte_index);
      |                                                            ^~
../Src/main.c:201:28: note: directive argument in the range [0, 14]
  201 |               sprintf(txt, "Dev#%d: Expected 15 bytes, got %d\r\n", DEVICE_ID, byte_index);
      |                            ^~~~~~~~~~~~~~~~~~~~~~~~~~~~~~~~~~~~~~~
../Src/main.c:201:15: note: 'sprintf' output between 34 and 35 bytes into a destination of size 30
  201 |               sprintf(txt, "Dev#%d: Expected 15 bytes, got %d\r\n", DEVICE_ID, byte_index);
      |               ^~~~~~~~~~~~~~~~~~~~~~~~~~~~~~~~~~~~~~~~~~~~~~~~~~~~~~~~~~~~~~~~~~~~~~~~~~~~
arm-none-eabi-gcc -o "Digital_Syncro_ROME_0.1.elf" @"objects.list"   -mcpu=cortex-m3 -T"../STM32F103C8Tx_FLASH.ld" --specs=nosys.specs -Wl,-Map="Digital_Syncro_ROME_0.1.map" -Wl,--gc-sections -static --specs=nano.specs -mfloat-abi=soft -mthumb -u _printf_float -Wl,--start-group -lc -lm -Wl,--end-group
C:/ST/STM32CubeIDE_1.17.0/STM32CubeIDE/plugins/com.st.stm32cube.ide.mcu.externaltools.gnu-tools-for-stm32.12.3.rel1.win32_1.1.0.202410251130/tools/bin/../lib/gcc/arm-none-eabi/12.3.1/../../../../arm-none-eabi/bin/ld.exe: warning: Digital_Syncro_ROME_0.1.elf has a LOAD segment with RWX permissions
Finished building target: Digital_Syncro_ROME_0.1.elf
 
arm-none-eabi-size  Digital_Syncro_ROME_0.1.elf 
   text	   data	    bss	    dec	    hex	filename
  39016	    500	   3308	  42824	   a748	Digital_Syncro_ROME_0.1.elf
Finished building: default.size.stdout
 
arm-none-eabi-objdump -h -S Digital_Syncro_ROME_0.1.elf  > "Digital_Syncro_ROME_0.1.list"
Finished building: Digital_Syncro_ROME_0.1.list
 
arm-none-eabi-objcopy  -O ihex Digital_Syncro_ROME_0.1.elf  "Digital_Syncro_ROME_0.1.hex"
Finished building: Digital_Syncro_ROME_0.1.hex
 
14:19:00 **** Incremental Build of configuration Debug for project Digital_Syncro_ROME_0.1 ****
make all 
arm-none-eabi-gcc "../Src/main.c" -mcpu=cortex-m3 -std=gnu11 -g3 -DUSE_HAL_DRIVER -DSTM32F103xB -c -I../Inc -I../Drivers/STM32F1xx_HAL_Driver/Inc -I../Drivers/STM32F1xx_HAL_Driver/Inc/Legacy -I../Drivers/CMSIS/Device/ST/STM32F1xx/Include -I../Drivers/CMSIS/Include -Og -ffunction-sections -Wall -fstack-usage -fcyclomatic-complexity -MMD -MP -MF"Src/main.d" -MT"Src/main.o" --specs=nano.specs -mfloat-abi=soft -mthumb -o "Src/main.o"
../Src/main.c: In function 'main':
../Src/main.c:237:65: warning: 'sprintf' may write a terminating nul past the end of the destination [-Wformat-overflow=]
  237 |                     sprintf(txt, "Dev#%d Init: %u (%.2f deg)\r\n", DEVICE_ID, digital_val, syncro_val);
      |                                                                 ^
../Src/main.c:237:21: note: 'sprintf' output between 26 and 340 bytes into a destination of size 30
  237 |                     sprintf(txt, "Dev#%d Init: %u (%.2f deg)\r\n", DEVICE_ID, digital_val, syncro_val);
      |                     ^~~~~~~~~~~~~~~~~~~~~~~~~~~~~~~~~~~~~~~~~~~~~~~~~~~~~~~~~~~~~~~~~~~~~~~~~~~~~~~~~~
../Src/main.c:207:64: warning: '%02X' directive writing 2 bytes into a region of size 0 [-Wformat-overflow=]
  207 |                 sprintf(txt, "Dev#%d: Invalid header (0x%02X 0x%02X)\r\n",
      |                                                                ^~~~
../Src/main.c:207:30: note: directive argument in the range [0, 255]
  207 |                 sprintf(txt, "Dev#%d: Invalid header (0x%02X 0x%02X)\r\n",
      |                              ^~~~~~~~~~~~~~~~~~~~~~~~~~~~~~~~~~~~~~~~~~~~
../Src/main.c:207:17: note: 'sprintf' output 36 bytes into a destination of size 30
  207 |                 sprintf(txt, "Dev#%d: Invalid header (0x%02X 0x%02X)\r\n",
      |                 ^~~~~~~~~~~~~~~~~~~~~~~~~~~~~~~~~~~~~~~~~~~~~~~~~~~~~~~~~~
  208 |                         DEVICE_ID, bytes[0], bytes[1]);
      |                         ~~~~~~~~~~~~~~~~~~~~~~~~~~~~~~
../Src/main.c:201:60: warning: '%d' directive writing between 1 and 2 bytes into a region of size 0 [-Wformat-overflow=]
  201 |               sprintf(txt, "Dev#%d: Expected 15 bytes, got %d\r\n", DEVICE_ID, byte_index);
      |                                                            ^~
../Src/main.c:201:28: note: directive argument in the range [0, 14]
  201 |               sprintf(txt, "Dev#%d: Expected 15 bytes, got %d\r\n", DEVICE_ID, byte_index);
      |                            ^~~~~~~~~~~~~~~~~~~~~~~~~~~~~~~~~~~~~~~
../Src/main.c:201:15: note: 'sprintf' output between 34 and 35 bytes into a destination of size 30
  201 |               sprintf(txt, "Dev#%d: Expected 15 bytes, got %d\r\n", DEVICE_ID, byte_index);
      |               ^~~~~~~~~~~~~~~~~~~~~~~~~~~~~~~~~~~~~~~~~~~~~~~~~~~~~~~~~~~~~~~~~~~~~~~~~~~~
arm-none-eabi-gcc -o "Digital_Syncro_ROME_0.1.elf" @"objects.list"   -mcpu=cortex-m3 -T"../STM32F103C8Tx_FLASH.ld" --specs=nosys.specs -Wl,-Map="Digital_Syncro_ROME_0.1.map" -Wl,--gc-sections -static --specs=nano.specs -mfloat-abi=soft -mthumb -u _printf_float -Wl,--start-group -lc -lm -Wl,--end-group
C:/ST/STM32CubeIDE_1.17.0/STM32CubeIDE/plugins/com.st.stm32cube.ide.mcu.externaltools.gnu-tools-for-stm32.12.3.rel1.win32_1.1.0.202410251130/tools/bin/../lib/gcc/arm-none-eabi/12.3.1/../../../../arm-none-eabi/bin/ld.exe: warning: Digital_Syncro_ROME_0.1.elf has a LOAD segment with RWX permissions
Finished building target: Digital_Syncro_ROME_0.1.elf
 
arm-none-eabi-size  Digital_Syncro_ROME_0.1.elf 
   text	   data	    bss	    dec	    hex	filename
  39016	    500	   3308	  42824	   a748	Digital_Syncro_ROME_0.1.elf
Finished building: default.size.stdout
 
arm-none-eabi-objdump -h -S Digital_Syncro_ROME_0.1.elf  > "Digital_Syncro_ROME_0.1.list"
Finished building: Digital_Syncro_ROME_0.1.list
 
arm-none-eabi-objcopy  -O ihex Digital_Syncro_ROME_0.1.elf  "Digital_Syncro_ROME_0.1.hex"
Finished building: Digital_Syncro_ROME_0.1.hex
 
14:19:27 **** Incremental Build of configuration Debug for project Digital_Syncro_ROME_0.1 ****
make all 
arm-none-eabi-gcc -o "Digital_Syncro_ROME_0.1.elf" @"objects.list"   -mcpu=cortex-m3 -T"../STM32F103C8Tx_FLASH.ld" --specs=nosys.specs -Wl,-Map="Digital_Syncro_ROME_0.1.map" -Wl,--gc-sections -static --specs=nano.specs -mfloat-abi=soft -mthumb -u _printf_float -Wl,--start-group -lc -lm -Wl,--end-group
C:/ST/STM32CubeIDE_1.17.0/STM32CubeIDE/plugins/com.st.stm32cube.ide.mcu.externaltools.gnu-tools-for-stm32.12.3.rel1.win32_1.1.0.202410251130/tools/bin/../lib/gcc/arm-none-eabi/12.3.1/../../../../arm-none-eabi/bin/ld.exe: warning: Digital_Syncro_ROME_0.1.elf has a LOAD segment with RWX permissions
Finished building target: Digital_Syncro_ROME_0.1.elf
 
arm-none-eabi-size  Digital_Syncro_ROME_0.1.elf 
   text	   data	    bss	    dec	    hex	filename
  39016	    500	   3308	  42824	   a748	Digital_Syncro_ROME_0.1.elf
Finished building: default.size.stdout
 
arm-none-eabi-objdump -h -S Digital_Syncro_ROME_0.1.elf  > "Digital_Syncro_ROME_0.1.list"
Finished building: Digital_Syncro_ROME_0.1.list
 
arm-none-eabi-objcopy  -O ihex Digital_Syncro_ROME_0.1.elf  "Digital_Syncro_ROME_0.1.hex"
Finished building: Digital_Syncro_ROME_0.1.hex
 
14:23:57 **** Incremental Build of configuration Debug for project Digital_Syncro_ROME_0.1 ****
make all 
arm-none-eabi-gcc "../Src/dsc_rome_16b.c" -mcpu=cortex-m3 -std=gnu11 -g3 -DUSE_HAL_DRIVER -DSTM32F103xB -c -I../Inc -I../Drivers/STM32F1xx_HAL_Driver/Inc -I../Drivers/STM32F1xx_HAL_Driver/Inc/Legacy -I../Drivers/CMSIS/Device/ST/STM32F1xx/Include -I../Drivers/CMSIS/Include -Og -ffunction-sections -Wall -fstack-usage -fcyclomatic-complexity -MMD -MP -MF"Src/dsc_rome_16b.d" -MT"Src/dsc_rome_16b.o" --specs=nano.specs -mfloat-abi=soft -mthumb -o "Src/dsc_rome_16b.o"
arm-none-eabi-gcc "../Src/main.c" -mcpu=cortex-m3 -std=gnu11 -g3 -DUSE_HAL_DRIVER -DSTM32F103xB -c -I../Inc -I../Drivers/STM32F1xx_HAL_Driver/Inc -I../Drivers/STM32F1xx_HAL_Driver/Inc/Legacy -I../Drivers/CMSIS/Device/ST/STM32F1xx/Include -I../Drivers/CMSIS/Include -Og -ffunction-sections -Wall -fstack-usage -fcyclomatic-complexity -MMD -MP -MF"Src/main.d" -MT"Src/main.o" --specs=nano.specs -mfloat-abi=soft -mthumb -o "Src/main.o"
../Src/main.c: In function 'main':
../Src/main.c:190:65: warning: 'sprintf' may write a terminating nul past the end of the destination [-Wformat-overflow=]
  190 |                     sprintf(txt, "Dev#%d Init: %u (%.2f deg)\r\n", DEVICE_ID, digital_val, syncro_val);
      |                                                                 ^
../Src/main.c:190:21: note: 'sprintf' output between 26 and 340 bytes into a destination of size 30
  190 |                     sprintf(txt, "Dev#%d Init: %u (%.2f deg)\r\n", DEVICE_ID, digital_val, syncro_val);
      |                     ^~~~~~~~~~~~~~~~~~~~~~~~~~~~~~~~~~~~~~~~~~~~~~~~~~~~~~~~~~~~~~~~~~~~~~~~~~~~~~~~~~
../Src/main.c:155:64: warning: '%02X' directive writing 2 bytes into a region of size 0 [-Wformat-overflow=]
  155 |                 sprintf(txt, "Dev#%d: Invalid header (0x%02X 0x%02X)\r\n",
      |                                                                ^~~~
../Src/main.c:155:30: note: directive argument in the range [0, 255]
  155 |                 sprintf(txt, "Dev#%d: Invalid header (0x%02X 0x%02X)\r\n",
      |                              ^~~~~~~~~~~~~~~~~~~~~~~~~~~~~~~~~~~~~~~~~~~~
../Src/main.c:155:17: note: 'sprintf' output 36 bytes into a destination of size 30
  155 |                 sprintf(txt, "Dev#%d: Invalid header (0x%02X 0x%02X)\r\n",
      |                 ^~~~~~~~~~~~~~~~~~~~~~~~~~~~~~~~~~~~~~~~~~~~~~~~~~~~~~~~~~
  156 |                         DEVICE_ID, bytes[0], bytes[1]);
      |                         ~~~~~~~~~~~~~~~~~~~~~~~~~~~~~~
../Src/main.c:149:60: warning: '%d' directive writing between 1 and 2 bytes into a region of size 0 [-Wformat-overflow=]
  149 |               sprintf(txt, "Dev#%d: Expected 15 bytes, got %d\r\n", DEVICE_ID, byte_index);
      |                                                            ^~
../Src/main.c:149:28: note: directive argument in the range [0, 14]
  149 |               sprintf(txt, "Dev#%d: Expected 15 bytes, got %d\r\n", DEVICE_ID, byte_index);
      |                            ^~~~~~~~~~~~~~~~~~~~~~~~~~~~~~~~~~~~~~~
../Src/main.c:149:15: note: 'sprintf' output between 34 and 35 bytes into a destination of size 30
  149 |               sprintf(txt, "Dev#%d: Expected 15 bytes, got %d\r\n", DEVICE_ID, byte_index);
      |               ^~~~~~~~~~~~~~~~~~~~~~~~~~~~~~~~~~~~~~~~~~~~~~~~~~~~~~~~~~~~~~~~~~~~~~~~~~~~
arm-none-eabi-gcc "../Src/stm32f1xx_hal_msp.c" -mcpu=cortex-m3 -std=gnu11 -g3 -DUSE_HAL_DRIVER -DSTM32F103xB -c -I../Inc -I../Drivers/STM32F1xx_HAL_Driver/Inc -I../Drivers/STM32F1xx_HAL_Driver/Inc/Legacy -I../Drivers/CMSIS/Device/ST/STM32F1xx/Include -I../Drivers/CMSIS/Include -Og -ffunction-sections -Wall -fstack-usage -fcyclomatic-complexity -MMD -MP -MF"Src/stm32f1xx_hal_msp.d" -MT"Src/stm32f1xx_hal_msp.o" --specs=nano.specs -mfloat-abi=soft -mthumb -o "Src/stm32f1xx_hal_msp.o"
arm-none-eabi-gcc "../Src/stm32f1xx_it.c" -mcpu=cortex-m3 -std=gnu11 -g3 -DUSE_HAL_DRIVER -DSTM32F103xB -c -I../Inc -I../Drivers/STM32F1xx_HAL_Driver/Inc -I../Drivers/STM32F1xx_HAL_Driver/Inc/Legacy -I../Drivers/CMSIS/Device/ST/STM32F1xx/Include -I../Drivers/CMSIS/Include -Og -ffunction-sections -Wall -fstack-usage -fcyclomatic-complexity -MMD -MP -MF"Src/stm32f1xx_it.d" -MT"Src/stm32f1xx_it.o" --specs=nano.specs -mfloat-abi=soft -mthumb -o "Src/stm32f1xx_it.o"
arm-none-eabi-gcc -o "Digital_Syncro_ROME_0.1.elf" @"objects.list"   -mcpu=cortex-m3 -T"../STM32F103C8Tx_FLASH.ld" --specs=nosys.specs -Wl,-Map="Digital_Syncro_ROME_0.1.map" -Wl,--gc-sections -static --specs=nano.specs -mfloat-abi=soft -mthumb -u _printf_float -Wl,--start-group -lc -lm -Wl,--end-group
C:/ST/STM32CubeIDE_1.17.0/STM32CubeIDE/plugins/com.st.stm32cube.ide.mcu.externaltools.gnu-tools-for-stm32.12.3.rel1.win32_1.1.0.202410251130/tools/bin/../lib/gcc/arm-none-eabi/12.3.1/../../../../arm-none-eabi/bin/ld.exe: warning: Digital_Syncro_ROME_0.1.elf has a LOAD segment with RWX permissions
Finished building target: Digital_Syncro_ROME_0.1.elf
 
arm-none-eabi-size  Digital_Syncro_ROME_0.1.elf 
   text	   data	    bss	    dec	    hex	filename
  38664	    500	   3284	  42448	   a5d0	Digital_Syncro_ROME_0.1.elf
Finished building: default.size.stdout
 
arm-none-eabi-objdump -h -S Digital_Syncro_ROME_0.1.elf  > "Digital_Syncro_ROME_0.1.list"
Finished building: Digital_Syncro_ROME_0.1.list
 
arm-none-eabi-objcopy  -O ihex Digital_Syncro_ROME_0.1.elf  "Digital_Syncro_ROME_0.1.hex"
Finished building: Digital_Syncro_ROME_0.1.hex
 
14:39:40 **** Incremental Build of configuration Debug for project Digital_Syncro_ROME_0.1 ****
make all 
arm-none-eabi-gcc "../Src/dsc_rome_16b.c" -mcpu=cortex-m3 -std=gnu11 -g3 -DUSE_HAL_DRIVER -DSTM32F103xB -c -I../Inc -I../Drivers/STM32F1xx_HAL_Driver/Inc -I../Drivers/STM32F1xx_HAL_Driver/Inc/Legacy -I../Drivers/CMSIS/Device/ST/STM32F1xx/Include -I../Drivers/CMSIS/Include -Og -ffunction-sections -Wall -fstack-usage -fcyclomatic-complexity -MMD -MP -MF"Src/dsc_rome_16b.d" -MT"Src/dsc_rome_16b.o" --specs=nano.specs -mfloat-abi=soft -mthumb -o "Src/dsc_rome_16b.o"
arm-none-eabi-gcc "../Src/main.c" -mcpu=cortex-m3 -std=gnu11 -g3 -DUSE_HAL_DRIVER -DSTM32F103xB -c -I../Inc -I../Drivers/STM32F1xx_HAL_Driver/Inc -I../Drivers/STM32F1xx_HAL_Driver/Inc/Legacy -I../Drivers/CMSIS/Device/ST/STM32F1xx/Include -I../Drivers/CMSIS/Include -Og -ffunction-sections -Wall -fstack-usage -fcyclomatic-complexity -MMD -MP -MF"Src/main.d" -MT"Src/main.o" --specs=nano.specs -mfloat-abi=soft -mthumb -o "Src/main.o"
../Src/main.c: In function 'main':
../Src/main.c:190:65: warning: 'sprintf' may write a terminating nul past the end of the destination [-Wformat-overflow=]
  190 |                     sprintf(txt, "Dev#%d Init: %u (%.2f deg)\r\n", DEVICE_ID, digital_val, syncro_val);
      |                                                                 ^
../Src/main.c:190:21: note: 'sprintf' output between 26 and 340 bytes into a destination of size 30
  190 |                     sprintf(txt, "Dev#%d Init: %u (%.2f deg)\r\n", DEVICE_ID, digital_val, syncro_val);
      |                     ^~~~~~~~~~~~~~~~~~~~~~~~~~~~~~~~~~~~~~~~~~~~~~~~~~~~~~~~~~~~~~~~~~~~~~~~~~~~~~~~~~
../Src/main.c:155:64: warning: '%02X' directive writing 2 bytes into a region of size 0 [-Wformat-overflow=]
  155 |                 sprintf(txt, "Dev#%d: Invalid header (0x%02X 0x%02X)\r\n",
      |                                                                ^~~~
../Src/main.c:155:30: note: directive argument in the range [0, 255]
  155 |                 sprintf(txt, "Dev#%d: Invalid header (0x%02X 0x%02X)\r\n",
      |                              ^~~~~~~~~~~~~~~~~~~~~~~~~~~~~~~~~~~~~~~~~~~~
../Src/main.c:155:17: note: 'sprintf' output 36 bytes into a destination of size 30
  155 |                 sprintf(txt, "Dev#%d: Invalid header (0x%02X 0x%02X)\r\n",
      |                 ^~~~~~~~~~~~~~~~~~~~~~~~~~~~~~~~~~~~~~~~~~~~~~~~~~~~~~~~~~
  156 |                         DEVICE_ID, bytes[0], bytes[1]);
      |                         ~~~~~~~~~~~~~~~~~~~~~~~~~~~~~~
../Src/main.c:149:60: warning: '%d' directive writing between 1 and 2 bytes into a region of size 0 [-Wformat-overflow=]
  149 |               sprintf(txt, "Dev#%d: Expected 15 bytes, got %d\r\n", DEVICE_ID, byte_index);
      |                                                            ^~
../Src/main.c:149:28: note: directive argument in the range [0, 14]
  149 |               sprintf(txt, "Dev#%d: Expected 15 bytes, got %d\r\n", DEVICE_ID, byte_index);
      |                            ^~~~~~~~~~~~~~~~~~~~~~~~~~~~~~~~~~~~~~~
../Src/main.c:149:15: note: 'sprintf' output between 34 and 35 bytes into a destination of size 30
  149 |               sprintf(txt, "Dev#%d: Expected 15 bytes, got %d\r\n", DEVICE_ID, byte_index);
      |               ^~~~~~~~~~~~~~~~~~~~~~~~~~~~~~~~~~~~~~~~~~~~~~~~~~~~~~~~~~~~~~~~~~~~~~~~~~~~
arm-none-eabi-gcc "../Src/stm32f1xx_hal_msp.c" -mcpu=cortex-m3 -std=gnu11 -g3 -DUSE_HAL_DRIVER -DSTM32F103xB -c -I../Inc -I../Drivers/STM32F1xx_HAL_Driver/Inc -I../Drivers/STM32F1xx_HAL_Driver/Inc/Legacy -I../Drivers/CMSIS/Device/ST/STM32F1xx/Include -I../Drivers/CMSIS/Include -Og -ffunction-sections -Wall -fstack-usage -fcyclomatic-complexity -MMD -MP -MF"Src/stm32f1xx_hal_msp.d" -MT"Src/stm32f1xx_hal_msp.o" --specs=nano.specs -mfloat-abi=soft -mthumb -o "Src/stm32f1xx_hal_msp.o"
arm-none-eabi-gcc "../Src/stm32f1xx_it.c" -mcpu=cortex-m3 -std=gnu11 -g3 -DUSE_HAL_DRIVER -DSTM32F103xB -c -I../Inc -I../Drivers/STM32F1xx_HAL_Driver/Inc -I../Drivers/STM32F1xx_HAL_Driver/Inc/Legacy -I../Drivers/CMSIS/Device/ST/STM32F1xx/Include -I../Drivers/CMSIS/Include -Og -ffunction-sections -Wall -fstack-usage -fcyclomatic-complexity -MMD -MP -MF"Src/stm32f1xx_it.d" -MT"Src/stm32f1xx_it.o" --specs=nano.specs -mfloat-abi=soft -mthumb -o "Src/stm32f1xx_it.o"
arm-none-eabi-gcc -o "Digital_Syncro_ROME_0.1.elf" @"objects.list"   -mcpu=cortex-m3 -T"../STM32F103C8Tx_FLASH.ld" --specs=nosys.specs -Wl,-Map="Digital_Syncro_ROME_0.1.map" -Wl,--gc-sections -static --specs=nano.specs -mfloat-abi=soft -mthumb -u _printf_float -Wl,--start-group -lc -lm -Wl,--end-group
C:/ST/STM32CubeIDE_1.17.0/STM32CubeIDE/plugins/com.st.stm32cube.ide.mcu.externaltools.gnu-tools-for-stm32.12.3.rel1.win32_1.1.0.202410251130/tools/bin/../lib/gcc/arm-none-eabi/12.3.1/../../../../arm-none-eabi/bin/ld.exe: warning: Digital_Syncro_ROME_0.1.elf has a LOAD segment with RWX permissions
Finished building target: Digital_Syncro_ROME_0.1.elf
 
arm-none-eabi-size  Digital_Syncro_ROME_0.1.elf 
   text	   data	    bss	    dec	    hex	filename
  38664	    500	   3284	  42448	   a5d0	Digital_Syncro_ROME_0.1.elf
Finished building: default.size.stdout
 
arm-none-eabi-objdump -h -S Digital_Syncro_ROME_0.1.elf  > "Digital_Syncro_ROME_0.1.list"
Finished building: Digital_Syncro_ROME_0.1.list
 
arm-none-eabi-objcopy  -O ihex Digital_Syncro_ROME_0.1.elf  "Digital_Syncro_ROME_0.1.hex"
Finished building: Digital_Syncro_ROME_0.1.hex
 
14:46:48 **** Incremental Build of configuration Debug for project Digital_Syncro_ROME_0.1 ****
make all 
arm-none-eabi-gcc "../Src/dsc_rome_16b.c" -mcpu=cortex-m3 -std=gnu11 -g3 -DUSE_HAL_DRIVER -DSTM32F103xB -c -I../Inc -I../Drivers/STM32F1xx_HAL_Driver/Inc -I../Drivers/STM32F1xx_HAL_Driver/Inc/Legacy -I../Drivers/CMSIS/Device/ST/STM32F1xx/Include -I../Drivers/CMSIS/Include -Og -ffunction-sections -Wall -fstack-usage -fcyclomatic-complexity -MMD -MP -MF"Src/dsc_rome_16b.d" -MT"Src/dsc_rome_16b.o" --specs=nano.specs -mfloat-abi=soft -mthumb -o "Src/dsc_rome_16b.o"
arm-none-eabi-gcc "../Src/main.c" -mcpu=cortex-m3 -std=gnu11 -g3 -DUSE_HAL_DRIVER -DSTM32F103xB -c -I../Inc -I../Drivers/STM32F1xx_HAL_Driver/Inc -I../Drivers/STM32F1xx_HAL_Driver/Inc/Legacy -I../Drivers/CMSIS/Device/ST/STM32F1xx/Include -I../Drivers/CMSIS/Include -Og -ffunction-sections -Wall -fstack-usage -fcyclomatic-complexity -MMD -MP -MF"Src/main.d" -MT"Src/main.o" --specs=nano.specs -mfloat-abi=soft -mthumb -o "Src/main.o"
../Src/main.c: In function 'main':
../Src/main.c:190:65: warning: 'sprintf' may write a terminating nul past the end of the destination [-Wformat-overflow=]
  190 |                     sprintf(txt, "Dev#%d Init: %u (%.2f deg)\r\n", DEVICE_ID, digital_val, syncro_val);
      |                                                                 ^
../Src/main.c:190:21: note: 'sprintf' output between 26 and 340 bytes into a destination of size 30
  190 |                     sprintf(txt, "Dev#%d Init: %u (%.2f deg)\r\n", DEVICE_ID, digital_val, syncro_val);
      |                     ^~~~~~~~~~~~~~~~~~~~~~~~~~~~~~~~~~~~~~~~~~~~~~~~~~~~~~~~~~~~~~~~~~~~~~~~~~~~~~~~~~
../Src/main.c:155:64: warning: '%02X' directive writing 2 bytes into a region of size 0 [-Wformat-overflow=]
  155 |                 sprintf(txt, "Dev#%d: Invalid header (0x%02X 0x%02X)\r\n",
      |                                                                ^~~~
../Src/main.c:155:30: note: directive argument in the range [0, 255]
  155 |                 sprintf(txt, "Dev#%d: Invalid header (0x%02X 0x%02X)\r\n",
      |                              ^~~~~~~~~~~~~~~~~~~~~~~~~~~~~~~~~~~~~~~~~~~~
../Src/main.c:155:17: note: 'sprintf' output 36 bytes into a destination of size 30
  155 |                 sprintf(txt, "Dev#%d: Invalid header (0x%02X 0x%02X)\r\n",
      |                 ^~~~~~~~~~~~~~~~~~~~~~~~~~~~~~~~~~~~~~~~~~~~~~~~~~~~~~~~~~
  156 |                         DEVICE_ID, bytes[0], bytes[1]);
      |                         ~~~~~~~~~~~~~~~~~~~~~~~~~~~~~~
../Src/main.c:149:60: warning: '%d' directive writing between 1 and 2 bytes into a region of size 0 [-Wformat-overflow=]
  149 |               sprintf(txt, "Dev#%d: Expected 15 bytes, got %d\r\n", DEVICE_ID, byte_index);
      |                                                            ^~
../Src/main.c:149:28: note: directive argument in the range [0, 14]
  149 |               sprintf(txt, "Dev#%d: Expected 15 bytes, got %d\r\n", DEVICE_ID, byte_index);
      |                            ^~~~~~~~~~~~~~~~~~~~~~~~~~~~~~~~~~~~~~~
../Src/main.c:149:15: note: 'sprintf' output between 34 and 35 bytes into a destination of size 30
  149 |               sprintf(txt, "Dev#%d: Expected 15 bytes, got %d\r\n", DEVICE_ID, byte_index);
      |               ^~~~~~~~~~~~~~~~~~~~~~~~~~~~~~~~~~~~~~~~~~~~~~~~~~~~~~~~~~~~~~~~~~~~~~~~~~~~
arm-none-eabi-gcc "../Src/stm32f1xx_hal_msp.c" -mcpu=cortex-m3 -std=gnu11 -g3 -DUSE_HAL_DRIVER -DSTM32F103xB -c -I../Inc -I../Drivers/STM32F1xx_HAL_Driver/Inc -I../Drivers/STM32F1xx_HAL_Driver/Inc/Legacy -I../Drivers/CMSIS/Device/ST/STM32F1xx/Include -I../Drivers/CMSIS/Include -Og -ffunction-sections -Wall -fstack-usage -fcyclomatic-complexity -MMD -MP -MF"Src/stm32f1xx_hal_msp.d" -MT"Src/stm32f1xx_hal_msp.o" --specs=nano.specs -mfloat-abi=soft -mthumb -o "Src/stm32f1xx_hal_msp.o"
arm-none-eabi-gcc "../Src/stm32f1xx_it.c" -mcpu=cortex-m3 -std=gnu11 -g3 -DUSE_HAL_DRIVER -DSTM32F103xB -c -I../Inc -I../Drivers/STM32F1xx_HAL_Driver/Inc -I../Drivers/STM32F1xx_HAL_Driver/Inc/Legacy -I../Drivers/CMSIS/Device/ST/STM32F1xx/Include -I../Drivers/CMSIS/Include -Og -ffunction-sections -Wall -fstack-usage -fcyclomatic-complexity -MMD -MP -MF"Src/stm32f1xx_it.d" -MT"Src/stm32f1xx_it.o" --specs=nano.specs -mfloat-abi=soft -mthumb -o "Src/stm32f1xx_it.o"
arm-none-eabi-gcc -o "Digital_Syncro_ROME_0.1.elf" @"objects.list"   -mcpu=cortex-m3 -T"../STM32F103C8Tx_FLASH.ld" --specs=nosys.specs -Wl,-Map="Digital_Syncro_ROME_0.1.map" -Wl,--gc-sections -static --specs=nano.specs -mfloat-abi=soft -mthumb -u _printf_float -Wl,--start-group -lc -lm -Wl,--end-group
C:/ST/STM32CubeIDE_1.17.0/STM32CubeIDE/plugins/com.st.stm32cube.ide.mcu.externaltools.gnu-tools-for-stm32.12.3.rel1.win32_1.1.0.202410251130/tools/bin/../lib/gcc/arm-none-eabi/12.3.1/../../../../arm-none-eabi/bin/ld.exe: warning: Digital_Syncro_ROME_0.1.elf has a LOAD segment with RWX permissions
Finished building target: Digital_Syncro_ROME_0.1.elf
 
arm-none-eabi-size  Digital_Syncro_ROME_0.1.elf 
   text	   data	    bss	    dec	    hex	filename
  38664	    500	   3284	  42448	   a5d0	Digital_Syncro_ROME_0.1.elf
Finished building: default.size.stdout
 
arm-none-eabi-objdump -h -S Digital_Syncro_ROME_0.1.elf  > "Digital_Syncro_ROME_0.1.list"
Finished building: Digital_Syncro_ROME_0.1.list
 
arm-none-eabi-objcopy  -O ihex Digital_Syncro_ROME_0.1.elf  "Digital_Syncro_ROME_0.1.hex"
Finished building: Digital_Syncro_ROME_0.1.hex
 
15:00:36 **** Incremental Build of configuration Debug for project Digital_Syncro_ROME_0.1 ****
make all 
arm-none-eabi-gcc -o "Digital_Syncro_ROME_0.1.elf" @"objects.list"   -mcpu=cortex-m3 -T"../STM32F103C8Tx_FLASH.ld" --specs=nosys.specs -Wl,-Map="Digital_Syncro_ROME_0.1.map" -Wl,--gc-sections -static --specs=nano.specs -mfloat-abi=soft -mthumb -u _printf_float -Wl,--start-group -lc -lm -Wl,--end-group
C:/ST/STM32CubeIDE_1.17.0/STM32CubeIDE/plugins/com.st.stm32cube.ide.mcu.externaltools.gnu-tools-for-stm32.12.3.rel1.win32_1.1.0.202410251130/tools/bin/../lib/gcc/arm-none-eabi/12.3.1/../../../../arm-none-eabi/bin/ld.exe: warning: Digital_Syncro_ROME_0.1.elf has a LOAD segment with RWX permissions
Finished building target: Digital_Syncro_ROME_0.1.elf
 
arm-none-eabi-size  Digital_Syncro_ROME_0.1.elf 
   text	   data	    bss	    dec	    hex	filename
  38664	    500	   3284	  42448	   a5d0	Digital_Syncro_ROME_0.1.elf
Finished building: default.size.stdout
 
arm-none-eabi-objdump -h -S Digital_Syncro_ROME_0.1.elf  > "Digital_Syncro_ROME_0.1.list"
Finished building: Digital_Syncro_ROME_0.1.list
 
arm-none-eabi-objcopy  -O ihex Digital_Syncro_ROME_0.1.elf  "Digital_Syncro_ROME_0.1.hex"
Finished building: Digital_Syncro_ROME_0.1.hex
 
15:08:35 **** Incremental Build of configuration Debug for project Digital_Syncro_ROME_0.1 ****
make all 
arm-none-eabi-gcc "../Src/dsc_rome_16b.c" -mcpu=cortex-m3 -std=gnu11 -g3 -DUSE_HAL_DRIVER -DSTM32F103xB -c -I../Inc -I../Drivers/STM32F1xx_HAL_Driver/Inc -I../Drivers/STM32F1xx_HAL_Driver/Inc/Legacy -I../Drivers/CMSIS/Device/ST/STM32F1xx/Include -I../Drivers/CMSIS/Include -Og -ffunction-sections -Wall -fstack-usage -fcyclomatic-complexity -MMD -MP -MF"Src/dsc_rome_16b.d" -MT"Src/dsc_rome_16b.o" --specs=nano.specs -mfloat-abi=soft -mthumb -o "Src/dsc_rome_16b.o"
arm-none-eabi-gcc "../Src/main.c" -mcpu=cortex-m3 -std=gnu11 -g3 -DUSE_HAL_DRIVER -DSTM32F103xB -c -I../Inc -I../Drivers/STM32F1xx_HAL_Driver/Inc -I../Drivers/STM32F1xx_HAL_Driver/Inc/Legacy -I../Drivers/CMSIS/Device/ST/STM32F1xx/Include -I../Drivers/CMSIS/Include -Og -ffunction-sections -Wall -fstack-usage -fcyclomatic-complexity -MMD -MP -MF"Src/main.d" -MT"Src/main.o" --specs=nano.specs -mfloat-abi=soft -mthumb -o "Src/main.o"
../Src/main.c: In function 'main':
../Src/main.c:190:65: warning: 'sprintf' may write a terminating nul past the end of the destination [-Wformat-overflow=]
  190 |                     sprintf(txt, "Dev#%d Init: %u (%.2f deg)\r\n", DEVICE_ID, digital_val, syncro_val);
      |                                                                 ^
../Src/main.c:190:21: note: 'sprintf' output between 26 and 340 bytes into a destination of size 30
  190 |                     sprintf(txt, "Dev#%d Init: %u (%.2f deg)\r\n", DEVICE_ID, digital_val, syncro_val);
      |                     ^~~~~~~~~~~~~~~~~~~~~~~~~~~~~~~~~~~~~~~~~~~~~~~~~~~~~~~~~~~~~~~~~~~~~~~~~~~~~~~~~~
../Src/main.c:155:64: warning: '%02X' directive writing 2 bytes into a region of size 0 [-Wformat-overflow=]
  155 |                 sprintf(txt, "Dev#%d: Invalid header (0x%02X 0x%02X)\r\n",
      |                                                                ^~~~
../Src/main.c:155:30: note: directive argument in the range [0, 255]
  155 |                 sprintf(txt, "Dev#%d: Invalid header (0x%02X 0x%02X)\r\n",
      |                              ^~~~~~~~~~~~~~~~~~~~~~~~~~~~~~~~~~~~~~~~~~~~
../Src/main.c:155:17: note: 'sprintf' output 36 bytes into a destination of size 30
  155 |                 sprintf(txt, "Dev#%d: Invalid header (0x%02X 0x%02X)\r\n",
      |                 ^~~~~~~~~~~~~~~~~~~~~~~~~~~~~~~~~~~~~~~~~~~~~~~~~~~~~~~~~~
  156 |                         DEVICE_ID, bytes[0], bytes[1]);
      |                         ~~~~~~~~~~~~~~~~~~~~~~~~~~~~~~
../Src/main.c:149:60: warning: '%d' directive writing between 1 and 2 bytes into a region of size 0 [-Wformat-overflow=]
  149 |               sprintf(txt, "Dev#%d: Expected 15 bytes, got %d\r\n", DEVICE_ID, byte_index);
      |                                                            ^~
../Src/main.c:149:28: note: directive argument in the range [0, 14]
  149 |               sprintf(txt, "Dev#%d: Expected 15 bytes, got %d\r\n", DEVICE_ID, byte_index);
      |                            ^~~~~~~~~~~~~~~~~~~~~~~~~~~~~~~~~~~~~~~
../Src/main.c:149:15: note: 'sprintf' output between 34 and 35 bytes into a destination of size 30
  149 |               sprintf(txt, "Dev#%d: Expected 15 bytes, got %d\r\n", DEVICE_ID, byte_index);
      |               ^~~~~~~~~~~~~~~~~~~~~~~~~~~~~~~~~~~~~~~~~~~~~~~~~~~~~~~~~~~~~~~~~~~~~~~~~~~~
arm-none-eabi-gcc -o "Digital_Syncro_ROME_0.1.elf" @"objects.list"   -mcpu=cortex-m3 -T"../STM32F103C8Tx_FLASH.ld" --specs=nosys.specs -Wl,-Map="Digital_Syncro_ROME_0.1.map" -Wl,--gc-sections -static --specs=nano.specs -mfloat-abi=soft -mthumb -u _printf_float -Wl,--start-group -lc -lm -Wl,--end-group
C:/ST/STM32CubeIDE_1.17.0/STM32CubeIDE/plugins/com.st.stm32cube.ide.mcu.externaltools.gnu-tools-for-stm32.12.3.rel1.win32_1.1.0.202410251130/tools/bin/../lib/gcc/arm-none-eabi/12.3.1/../../../../arm-none-eabi/bin/ld.exe: warning: Digital_Syncro_ROME_0.1.elf has a LOAD segment with RWX permissions
Finished building target: Digital_Syncro_ROME_0.1.elf
 
arm-none-eabi-size  Digital_Syncro_ROME_0.1.elf 
   text	   data	    bss	    dec	    hex	filename
  38648	    500	   3284	  42432	   a5c0	Digital_Syncro_ROME_0.1.elf
Finished building: default.size.stdout
 
arm-none-eabi-objdump -h -S Digital_Syncro_ROME_0.1.elf  > "Digital_Syncro_ROME_0.1.list"
Finished building: Digital_Syncro_ROME_0.1.list
 
arm-none-eabi-objcopy  -O ihex Digital_Syncro_ROME_0.1.elf  "Digital_Syncro_ROME_0.1.hex"
Finished building: Digital_Syncro_ROME_0.1.hex
 
15:22:23 **** Incremental Build of configuration Debug for project Digital_Syncro_ROME_0.1 ****
make all 
arm-none-eabi-gcc "../Src/dsc_rome_16b.c" -mcpu=cortex-m3 -std=gnu11 -g3 -DUSE_HAL_DRIVER -DSTM32F103xB -c -I../Inc -I../Drivers/STM32F1xx_HAL_Driver/Inc -I../Drivers/STM32F1xx_HAL_Driver/Inc/Legacy -I../Drivers/CMSIS/Device/ST/STM32F1xx/Include -I../Drivers/CMSIS/Include -Og -ffunction-sections -Wall -fstack-usage -fcyclomatic-complexity -MMD -MP -MF"Src/dsc_rome_16b.d" -MT"Src/dsc_rome_16b.o" --specs=nano.specs -mfloat-abi=soft -mthumb -o "Src/dsc_rome_16b.o"
arm-none-eabi-gcc "../Src/main.c" -mcpu=cortex-m3 -std=gnu11 -g3 -DUSE_HAL_DRIVER -DSTM32F103xB -c -I../Inc -I../Drivers/STM32F1xx_HAL_Driver/Inc -I../Drivers/STM32F1xx_HAL_Driver/Inc/Legacy -I../Drivers/CMSIS/Device/ST/STM32F1xx/Include -I../Drivers/CMSIS/Include -Og -ffunction-sections -Wall -fstack-usage -fcyclomatic-complexity -MMD -MP -MF"Src/main.d" -MT"Src/main.o" --specs=nano.specs -mfloat-abi=soft -mthumb -o "Src/main.o"
../Src/main.c: In function 'main':
../Src/main.c:190:65: warning: 'sprintf' may write a terminating nul past the end of the destination [-Wformat-overflow=]
  190 |                     sprintf(txt, "Dev#%d Init: %u (%.2f deg)\r\n", DEVICE_ID, digital_val, syncro_val);
      |                                                                 ^
../Src/main.c:190:21: note: 'sprintf' output between 26 and 340 bytes into a destination of size 30
  190 |                     sprintf(txt, "Dev#%d Init: %u (%.2f deg)\r\n", DEVICE_ID, digital_val, syncro_val);
      |                     ^~~~~~~~~~~~~~~~~~~~~~~~~~~~~~~~~~~~~~~~~~~~~~~~~~~~~~~~~~~~~~~~~~~~~~~~~~~~~~~~~~
../Src/main.c:155:64: warning: '%02X' directive writing 2 bytes into a region of size 0 [-Wformat-overflow=]
  155 |                 sprintf(txt, "Dev#%d: Invalid header (0x%02X 0x%02X)\r\n",
      |                                                                ^~~~
../Src/main.c:155:30: note: directive argument in the range [0, 255]
  155 |                 sprintf(txt, "Dev#%d: Invalid header (0x%02X 0x%02X)\r\n",
      |                              ^~~~~~~~~~~~~~~~~~~~~~~~~~~~~~~~~~~~~~~~~~~~
../Src/main.c:155:17: note: 'sprintf' output 36 bytes into a destination of size 30
  155 |                 sprintf(txt, "Dev#%d: Invalid header (0x%02X 0x%02X)\r\n",
      |                 ^~~~~~~~~~~~~~~~~~~~~~~~~~~~~~~~~~~~~~~~~~~~~~~~~~~~~~~~~~
  156 |                         DEVICE_ID, bytes[0], bytes[1]);
      |                         ~~~~~~~~~~~~~~~~~~~~~~~~~~~~~~
../Src/main.c:149:60: warning: '%d' directive writing between 1 and 2 bytes into a region of size 0 [-Wformat-overflow=]
  149 |               sprintf(txt, "Dev#%d: Expected 15 bytes, got %d\r\n", DEVICE_ID, byte_index);
      |                                                            ^~
../Src/main.c:149:28: note: directive argument in the range [0, 14]
  149 |               sprintf(txt, "Dev#%d: Expected 15 bytes, got %d\r\n", DEVICE_ID, byte_index);
      |                            ^~~~~~~~~~~~~~~~~~~~~~~~~~~~~~~~~~~~~~~
../Src/main.c:149:15: note: 'sprintf' output between 34 and 35 bytes into a destination of size 30
  149 |               sprintf(txt, "Dev#%d: Expected 15 bytes, got %d\r\n", DEVICE_ID, byte_index);
      |               ^~~~~~~~~~~~~~~~~~~~~~~~~~~~~~~~~~~~~~~~~~~~~~~~~~~~~~~~~~~~~~~~~~~~~~~~~~~~
arm-none-eabi-gcc "../Src/stm32f1xx_hal_msp.c" -mcpu=cortex-m3 -std=gnu11 -g3 -DUSE_HAL_DRIVER -DSTM32F103xB -c -I../Inc -I../Drivers/STM32F1xx_HAL_Driver/Inc -I../Drivers/STM32F1xx_HAL_Driver/Inc/Legacy -I../Drivers/CMSIS/Device/ST/STM32F1xx/Include -I../Drivers/CMSIS/Include -Og -ffunction-sections -Wall -fstack-usage -fcyclomatic-complexity -MMD -MP -MF"Src/stm32f1xx_hal_msp.d" -MT"Src/stm32f1xx_hal_msp.o" --specs=nano.specs -mfloat-abi=soft -mthumb -o "Src/stm32f1xx_hal_msp.o"
arm-none-eabi-gcc "../Src/stm32f1xx_it.c" -mcpu=cortex-m3 -std=gnu11 -g3 -DUSE_HAL_DRIVER -DSTM32F103xB -c -I../Inc -I../Drivers/STM32F1xx_HAL_Driver/Inc -I../Drivers/STM32F1xx_HAL_Driver/Inc/Legacy -I../Drivers/CMSIS/Device/ST/STM32F1xx/Include -I../Drivers/CMSIS/Include -Og -ffunction-sections -Wall -fstack-usage -fcyclomatic-complexity -MMD -MP -MF"Src/stm32f1xx_it.d" -MT"Src/stm32f1xx_it.o" --specs=nano.specs -mfloat-abi=soft -mthumb -o "Src/stm32f1xx_it.o"
arm-none-eabi-gcc -o "Digital_Syncro_ROME_0.1.elf" @"objects.list"   -mcpu=cortex-m3 -T"../STM32F103C8Tx_FLASH.ld" --specs=nosys.specs -Wl,-Map="Digital_Syncro_ROME_0.1.map" -Wl,--gc-sections -static --specs=nano.specs -mfloat-abi=soft -mthumb -u _printf_float -Wl,--start-group -lc -lm -Wl,--end-group
C:/ST/STM32CubeIDE_1.17.0/STM32CubeIDE/plugins/com.st.stm32cube.ide.mcu.externaltools.gnu-tools-for-stm32.12.3.rel1.win32_1.1.0.202410251130/tools/bin/../lib/gcc/arm-none-eabi/12.3.1/../../../../arm-none-eabi/bin/ld.exe: warning: Digital_Syncro_ROME_0.1.elf has a LOAD segment with RWX permissions
Finished building target: Digital_Syncro_ROME_0.1.elf
 
arm-none-eabi-size  Digital_Syncro_ROME_0.1.elf 
   text	   data	    bss	    dec	    hex	filename
  38552	    500	   3284	  42336	   a560	Digital_Syncro_ROME_0.1.elf
Finished building: default.size.stdout
 
arm-none-eabi-objdump -h -S Digital_Syncro_ROME_0.1.elf  > "Digital_Syncro_ROME_0.1.list"
Finished building: Digital_Syncro_ROME_0.1.list
 
arm-none-eabi-objcopy  -O ihex Digital_Syncro_ROME_0.1.elf  "Digital_Syncro_ROME_0.1.hex"
Finished building: Digital_Syncro_ROME_0.1.hex
 
15:34:57 **** Incremental Build of configuration Debug for project Digital_Syncro_ROME_0.1 ****
make all 
arm-none-eabi-gcc "../Src/dsc_rome_16b.c" -mcpu=cortex-m3 -std=gnu11 -g3 -DUSE_HAL_DRIVER -DSTM32F103xB -c -I../Inc -I../Drivers/STM32F1xx_HAL_Driver/Inc -I../Drivers/STM32F1xx_HAL_Driver/Inc/Legacy -I../Drivers/CMSIS/Device/ST/STM32F1xx/Include -I../Drivers/CMSIS/Include -Og -ffunction-sections -Wall -fstack-usage -fcyclomatic-complexity -MMD -MP -MF"Src/dsc_rome_16b.d" -MT"Src/dsc_rome_16b.o" --specs=nano.specs -mfloat-abi=soft -mthumb -o "Src/dsc_rome_16b.o"
arm-none-eabi-gcc "../Src/main.c" -mcpu=cortex-m3 -std=gnu11 -g3 -DUSE_HAL_DRIVER -DSTM32F103xB -c -I../Inc -I../Drivers/STM32F1xx_HAL_Driver/Inc -I../Drivers/STM32F1xx_HAL_Driver/Inc/Legacy -I../Drivers/CMSIS/Device/ST/STM32F1xx/Include -I../Drivers/CMSIS/Include -Og -ffunction-sections -Wall -fstack-usage -fcyclomatic-complexity -MMD -MP -MF"Src/main.d" -MT"Src/main.o" --specs=nano.specs -mfloat-abi=soft -mthumb -o "Src/main.o"
../Src/main.c: In function 'main':
../Src/main.c:190:65: warning: 'sprintf' may write a terminating nul past the end of the destination [-Wformat-overflow=]
  190 |                     sprintf(txt, "Dev#%d Init: %u (%.2f deg)\r\n", DEVICE_ID, digital_val, syncro_val);
      |                                                                 ^
../Src/main.c:190:21: note: 'sprintf' output between 26 and 340 bytes into a destination of size 30
  190 |                     sprintf(txt, "Dev#%d Init: %u (%.2f deg)\r\n", DEVICE_ID, digital_val, syncro_val);
      |                     ^~~~~~~~~~~~~~~~~~~~~~~~~~~~~~~~~~~~~~~~~~~~~~~~~~~~~~~~~~~~~~~~~~~~~~~~~~~~~~~~~~
../Src/main.c:155:64: warning: '%02X' directive writing 2 bytes into a region of size 0 [-Wformat-overflow=]
  155 |                 sprintf(txt, "Dev#%d: Invalid header (0x%02X 0x%02X)\r\n",
      |                                                                ^~~~
../Src/main.c:155:30: note: directive argument in the range [0, 255]
  155 |                 sprintf(txt, "Dev#%d: Invalid header (0x%02X 0x%02X)\r\n",
      |                              ^~~~~~~~~~~~~~~~~~~~~~~~~~~~~~~~~~~~~~~~~~~~
../Src/main.c:155:17: note: 'sprintf' output 36 bytes into a destination of size 30
  155 |                 sprintf(txt, "Dev#%d: Invalid header (0x%02X 0x%02X)\r\n",
      |                 ^~~~~~~~~~~~~~~~~~~~~~~~~~~~~~~~~~~~~~~~~~~~~~~~~~~~~~~~~~
  156 |                         DEVICE_ID, bytes[0], bytes[1]);
      |                         ~~~~~~~~~~~~~~~~~~~~~~~~~~~~~~
../Src/main.c:149:60: warning: '%d' directive writing between 1 and 2 bytes into a region of size 0 [-Wformat-overflow=]
  149 |               sprintf(txt, "Dev#%d: Expected 15 bytes, got %d\r\n", DEVICE_ID, byte_index);
      |                                                            ^~
../Src/main.c:149:28: note: directive argument in the range [0, 14]
  149 |               sprintf(txt, "Dev#%d: Expected 15 bytes, got %d\r\n", DEVICE_ID, byte_index);
      |                            ^~~~~~~~~~~~~~~~~~~~~~~~~~~~~~~~~~~~~~~
../Src/main.c:149:15: note: 'sprintf' output between 34 and 35 bytes into a destination of size 30
  149 |               sprintf(txt, "Dev#%d: Expected 15 bytes, got %d\r\n", DEVICE_ID, byte_index);
      |               ^~~~~~~~~~~~~~~~~~~~~~~~~~~~~~~~~~~~~~~~~~~~~~~~~~~~~~~~~~~~~~~~~~~~~~~~~~~~
arm-none-eabi-gcc -o "Digital_Syncro_ROME_0.1.elf" @"objects.list"   -mcpu=cortex-m3 -T"../STM32F103C8Tx_FLASH.ld" --specs=nosys.specs -Wl,-Map="Digital_Syncro_ROME_0.1.map" -Wl,--gc-sections -static --specs=nano.specs -mfloat-abi=soft -mthumb -u _printf_float -Wl,--start-group -lc -lm -Wl,--end-group
C:/ST/STM32CubeIDE_1.17.0/STM32CubeIDE/plugins/com.st.stm32cube.ide.mcu.externaltools.gnu-tools-for-stm32.12.3.rel1.win32_1.1.0.202410251130/tools/bin/../lib/gcc/arm-none-eabi/12.3.1/../../../../arm-none-eabi/bin/ld.exe: warning: Digital_Syncro_ROME_0.1.elf has a LOAD segment with RWX permissions
Finished building target: Digital_Syncro_ROME_0.1.elf
 
arm-none-eabi-size  Digital_Syncro_ROME_0.1.elf 
   text	   data	    bss	    dec	    hex	filename
  38552	    500	   3284	  42336	   a560	Digital_Syncro_ROME_0.1.elf
Finished building: default.size.stdout
 
arm-none-eabi-objdump -h -S Digital_Syncro_ROME_0.1.elf  > "Digital_Syncro_ROME_0.1.list"
Finished building: Digital_Syncro_ROME_0.1.list
 
arm-none-eabi-objcopy  -O ihex Digital_Syncro_ROME_0.1.elf  "Digital_Syncro_ROME_0.1.hex"
Finished building: Digital_Syncro_ROME_0.1.hex
 
15:40:16 **** Incremental Build of configuration Debug for project Digital_Syncro_ROME_0.1 ****
make all 
arm-none-eabi-gcc -o "Digital_Syncro_ROME_0.1.elf" @"objects.list"   -mcpu=cortex-m3 -T"../STM32F103C8Tx_FLASH.ld" --specs=nosys.specs -Wl,-Map="Digital_Syncro_ROME_0.1.map" -Wl,--gc-sections -static --specs=nano.specs -mfloat-abi=soft -mthumb -u _printf_float -Wl,--start-group -lc -lm -Wl,--end-group
C:/ST/STM32CubeIDE_1.17.0/STM32CubeIDE/plugins/com.st.stm32cube.ide.mcu.externaltools.gnu-tools-for-stm32.12.3.rel1.win32_1.1.0.202410251130/tools/bin/../lib/gcc/arm-none-eabi/12.3.1/../../../../arm-none-eabi/bin/ld.exe: warning: Digital_Syncro_ROME_0.1.elf has a LOAD segment with RWX permissions
Finished building target: Digital_Syncro_ROME_0.1.elf
 
arm-none-eabi-size  Digital_Syncro_ROME_0.1.elf 
   text	   data	    bss	    dec	    hex	filename
  38552	    500	   3284	  42336	   a560	Digital_Syncro_ROME_0.1.elf
Finished building: default.size.stdout
 
arm-none-eabi-objdump -h -S Digital_Syncro_ROME_0.1.elf  > "Digital_Syncro_ROME_0.1.list"
Finished building: Digital_Syncro_ROME_0.1.list
 
arm-none-eabi-objcopy  -O ihex Digital_Syncro_ROME_0.1.elf  "Digital_Syncro_ROME_0.1.hex"
Finished building: Digital_Syncro_ROME_0.1.hex
 
15:57:29 **** Incremental Build of configuration Debug for project Digital_Syncro_ROME_0.1 ****
make all 
arm-none-eabi-gcc "../Src/dsc_rome_16b.c" -mcpu=cortex-m3 -std=gnu11 -g3 -DUSE_HAL_DRIVER -DSTM32F103xB -c -I../Inc -I../Drivers/STM32F1xx_HAL_Driver/Inc -I../Drivers/STM32F1xx_HAL_Driver/Inc/Legacy -I../Drivers/CMSIS/Device/ST/STM32F1xx/Include -I../Drivers/CMSIS/Include -Og -ffunction-sections -Wall -fstack-usage -fcyclomatic-complexity -MMD -MP -MF"Src/dsc_rome_16b.d" -MT"Src/dsc_rome_16b.o" --specs=nano.specs -mfloat-abi=soft -mthumb -o "Src/dsc_rome_16b.o"
arm-none-eabi-gcc "../Src/main.c" -mcpu=cortex-m3 -std=gnu11 -g3 -DUSE_HAL_DRIVER -DSTM32F103xB -c -I../Inc -I../Drivers/STM32F1xx_HAL_Driver/Inc -I../Drivers/STM32F1xx_HAL_Driver/Inc/Legacy -I../Drivers/CMSIS/Device/ST/STM32F1xx/Include -I../Drivers/CMSIS/Include -Og -ffunction-sections -Wall -fstack-usage -fcyclomatic-complexity -MMD -MP -MF"Src/main.d" -MT"Src/main.o" --specs=nano.specs -mfloat-abi=soft -mthumb -o "Src/main.o"
../Src/main.c: In function 'main':
../Src/main.c:190:65: warning: 'sprintf' may write a terminating nul past the end of the destination [-Wformat-overflow=]
  190 |                     sprintf(txt, "Dev#%d Init: %u (%.2f deg)\r\n", DEVICE_ID, digital_val, syncro_val);
      |                                                                 ^
../Src/main.c:190:21: note: 'sprintf' output between 26 and 340 bytes into a destination of size 30
  190 |                     sprintf(txt, "Dev#%d Init: %u (%.2f deg)\r\n", DEVICE_ID, digital_val, syncro_val);
      |                     ^~~~~~~~~~~~~~~~~~~~~~~~~~~~~~~~~~~~~~~~~~~~~~~~~~~~~~~~~~~~~~~~~~~~~~~~~~~~~~~~~~
../Src/main.c:155:64: warning: '%02X' directive writing 2 bytes into a region of size 0 [-Wformat-overflow=]
  155 |                 sprintf(txt, "Dev#%d: Invalid header (0x%02X 0x%02X)\r\n",
      |                                                                ^~~~
../Src/main.c:155:30: note: directive argument in the range [0, 255]
  155 |                 sprintf(txt, "Dev#%d: Invalid header (0x%02X 0x%02X)\r\n",
      |                              ^~~~~~~~~~~~~~~~~~~~~~~~~~~~~~~~~~~~~~~~~~~~
../Src/main.c:155:17: note: 'sprintf' output 36 bytes into a destination of size 30
  155 |                 sprintf(txt, "Dev#%d: Invalid header (0x%02X 0x%02X)\r\n",
      |                 ^~~~~~~~~~~~~~~~~~~~~~~~~~~~~~~~~~~~~~~~~~~~~~~~~~~~~~~~~~
  156 |                         DEVICE_ID, bytes[0], bytes[1]);
      |                         ~~~~~~~~~~~~~~~~~~~~~~~~~~~~~~
../Src/main.c:149:60: warning: '%d' directive writing between 1 and 2 bytes into a region of size 0 [-Wformat-overflow=]
  149 |               sprintf(txt, "Dev#%d: Expected 15 bytes, got %d\r\n", DEVICE_ID, byte_index);
      |                                                            ^~
../Src/main.c:149:28: note: directive argument in the range [0, 14]
  149 |               sprintf(txt, "Dev#%d: Expected 15 bytes, got %d\r\n", DEVICE_ID, byte_index);
      |                            ^~~~~~~~~~~~~~~~~~~~~~~~~~~~~~~~~~~~~~~
../Src/main.c:149:15: note: 'sprintf' output between 34 and 35 bytes into a destination of size 30
  149 |               sprintf(txt, "Dev#%d: Expected 15 bytes, got %d\r\n", DEVICE_ID, byte_index);
      |               ^~~~~~~~~~~~~~~~~~~~~~~~~~~~~~~~~~~~~~~~~~~~~~~~~~~~~~~~~~~~~~~~~~~~~~~~~~~~
arm-none-eabi-gcc "../Src/stm32f1xx_hal_msp.c" -mcpu=cortex-m3 -std=gnu11 -g3 -DUSE_HAL_DRIVER -DSTM32F103xB -c -I../Inc -I../Drivers/STM32F1xx_HAL_Driver/Inc -I../Drivers/STM32F1xx_HAL_Driver/Inc/Legacy -I../Drivers/CMSIS/Device/ST/STM32F1xx/Include -I../Drivers/CMSIS/Include -Og -ffunction-sections -Wall -fstack-usage -fcyclomatic-complexity -MMD -MP -MF"Src/stm32f1xx_hal_msp.d" -MT"Src/stm32f1xx_hal_msp.o" --specs=nano.specs -mfloat-abi=soft -mthumb -o "Src/stm32f1xx_hal_msp.o"
arm-none-eabi-gcc "../Src/stm32f1xx_it.c" -mcpu=cortex-m3 -std=gnu11 -g3 -DUSE_HAL_DRIVER -DSTM32F103xB -c -I../Inc -I../Drivers/STM32F1xx_HAL_Driver/Inc -I../Drivers/STM32F1xx_HAL_Driver/Inc/Legacy -I../Drivers/CMSIS/Device/ST/STM32F1xx/Include -I../Drivers/CMSIS/Include -Og -ffunction-sections -Wall -fstack-usage -fcyclomatic-complexity -MMD -MP -MF"Src/stm32f1xx_it.d" -MT"Src/stm32f1xx_it.o" --specs=nano.specs -mfloat-abi=soft -mthumb -o "Src/stm32f1xx_it.o"
arm-none-eabi-gcc -o "Digital_Syncro_ROME_0.1.elf" @"objects.list"   -mcpu=cortex-m3 -T"../STM32F103C8Tx_FLASH.ld" --specs=nosys.specs -Wl,-Map="Digital_Syncro_ROME_0.1.map" -Wl,--gc-sections -static --specs=nano.specs -mfloat-abi=soft -mthumb -u _printf_float -Wl,--start-group -lc -lm -Wl,--end-group
C:/ST/STM32CubeIDE_1.17.0/STM32CubeIDE/plugins/com.st.stm32cube.ide.mcu.externaltools.gnu-tools-for-stm32.12.3.rel1.win32_1.1.0.202410251130/tools/bin/../lib/gcc/arm-none-eabi/12.3.1/../../../../arm-none-eabi/bin/ld.exe: warning: Digital_Syncro_ROME_0.1.elf has a LOAD segment with RWX permissions
Finished building target: Digital_Syncro_ROME_0.1.elf
 
arm-none-eabi-size  Digital_Syncro_ROME_0.1.elf 
   text	   data	    bss	    dec	    hex	filename
  38576	    500	   3284	  42360	   a578	Digital_Syncro_ROME_0.1.elf
Finished building: default.size.stdout
 
arm-none-eabi-objdump -h -S Digital_Syncro_ROME_0.1.elf  > "Digital_Syncro_ROME_0.1.list"
Finished building: Digital_Syncro_ROME_0.1.list
 
arm-none-eabi-objcopy  -O ihex Digital_Syncro_ROME_0.1.elf  "Digital_Syncro_ROME_0.1.hex"
Finished building: Digital_Syncro_ROME_0.1.hex
 
16:11:59 **** Incremental Build of configuration Debug for project Digital_Syncro_ROME_0.1 ****
make all 
arm-none-eabi-gcc -o "Digital_Syncro_ROME_0.1.elf" @"objects.list"   -mcpu=cortex-m3 -T"../STM32F103C8Tx_FLASH.ld" --specs=nosys.specs -Wl,-Map="Digital_Syncro_ROME_0.1.map" -Wl,--gc-sections -static --specs=nano.specs -mfloat-abi=soft -mthumb -u _printf_float -Wl,--start-group -lc -lm -Wl,--end-group
C:/ST/STM32CubeIDE_1.17.0/STM32CubeIDE/plugins/com.st.stm32cube.ide.mcu.externaltools.gnu-tools-for-stm32.12.3.rel1.win32_1.1.0.202410251130/tools/bin/../lib/gcc/arm-none-eabi/12.3.1/../../../../arm-none-eabi/bin/ld.exe: warning: Digital_Syncro_ROME_0.1.elf has a LOAD segment with RWX permissions
Finished building target: Digital_Syncro_ROME_0.1.elf
 
arm-none-eabi-size  Digital_Syncro_ROME_0.1.elf 
   text	   data	    bss	    dec	    hex	filename
  38576	    500	   3284	  42360	   a578	Digital_Syncro_ROME_0.1.elf
Finished building: default.size.stdout
 
arm-none-eabi-objdump -h -S Digital_Syncro_ROME_0.1.elf  > "Digital_Syncro_ROME_0.1.list"
Finished building: Digital_Syncro_ROME_0.1.list
 
arm-none-eabi-objcopy  -O ihex Digital_Syncro_ROME_0.1.elf  "Digital_Syncro_ROME_0.1.hex"
Finished building: Digital_Syncro_ROME_0.1.hex
 
16:41:51 **** Incremental Build of configuration Debug for project Digital_Syncro_ROME_0.1 ****
make all 
arm-none-eabi-gcc "../Src/dsc_rome_16b.c" -mcpu=cortex-m3 -std=gnu11 -g3 -DUSE_HAL_DRIVER -DSTM32F103xB -c -I../Inc -I../Drivers/STM32F1xx_HAL_Driver/Inc -I../Drivers/STM32F1xx_HAL_Driver/Inc/Legacy -I../Drivers/CMSIS/Device/ST/STM32F1xx/Include -I../Drivers/CMSIS/Include -Og -ffunction-sections -Wall -fstack-usage -fcyclomatic-complexity -MMD -MP -MF"Src/dsc_rome_16b.d" -MT"Src/dsc_rome_16b.o" --specs=nano.specs -mfloat-abi=soft -mthumb -o "Src/dsc_rome_16b.o"
arm-none-eabi-gcc "../Src/main.c" -mcpu=cortex-m3 -std=gnu11 -g3 -DUSE_HAL_DRIVER -DSTM32F103xB -c -I../Inc -I../Drivers/STM32F1xx_HAL_Driver/Inc -I../Drivers/STM32F1xx_HAL_Driver/Inc/Legacy -I../Drivers/CMSIS/Device/ST/STM32F1xx/Include -I../Drivers/CMSIS/Include -Og -ffunction-sections -Wall -fstack-usage -fcyclomatic-complexity -MMD -MP -MF"Src/main.d" -MT"Src/main.o" --specs=nano.specs -mfloat-abi=soft -mthumb -o "Src/main.o"
../Src/main.c: In function 'main':
../Src/main.c:190:65: warning: 'sprintf' may write a terminating nul past the end of the destination [-Wformat-overflow=]
  190 |                     sprintf(txt, "Dev#%d Init: %u (%.2f deg)\r\n", DEVICE_ID, digital_val, syncro_val);
      |                                                                 ^
../Src/main.c:190:21: note: 'sprintf' output between 26 and 340 bytes into a destination of size 30
  190 |                     sprintf(txt, "Dev#%d Init: %u (%.2f deg)\r\n", DEVICE_ID, digital_val, syncro_val);
      |                     ^~~~~~~~~~~~~~~~~~~~~~~~~~~~~~~~~~~~~~~~~~~~~~~~~~~~~~~~~~~~~~~~~~~~~~~~~~~~~~~~~~
../Src/main.c:155:64: warning: '%02X' directive writing 2 bytes into a region of size 0 [-Wformat-overflow=]
  155 |                 sprintf(txt, "Dev#%d: Invalid header (0x%02X 0x%02X)\r\n",
      |                                                                ^~~~
../Src/main.c:155:30: note: directive argument in the range [0, 255]
  155 |                 sprintf(txt, "Dev#%d: Invalid header (0x%02X 0x%02X)\r\n",
      |                              ^~~~~~~~~~~~~~~~~~~~~~~~~~~~~~~~~~~~~~~~~~~~
../Src/main.c:155:17: note: 'sprintf' output 36 bytes into a destination of size 30
  155 |                 sprintf(txt, "Dev#%d: Invalid header (0x%02X 0x%02X)\r\n",
      |                 ^~~~~~~~~~~~~~~~~~~~~~~~~~~~~~~~~~~~~~~~~~~~~~~~~~~~~~~~~~
  156 |                         DEVICE_ID, bytes[0], bytes[1]);
      |                         ~~~~~~~~~~~~~~~~~~~~~~~~~~~~~~
../Src/main.c:149:60: warning: '%d' directive writing between 1 and 2 bytes into a region of size 0 [-Wformat-overflow=]
  149 |               sprintf(txt, "Dev#%d: Expected 15 bytes, got %d\r\n", DEVICE_ID, byte_index);
      |                                                            ^~
../Src/main.c:149:28: note: directive argument in the range [0, 14]
  149 |               sprintf(txt, "Dev#%d: Expected 15 bytes, got %d\r\n", DEVICE_ID, byte_index);
      |                            ^~~~~~~~~~~~~~~~~~~~~~~~~~~~~~~~~~~~~~~
../Src/main.c:149:15: note: 'sprintf' output between 34 and 35 bytes into a destination of size 30
  149 |               sprintf(txt, "Dev#%d: Expected 15 bytes, got %d\r\n", DEVICE_ID, byte_index);
      |               ^~~~~~~~~~~~~~~~~~~~~~~~~~~~~~~~~~~~~~~~~~~~~~~~~~~~~~~~~~~~~~~~~~~~~~~~~~~~
arm-none-eabi-gcc "../Src/stm32f1xx_hal_msp.c" -mcpu=cortex-m3 -std=gnu11 -g3 -DUSE_HAL_DRIVER -DSTM32F103xB -c -I../Inc -I../Drivers/STM32F1xx_HAL_Driver/Inc -I../Drivers/STM32F1xx_HAL_Driver/Inc/Legacy -I../Drivers/CMSIS/Device/ST/STM32F1xx/Include -I../Drivers/CMSIS/Include -Og -ffunction-sections -Wall -fstack-usage -fcyclomatic-complexity -MMD -MP -MF"Src/stm32f1xx_hal_msp.d" -MT"Src/stm32f1xx_hal_msp.o" --specs=nano.specs -mfloat-abi=soft -mthumb -o "Src/stm32f1xx_hal_msp.o"
arm-none-eabi-gcc "../Src/stm32f1xx_it.c" -mcpu=cortex-m3 -std=gnu11 -g3 -DUSE_HAL_DRIVER -DSTM32F103xB -c -I../Inc -I../Drivers/STM32F1xx_HAL_Driver/Inc -I../Drivers/STM32F1xx_HAL_Driver/Inc/Legacy -I../Drivers/CMSIS/Device/ST/STM32F1xx/Include -I../Drivers/CMSIS/Include -Og -ffunction-sections -Wall -fstack-usage -fcyclomatic-complexity -MMD -MP -MF"Src/stm32f1xx_it.d" -MT"Src/stm32f1xx_it.o" --specs=nano.specs -mfloat-abi=soft -mthumb -o "Src/stm32f1xx_it.o"
arm-none-eabi-gcc -o "Digital_Syncro_ROME_0.1.elf" @"objects.list"   -mcpu=cortex-m3 -T"../STM32F103C8Tx_FLASH.ld" --specs=nosys.specs -Wl,-Map="Digital_Syncro_ROME_0.1.map" -Wl,--gc-sections -static --specs=nano.specs -mfloat-abi=soft -mthumb -u _printf_float -Wl,--start-group -lc -lm -Wl,--end-group
C:/ST/STM32CubeIDE_1.17.0/STM32CubeIDE/plugins/com.st.stm32cube.ide.mcu.externaltools.gnu-tools-for-stm32.12.3.rel1.win32_1.1.0.202410251130/tools/bin/../lib/gcc/arm-none-eabi/12.3.1/../../../../arm-none-eabi/bin/ld.exe: warning: Digital_Syncro_ROME_0.1.elf has a LOAD segment with RWX permissions
Finished building target: Digital_Syncro_ROME_0.1.elf
 
arm-none-eabi-size  Digital_Syncro_ROME_0.1.elf 
   text	   data	    bss	    dec	    hex	filename
  38584	    500	   3284	  42368	   a580	Digital_Syncro_ROME_0.1.elf
Finished building: default.size.stdout
 
arm-none-eabi-objdump -h -S Digital_Syncro_ROME_0.1.elf  > "Digital_Syncro_ROME_0.1.list"
Finished building: Digital_Syncro_ROME_0.1.list
 
arm-none-eabi-objcopy  -O ihex Digital_Syncro_ROME_0.1.elf  "Digital_Syncro_ROME_0.1.hex"
Finished building: Digital_Syncro_ROME_0.1.hex
 
16:44:22 **** Incremental Build of configuration Debug for project Digital_Syncro_ROME_0.1 ****
make all 
arm-none-eabi-gcc "../Src/dsc_rome_16b.c" -mcpu=cortex-m3 -std=gnu11 -g3 -DUSE_HAL_DRIVER -DSTM32F103xB -c -I../Inc -I../Drivers/STM32F1xx_HAL_Driver/Inc -I../Drivers/STM32F1xx_HAL_Driver/Inc/Legacy -I../Drivers/CMSIS/Device/ST/STM32F1xx/Include -I../Drivers/CMSIS/Include -Og -ffunction-sections -Wall -fstack-usage -fcyclomatic-complexity -MMD -MP -MF"Src/dsc_rome_16b.d" -MT"Src/dsc_rome_16b.o" --specs=nano.specs -mfloat-abi=soft -mthumb -o "Src/dsc_rome_16b.o"
arm-none-eabi-gcc "../Src/main.c" -mcpu=cortex-m3 -std=gnu11 -g3 -DUSE_HAL_DRIVER -DSTM32F103xB -c -I../Inc -I../Drivers/STM32F1xx_HAL_Driver/Inc -I../Drivers/STM32F1xx_HAL_Driver/Inc/Legacy -I../Drivers/CMSIS/Device/ST/STM32F1xx/Include -I../Drivers/CMSIS/Include -Og -ffunction-sections -Wall -fstack-usage -fcyclomatic-complexity -MMD -MP -MF"Src/main.d" -MT"Src/main.o" --specs=nano.specs -mfloat-abi=soft -mthumb -o "Src/main.o"
../Src/main.c: In function 'main':
../Src/main.c:190:65: warning: 'sprintf' may write a terminating nul past the end of the destination [-Wformat-overflow=]
  190 |                     sprintf(txt, "Dev#%d Init: %u (%.2f deg)\r\n", DEVICE_ID, digital_val, syncro_val);
      |                                                                 ^
../Src/main.c:190:21: note: 'sprintf' output between 26 and 340 bytes into a destination of size 30
  190 |                     sprintf(txt, "Dev#%d Init: %u (%.2f deg)\r\n", DEVICE_ID, digital_val, syncro_val);
      |                     ^~~~~~~~~~~~~~~~~~~~~~~~~~~~~~~~~~~~~~~~~~~~~~~~~~~~~~~~~~~~~~~~~~~~~~~~~~~~~~~~~~
../Src/main.c:155:64: warning: '%02X' directive writing 2 bytes into a region of size 0 [-Wformat-overflow=]
  155 |                 sprintf(txt, "Dev#%d: Invalid header (0x%02X 0x%02X)\r\n",
      |                                                                ^~~~
../Src/main.c:155:30: note: directive argument in the range [0, 255]
  155 |                 sprintf(txt, "Dev#%d: Invalid header (0x%02X 0x%02X)\r\n",
      |                              ^~~~~~~~~~~~~~~~~~~~~~~~~~~~~~~~~~~~~~~~~~~~
../Src/main.c:155:17: note: 'sprintf' output 36 bytes into a destination of size 30
  155 |                 sprintf(txt, "Dev#%d: Invalid header (0x%02X 0x%02X)\r\n",
      |                 ^~~~~~~~~~~~~~~~~~~~~~~~~~~~~~~~~~~~~~~~~~~~~~~~~~~~~~~~~~
  156 |                         DEVICE_ID, bytes[0], bytes[1]);
      |                         ~~~~~~~~~~~~~~~~~~~~~~~~~~~~~~
../Src/main.c:149:60: warning: '%d' directive writing between 1 and 2 bytes into a region of size 0 [-Wformat-overflow=]
  149 |               sprintf(txt, "Dev#%d: Expected 15 bytes, got %d\r\n", DEVICE_ID, byte_index);
      |                                                            ^~
../Src/main.c:149:28: note: directive argument in the range [0, 14]
  149 |               sprintf(txt, "Dev#%d: Expected 15 bytes, got %d\r\n", DEVICE_ID, byte_index);
      |                            ^~~~~~~~~~~~~~~~~~~~~~~~~~~~~~~~~~~~~~~
../Src/main.c:149:15: note: 'sprintf' output between 34 and 35 bytes into a destination of size 30
  149 |               sprintf(txt, "Dev#%d: Expected 15 bytes, got %d\r\n", DEVICE_ID, byte_index);
      |               ^~~~~~~~~~~~~~~~~~~~~~~~~~~~~~~~~~~~~~~~~~~~~~~~~~~~~~~~~~~~~~~~~~~~~~~~~~~~
arm-none-eabi-gcc "../Src/stm32f1xx_hal_msp.c" -mcpu=cortex-m3 -std=gnu11 -g3 -DUSE_HAL_DRIVER -DSTM32F103xB -c -I../Inc -I../Drivers/STM32F1xx_HAL_Driver/Inc -I../Drivers/STM32F1xx_HAL_Driver/Inc/Legacy -I../Drivers/CMSIS/Device/ST/STM32F1xx/Include -I../Drivers/CMSIS/Include -Og -ffunction-sections -Wall -fstack-usage -fcyclomatic-complexity -MMD -MP -MF"Src/stm32f1xx_hal_msp.d" -MT"Src/stm32f1xx_hal_msp.o" --specs=nano.specs -mfloat-abi=soft -mthumb -o "Src/stm32f1xx_hal_msp.o"
arm-none-eabi-gcc "../Src/stm32f1xx_it.c" -mcpu=cortex-m3 -std=gnu11 -g3 -DUSE_HAL_DRIVER -DSTM32F103xB -c -I../Inc -I../Drivers/STM32F1xx_HAL_Driver/Inc -I../Drivers/STM32F1xx_HAL_Driver/Inc/Legacy -I../Drivers/CMSIS/Device/ST/STM32F1xx/Include -I../Drivers/CMSIS/Include -Og -ffunction-sections -Wall -fstack-usage -fcyclomatic-complexity -MMD -MP -MF"Src/stm32f1xx_it.d" -MT"Src/stm32f1xx_it.o" --specs=nano.specs -mfloat-abi=soft -mthumb -o "Src/stm32f1xx_it.o"
arm-none-eabi-gcc -o "Digital_Syncro_ROME_0.1.elf" @"objects.list"   -mcpu=cortex-m3 -T"../STM32F103C8Tx_FLASH.ld" --specs=nosys.specs -Wl,-Map="Digital_Syncro_ROME_0.1.map" -Wl,--gc-sections -static --specs=nano.specs -mfloat-abi=soft -mthumb -u _printf_float -Wl,--start-group -lc -lm -Wl,--end-group
C:/ST/STM32CubeIDE_1.17.0/STM32CubeIDE/plugins/com.st.stm32cube.ide.mcu.externaltools.gnu-tools-for-stm32.12.3.rel1.win32_1.1.0.202410251130/tools/bin/../lib/gcc/arm-none-eabi/12.3.1/../../../../arm-none-eabi/bin/ld.exe: warning: Digital_Syncro_ROME_0.1.elf has a LOAD segment with RWX permissions
Finished building target: Digital_Syncro_ROME_0.1.elf
 
arm-none-eabi-size  Digital_Syncro_ROME_0.1.elf 
   text	   data	    bss	    dec	    hex	filename
  38584	    500	   3284	  42368	   a580	Digital_Syncro_ROME_0.1.elf
Finished building: default.size.stdout
 
arm-none-eabi-objdump -h -S Digital_Syncro_ROME_0.1.elf  > "Digital_Syncro_ROME_0.1.list"
Finished building: Digital_Syncro_ROME_0.1.list
 
arm-none-eabi-objcopy  -O ihex Digital_Syncro_ROME_0.1.elf  "Digital_Syncro_ROME_0.1.hex"
Finished building: Digital_Syncro_ROME_0.1.hex
 
16:45:37 **** Incremental Build of configuration Debug for project Digital_Syncro_ROME_0.1 ****
make all 
arm-none-eabi-gcc "../Src/dsc_rome_16b.c" -mcpu=cortex-m3 -std=gnu11 -g3 -DUSE_HAL_DRIVER -DSTM32F103xB -c -I../Inc -I../Drivers/STM32F1xx_HAL_Driver/Inc -I../Drivers/STM32F1xx_HAL_Driver/Inc/Legacy -I../Drivers/CMSIS/Device/ST/STM32F1xx/Include -I../Drivers/CMSIS/Include -Og -ffunction-sections -Wall -fstack-usage -fcyclomatic-complexity -MMD -MP -MF"Src/dsc_rome_16b.d" -MT"Src/dsc_rome_16b.o" --specs=nano.specs -mfloat-abi=soft -mthumb -o "Src/dsc_rome_16b.o"
arm-none-eabi-gcc "../Src/main.c" -mcpu=cortex-m3 -std=gnu11 -g3 -DUSE_HAL_DRIVER -DSTM32F103xB -c -I../Inc -I../Drivers/STM32F1xx_HAL_Driver/Inc -I../Drivers/STM32F1xx_HAL_Driver/Inc/Legacy -I../Drivers/CMSIS/Device/ST/STM32F1xx/Include -I../Drivers/CMSIS/Include -Og -ffunction-sections -Wall -fstack-usage -fcyclomatic-complexity -MMD -MP -MF"Src/main.d" -MT"Src/main.o" --specs=nano.specs -mfloat-abi=soft -mthumb -o "Src/main.o"
../Src/main.c: In function 'main':
../Src/main.c:190:65: warning: 'sprintf' may write a terminating nul past the end of the destination [-Wformat-overflow=]
  190 |                     sprintf(txt, "Dev#%d Init: %u (%.2f deg)\r\n", DEVICE_ID, digital_val, syncro_val);
      |                                                                 ^
../Src/main.c:190:21: note: 'sprintf' output between 26 and 340 bytes into a destination of size 30
  190 |                     sprintf(txt, "Dev#%d Init: %u (%.2f deg)\r\n", DEVICE_ID, digital_val, syncro_val);
      |                     ^~~~~~~~~~~~~~~~~~~~~~~~~~~~~~~~~~~~~~~~~~~~~~~~~~~~~~~~~~~~~~~~~~~~~~~~~~~~~~~~~~
../Src/main.c:155:64: warning: '%02X' directive writing 2 bytes into a region of size 0 [-Wformat-overflow=]
  155 |                 sprintf(txt, "Dev#%d: Invalid header (0x%02X 0x%02X)\r\n",
      |                                                                ^~~~
../Src/main.c:155:30: note: directive argument in the range [0, 255]
  155 |                 sprintf(txt, "Dev#%d: Invalid header (0x%02X 0x%02X)\r\n",
      |                              ^~~~~~~~~~~~~~~~~~~~~~~~~~~~~~~~~~~~~~~~~~~~
../Src/main.c:155:17: note: 'sprintf' output 36 bytes into a destination of size 30
  155 |                 sprintf(txt, "Dev#%d: Invalid header (0x%02X 0x%02X)\r\n",
      |                 ^~~~~~~~~~~~~~~~~~~~~~~~~~~~~~~~~~~~~~~~~~~~~~~~~~~~~~~~~~
  156 |                         DEVICE_ID, bytes[0], bytes[1]);
      |                         ~~~~~~~~~~~~~~~~~~~~~~~~~~~~~~
../Src/main.c:149:60: warning: '%d' directive writing between 1 and 2 bytes into a region of size 0 [-Wformat-overflow=]
  149 |               sprintf(txt, "Dev#%d: Expected 15 bytes, got %d\r\n", DEVICE_ID, byte_index);
      |                                                            ^~
../Src/main.c:149:28: note: directive argument in the range [0, 14]
  149 |               sprintf(txt, "Dev#%d: Expected 15 bytes, got %d\r\n", DEVICE_ID, byte_index);
      |                            ^~~~~~~~~~~~~~~~~~~~~~~~~~~~~~~~~~~~~~~
../Src/main.c:149:15: note: 'sprintf' output between 34 and 35 bytes into a destination of size 30
  149 |               sprintf(txt, "Dev#%d: Expected 15 bytes, got %d\r\n", DEVICE_ID, byte_index);
      |               ^~~~~~~~~~~~~~~~~~~~~~~~~~~~~~~~~~~~~~~~~~~~~~~~~~~~~~~~~~~~~~~~~~~~~~~~~~~~
arm-none-eabi-gcc "../Src/stm32f1xx_hal_msp.c" -mcpu=cortex-m3 -std=gnu11 -g3 -DUSE_HAL_DRIVER -DSTM32F103xB -c -I../Inc -I../Drivers/STM32F1xx_HAL_Driver/Inc -I../Drivers/STM32F1xx_HAL_Driver/Inc/Legacy -I../Drivers/CMSIS/Device/ST/STM32F1xx/Include -I../Drivers/CMSIS/Include -Og -ffunction-sections -Wall -fstack-usage -fcyclomatic-complexity -MMD -MP -MF"Src/stm32f1xx_hal_msp.d" -MT"Src/stm32f1xx_hal_msp.o" --specs=nano.specs -mfloat-abi=soft -mthumb -o "Src/stm32f1xx_hal_msp.o"
arm-none-eabi-gcc "../Src/stm32f1xx_it.c" -mcpu=cortex-m3 -std=gnu11 -g3 -DUSE_HAL_DRIVER -DSTM32F103xB -c -I../Inc -I../Drivers/STM32F1xx_HAL_Driver/Inc -I../Drivers/STM32F1xx_HAL_Driver/Inc/Legacy -I../Drivers/CMSIS/Device/ST/STM32F1xx/Include -I../Drivers/CMSIS/Include -Og -ffunction-sections -Wall -fstack-usage -fcyclomatic-complexity -MMD -MP -MF"Src/stm32f1xx_it.d" -MT"Src/stm32f1xx_it.o" --specs=nano.specs -mfloat-abi=soft -mthumb -o "Src/stm32f1xx_it.o"
arm-none-eabi-gcc -o "Digital_Syncro_ROME_0.1.elf" @"objects.list"   -mcpu=cortex-m3 -T"../STM32F103C8Tx_FLASH.ld" --specs=nosys.specs -Wl,-Map="Digital_Syncro_ROME_0.1.map" -Wl,--gc-sections -static --specs=nano.specs -mfloat-abi=soft -mthumb -u _printf_float -Wl,--start-group -lc -lm -Wl,--end-group
C:/ST/STM32CubeIDE_1.17.0/STM32CubeIDE/plugins/com.st.stm32cube.ide.mcu.externaltools.gnu-tools-for-stm32.12.3.rel1.win32_1.1.0.202410251130/tools/bin/../lib/gcc/arm-none-eabi/12.3.1/../../../../arm-none-eabi/bin/ld.exe: warning: Digital_Syncro_ROME_0.1.elf has a LOAD segment with RWX permissions
Finished building target: Digital_Syncro_ROME_0.1.elf
 
arm-none-eabi-size  Digital_Syncro_ROME_0.1.elf 
   text	   data	    bss	    dec	    hex	filename
  38584	    500	   3284	  42368	   a580	Digital_Syncro_ROME_0.1.elf
Finished building: default.size.stdout
 
arm-none-eabi-objdump -h -S Digital_Syncro_ROME_0.1.elf  > "Digital_Syncro_ROME_0.1.list"
Finished building: Digital_Syncro_ROME_0.1.list
 
arm-none-eabi-objcopy  -O ihex Digital_Syncro_ROME_0.1.elf  "Digital_Syncro_ROME_0.1.hex"
Finished building: Digital_Syncro_ROME_0.1.hex
 
16:14:58 **** Incremental Build of configuration Debug for project Digital_Syncro_ROME_0.1 ****
make all 
arm-none-eabi-gcc "../Src/dsc_rome_16b.c" -mcpu=cortex-m3 -std=gnu11 -g3 -DUSE_HAL_DRIVER -DSTM32F103xB -c -I../Inc -I../Drivers/STM32F1xx_HAL_Driver/Inc -I../Drivers/STM32F1xx_HAL_Driver/Inc/Legacy -I../Drivers/CMSIS/Device/ST/STM32F1xx/Include -I../Drivers/CMSIS/Include -Og -ffunction-sections -Wall -fstack-usage -fcyclomatic-complexity -MMD -MP -MF"Src/dsc_rome_16b.d" -MT"Src/dsc_rome_16b.o" --specs=nano.specs -mfloat-abi=soft -mthumb -o "Src/dsc_rome_16b.o"
arm-none-eabi-gcc "../Src/main.c" -mcpu=cortex-m3 -std=gnu11 -g3 -DUSE_HAL_DRIVER -DSTM32F103xB -c -I../Inc -I../Drivers/STM32F1xx_HAL_Driver/Inc -I../Drivers/STM32F1xx_HAL_Driver/Inc/Legacy -I../Drivers/CMSIS/Device/ST/STM32F1xx/Include -I../Drivers/CMSIS/Include -Og -ffunction-sections -Wall -fstack-usage -fcyclomatic-complexity -MMD -MP -MF"Src/main.d" -MT"Src/main.o" --specs=nano.specs -mfloat-abi=soft -mthumb -o "Src/main.o"
../Src/main.c: In function 'main':
../Src/main.c:187:65: warning: 'sprintf' may write a terminating nul past the end of the destination [-Wformat-overflow=]
  187 |                     sprintf(txt, "Dev#%d Init: %u (%.2f deg)\r\n", DEVICE_ID, digital_val, syncro_val);
      |                                                                 ^
../Src/main.c:187:21: note: 'sprintf' output between 26 and 340 bytes into a destination of size 30
  187 |                     sprintf(txt, "Dev#%d Init: %u (%.2f deg)\r\n", DEVICE_ID, digital_val, syncro_val);
      |                     ^~~~~~~~~~~~~~~~~~~~~~~~~~~~~~~~~~~~~~~~~~~~~~~~~~~~~~~~~~~~~~~~~~~~~~~~~~~~~~~~~~
arm-none-eabi-gcc "../Src/stm32f1xx_hal_msp.c" -mcpu=cortex-m3 -std=gnu11 -g3 -DUSE_HAL_DRIVER -DSTM32F103xB -c -I../Inc -I../Drivers/STM32F1xx_HAL_Driver/Inc -I../Drivers/STM32F1xx_HAL_Driver/Inc/Legacy -I../Drivers/CMSIS/Device/ST/STM32F1xx/Include -I../Drivers/CMSIS/Include -Og -ffunction-sections -Wall -fstack-usage -fcyclomatic-complexity -MMD -MP -MF"Src/stm32f1xx_hal_msp.d" -MT"Src/stm32f1xx_hal_msp.o" --specs=nano.specs -mfloat-abi=soft -mthumb -o "Src/stm32f1xx_hal_msp.o"
arm-none-eabi-gcc "../Src/stm32f1xx_it.c" -mcpu=cortex-m3 -std=gnu11 -g3 -DUSE_HAL_DRIVER -DSTM32F103xB -c -I../Inc -I../Drivers/STM32F1xx_HAL_Driver/Inc -I../Drivers/STM32F1xx_HAL_Driver/Inc/Legacy -I../Drivers/CMSIS/Device/ST/STM32F1xx/Include -I../Drivers/CMSIS/Include -Og -ffunction-sections -Wall -fstack-usage -fcyclomatic-complexity -MMD -MP -MF"Src/stm32f1xx_it.d" -MT"Src/stm32f1xx_it.o" --specs=nano.specs -mfloat-abi=soft -mthumb -o "Src/stm32f1xx_it.o"
arm-none-eabi-gcc -o "Digital_Syncro_ROME_0.1.elf" @"objects.list"   -mcpu=cortex-m3 -T"../STM32F103C8Tx_FLASH.ld" --specs=nosys.specs -Wl,-Map="Digital_Syncro_ROME_0.1.map" -Wl,--gc-sections -static --specs=nano.specs -mfloat-abi=soft -mthumb -u _printf_float -Wl,--start-group -lc -lm -Wl,--end-group
C:/ST/STM32CubeIDE_1.17.0/STM32CubeIDE/plugins/com.st.stm32cube.ide.mcu.externaltools.gnu-tools-for-stm32.12.3.rel1.win32_1.1.0.202410251130/tools/bin/../lib/gcc/arm-none-eabi/12.3.1/../../../../arm-none-eabi/bin/ld.exe: warning: Digital_Syncro_ROME_0.1.elf has a LOAD segment with RWX permissions
Finished building target: Digital_Syncro_ROME_0.1.elf
 
arm-none-eabi-size  Digital_Syncro_ROME_0.1.elf 
   text	   data	    bss	    dec	    hex	filename
  38424	    500	   3284	  42208	   a4e0	Digital_Syncro_ROME_0.1.elf
Finished building: default.size.stdout
 
arm-none-eabi-objdump -h -S Digital_Syncro_ROME_0.1.elf  > "Digital_Syncro_ROME_0.1.list"
Finished building: Digital_Syncro_ROME_0.1.list
 
arm-none-eabi-objcopy  -O ihex Digital_Syncro_ROME_0.1.elf  "Digital_Syncro_ROME_0.1.hex"
Finished building: Digital_Syncro_ROME_0.1.hex
 
16:21:12 **** Incremental Build of configuration Debug for project Digital_Syncro_ROME_0.1 ****
make all 
arm-none-eabi-gcc "../Src/dsc_rome_16b.c" -mcpu=cortex-m3 -std=gnu11 -g3 -DUSE_HAL_DRIVER -DSTM32F103xB -c -I../Inc -I../Drivers/STM32F1xx_HAL_Driver/Inc -I../Drivers/STM32F1xx_HAL_Driver/Inc/Legacy -I../Drivers/CMSIS/Device/ST/STM32F1xx/Include -I../Drivers/CMSIS/Include -Og -ffunction-sections -Wall -fstack-usage -fcyclomatic-complexity -MMD -MP -MF"Src/dsc_rome_16b.d" -MT"Src/dsc_rome_16b.o" --specs=nano.specs -mfloat-abi=soft -mthumb -o "Src/dsc_rome_16b.o"
arm-none-eabi-gcc "../Src/main.c" -mcpu=cortex-m3 -std=gnu11 -g3 -DUSE_HAL_DRIVER -DSTM32F103xB -c -I../Inc -I../Drivers/STM32F1xx_HAL_Driver/Inc -I../Drivers/STM32F1xx_HAL_Driver/Inc/Legacy -I../Drivers/CMSIS/Device/ST/STM32F1xx/Include -I../Drivers/CMSIS/Include -Og -ffunction-sections -Wall -fstack-usage -fcyclomatic-complexity -MMD -MP -MF"Src/main.d" -MT"Src/main.o" --specs=nano.specs -mfloat-abi=soft -mthumb -o "Src/main.o"
../Src/main.c: In function 'main':
../Src/main.c:187:65: warning: 'sprintf' may write a terminating nul past the end of the destination [-Wformat-overflow=]
  187 |                     sprintf(txt, "Dev#%d Init: %u (%.2f deg)\r\n", DEVICE_ID, digital_val, syncro_val);
      |                                                                 ^
../Src/main.c:187:21: note: 'sprintf' output between 26 and 340 bytes into a destination of size 30
  187 |                     sprintf(txt, "Dev#%d Init: %u (%.2f deg)\r\n", DEVICE_ID, digital_val, syncro_val);
      |                     ^~~~~~~~~~~~~~~~~~~~~~~~~~~~~~~~~~~~~~~~~~~~~~~~~~~~~~~~~~~~~~~~~~~~~~~~~~~~~~~~~~
arm-none-eabi-gcc "../Src/stm32f1xx_hal_msp.c" -mcpu=cortex-m3 -std=gnu11 -g3 -DUSE_HAL_DRIVER -DSTM32F103xB -c -I../Inc -I../Drivers/STM32F1xx_HAL_Driver/Inc -I../Drivers/STM32F1xx_HAL_Driver/Inc/Legacy -I../Drivers/CMSIS/Device/ST/STM32F1xx/Include -I../Drivers/CMSIS/Include -Og -ffunction-sections -Wall -fstack-usage -fcyclomatic-complexity -MMD -MP -MF"Src/stm32f1xx_hal_msp.d" -MT"Src/stm32f1xx_hal_msp.o" --specs=nano.specs -mfloat-abi=soft -mthumb -o "Src/stm32f1xx_hal_msp.o"
arm-none-eabi-gcc "../Src/stm32f1xx_it.c" -mcpu=cortex-m3 -std=gnu11 -g3 -DUSE_HAL_DRIVER -DSTM32F103xB -c -I../Inc -I../Drivers/STM32F1xx_HAL_Driver/Inc -I../Drivers/STM32F1xx_HAL_Driver/Inc/Legacy -I../Drivers/CMSIS/Device/ST/STM32F1xx/Include -I../Drivers/CMSIS/Include -Og -ffunction-sections -Wall -fstack-usage -fcyclomatic-complexity -MMD -MP -MF"Src/stm32f1xx_it.d" -MT"Src/stm32f1xx_it.o" --specs=nano.specs -mfloat-abi=soft -mthumb -o "Src/stm32f1xx_it.o"
arm-none-eabi-gcc -o "Digital_Syncro_ROME_0.1.elf" @"objects.list"   -mcpu=cortex-m3 -T"../STM32F103C8Tx_FLASH.ld" --specs=nosys.specs -Wl,-Map="Digital_Syncro_ROME_0.1.map" -Wl,--gc-sections -static --specs=nano.specs -mfloat-abi=soft -mthumb -u _printf_float -Wl,--start-group -lc -lm -Wl,--end-group
C:/ST/STM32CubeIDE_1.17.0/STM32CubeIDE/plugins/com.st.stm32cube.ide.mcu.externaltools.gnu-tools-for-stm32.12.3.rel1.win32_1.1.0.202410251130/tools/bin/../lib/gcc/arm-none-eabi/12.3.1/../../../../arm-none-eabi/bin/ld.exe: warning: Digital_Syncro_ROME_0.1.elf has a LOAD segment with RWX permissions
Finished building target: Digital_Syncro_ROME_0.1.elf
 
arm-none-eabi-size  Digital_Syncro_ROME_0.1.elf 
   text	   data	    bss	    dec	    hex	filename
  38424	    500	   3284	  42208	   a4e0	Digital_Syncro_ROME_0.1.elf
Finished building: default.size.stdout
 
arm-none-eabi-objdump -h -S Digital_Syncro_ROME_0.1.elf  > "Digital_Syncro_ROME_0.1.list"
Finished building: Digital_Syncro_ROME_0.1.list
 
arm-none-eabi-objcopy  -O ihex Digital_Syncro_ROME_0.1.elf  "Digital_Syncro_ROME_0.1.hex"
Finished building: Digital_Syncro_ROME_0.1.hex
 
10:33:19 **** Incremental Build of configuration Debug for project Digital_Syncro_ROME_0.1 ****
make all 
arm-none-eabi-gcc "../Src/main.c" -mcpu=cortex-m3 -std=gnu11 -g3 -DUSE_HAL_DRIVER -DSTM32F103xB -c -I../Inc -I../Drivers/STM32F1xx_HAL_Driver/Inc -I../Drivers/STM32F1xx_HAL_Driver/Inc/Legacy -I../Drivers/CMSIS/Device/ST/STM32F1xx/Include -I../Drivers/CMSIS/Include -Og -ffunction-sections -Wall -fstack-usage -fcyclomatic-complexity -MMD -MP -MF"Src/main.d" -MT"Src/main.o" --specs=nano.specs -mfloat-abi=soft -mthumb -o "Src/main.o"
arm-none-eabi-gcc -o "Digital_Syncro_ROME_0.1.elf" @"objects.list"   -mcpu=cortex-m3 -T"../STM32F103C8Tx_FLASH.ld" --specs=nosys.specs -Wl,-Map="Digital_Syncro_ROME_0.1.map" -Wl,--gc-sections -static --specs=nano.specs -mfloat-abi=soft -mthumb -u _printf_float -Wl,--start-group -lc -lm -Wl,--end-group
C:/ST/STM32CubeIDE_1.17.0/STM32CubeIDE/plugins/com.st.stm32cube.ide.mcu.externaltools.gnu-tools-for-stm32.12.3.rel1.win32_1.1.0.202410251130/tools/bin/../lib/gcc/arm-none-eabi/12.3.1/../../../../arm-none-eabi/bin/ld.exe: warning: Digital_Syncro_ROME_0.1.elf has a LOAD segment with RWX permissions
Finished building target: Digital_Syncro_ROME_0.1.elf
 
arm-none-eabi-size  Digital_Syncro_ROME_0.1.elf 
   text	   data	    bss	    dec	    hex	filename
  38424	    500	   3284	  42208	   a4e0	Digital_Syncro_ROME_0.1.elf
Finished building: default.size.stdout
 
arm-none-eabi-objdump -h -S Digital_Syncro_ROME_0.1.elf  > "Digital_Syncro_ROME_0.1.list"
Finished building: Digital_Syncro_ROME_0.1.list
 
arm-none-eabi-objcopy  -O ihex Digital_Syncro_ROME_0.1.elf  "Digital_Syncro_ROME_0.1.hex"
Finished building: Digital_Syncro_ROME_0.1.hex
 
10:34:25 **** Incremental Build of configuration Debug for project Digital_Syncro_ROME_0.1 ****
make all 
arm-none-eabi-gcc "../Src/dsc_rome_16b.c" -mcpu=cortex-m3 -std=gnu11 -g3 -DUSE_HAL_DRIVER -DSTM32F103xB -c -I../Inc -I../Drivers/STM32F1xx_HAL_Driver/Inc -I../Drivers/STM32F1xx_HAL_Driver/Inc/Legacy -I../Drivers/CMSIS/Device/ST/STM32F1xx/Include -I../Drivers/CMSIS/Include -Og -ffunction-sections -Wall -fstack-usage -fcyclomatic-complexity -MMD -MP -MF"Src/dsc_rome_16b.d" -MT"Src/dsc_rome_16b.o" --specs=nano.specs -mfloat-abi=soft -mthumb -o "Src/dsc_rome_16b.o"
arm-none-eabi-gcc "../Src/main.c" -mcpu=cortex-m3 -std=gnu11 -g3 -DUSE_HAL_DRIVER -DSTM32F103xB -c -I../Inc -I../Drivers/STM32F1xx_HAL_Driver/Inc -I../Drivers/STM32F1xx_HAL_Driver/Inc/Legacy -I../Drivers/CMSIS/Device/ST/STM32F1xx/Include -I../Drivers/CMSIS/Include -Og -ffunction-sections -Wall -fstack-usage -fcyclomatic-complexity -MMD -MP -MF"Src/main.d" -MT"Src/main.o" --specs=nano.specs -mfloat-abi=soft -mthumb -o "Src/main.o"
arm-none-eabi-gcc "../Src/stm32f1xx_hal_msp.c" -mcpu=cortex-m3 -std=gnu11 -g3 -DUSE_HAL_DRIVER -DSTM32F103xB -c -I../Inc -I../Drivers/STM32F1xx_HAL_Driver/Inc -I../Drivers/STM32F1xx_HAL_Driver/Inc/Legacy -I../Drivers/CMSIS/Device/ST/STM32F1xx/Include -I../Drivers/CMSIS/Include -Og -ffunction-sections -Wall -fstack-usage -fcyclomatic-complexity -MMD -MP -MF"Src/stm32f1xx_hal_msp.d" -MT"Src/stm32f1xx_hal_msp.o" --specs=nano.specs -mfloat-abi=soft -mthumb -o "Src/stm32f1xx_hal_msp.o"
arm-none-eabi-gcc "../Src/stm32f1xx_it.c" -mcpu=cortex-m3 -std=gnu11 -g3 -DUSE_HAL_DRIVER -DSTM32F103xB -c -I../Inc -I../Drivers/STM32F1xx_HAL_Driver/Inc -I../Drivers/STM32F1xx_HAL_Driver/Inc/Legacy -I../Drivers/CMSIS/Device/ST/STM32F1xx/Include -I../Drivers/CMSIS/Include -Og -ffunction-sections -Wall -fstack-usage -fcyclomatic-complexity -MMD -MP -MF"Src/stm32f1xx_it.d" -MT"Src/stm32f1xx_it.o" --specs=nano.specs -mfloat-abi=soft -mthumb -o "Src/stm32f1xx_it.o"
arm-none-eabi-gcc -o "Digital_Syncro_ROME_0.1.elf" @"objects.list"   -mcpu=cortex-m3 -T"../STM32F103C8Tx_FLASH.ld" --specs=nosys.specs -Wl,-Map="Digital_Syncro_ROME_0.1.map" -Wl,--gc-sections -static --specs=nano.specs -mfloat-abi=soft -mthumb -u _printf_float -Wl,--start-group -lc -lm -Wl,--end-group
C:/ST/STM32CubeIDE_1.17.0/STM32CubeIDE/plugins/com.st.stm32cube.ide.mcu.externaltools.gnu-tools-for-stm32.12.3.rel1.win32_1.1.0.202410251130/tools/bin/../lib/gcc/arm-none-eabi/12.3.1/../../../../arm-none-eabi/bin/ld.exe: warning: Digital_Syncro_ROME_0.1.elf has a LOAD segment with RWX permissions
Finished building target: Digital_Syncro_ROME_0.1.elf
 
arm-none-eabi-size  Digital_Syncro_ROME_0.1.elf 
   text	   data	    bss	    dec	    hex	filename
  38376	    500	   3284	  42160	   a4b0	Digital_Syncro_ROME_0.1.elf
Finished building: default.size.stdout
 
arm-none-eabi-objdump -h -S Digital_Syncro_ROME_0.1.elf  > "Digital_Syncro_ROME_0.1.list"
Finished building: Digital_Syncro_ROME_0.1.list
 
arm-none-eabi-objcopy  -O ihex Digital_Syncro_ROME_0.1.elf  "Digital_Syncro_ROME_0.1.hex"
Finished building: Digital_Syncro_ROME_0.1.hex
 
10:38:38 **** Incremental Build of configuration Debug for project Digital_Syncro_ROME_0.1 ****
make all 
arm-none-eabi-gcc "../Src/main.c" -mcpu=cortex-m3 -std=gnu11 -g3 -DUSE_HAL_DRIVER -DSTM32F103xB -c -I../Inc -I../Drivers/STM32F1xx_HAL_Driver/Inc -I../Drivers/STM32F1xx_HAL_Driver/Inc/Legacy -I../Drivers/CMSIS/Device/ST/STM32F1xx/Include -I../Drivers/CMSIS/Include -Og -ffunction-sections -Wall -fstack-usage -fcyclomatic-complexity -MMD -MP -MF"Src/main.d" -MT"Src/main.o" --specs=nano.specs -mfloat-abi=soft -mthumb -o "Src/main.o"
arm-none-eabi-gcc -o "Digital_Syncro_ROME_0.1.elf" @"objects.list"   -mcpu=cortex-m3 -T"../STM32F103C8Tx_FLASH.ld" --specs=nosys.specs -Wl,-Map="Digital_Syncro_ROME_0.1.map" -Wl,--gc-sections -static --specs=nano.specs -mfloat-abi=soft -mthumb -u _printf_float -Wl,--start-group -lc -lm -Wl,--end-group
C:/ST/STM32CubeIDE_1.17.0/STM32CubeIDE/plugins/com.st.stm32cube.ide.mcu.externaltools.gnu-tools-for-stm32.12.3.rel1.win32_1.1.0.202410251130/tools/bin/../lib/gcc/arm-none-eabi/12.3.1/../../../../arm-none-eabi/bin/ld.exe: warning: Digital_Syncro_ROME_0.1.elf has a LOAD segment with RWX permissions
Finished building target: Digital_Syncro_ROME_0.1.elf
 
arm-none-eabi-size  Digital_Syncro_ROME_0.1.elf 
   text	   data	    bss	    dec	    hex	filename
  38376	    500	   3284	  42160	   a4b0	Digital_Syncro_ROME_0.1.elf
Finished building: default.size.stdout
 
arm-none-eabi-objdump -h -S Digital_Syncro_ROME_0.1.elf  > "Digital_Syncro_ROME_0.1.list"
Finished building: Digital_Syncro_ROME_0.1.list
 
arm-none-eabi-objcopy  -O ihex Digital_Syncro_ROME_0.1.elf  "Digital_Syncro_ROME_0.1.hex"
Finished building: Digital_Syncro_ROME_0.1.hex
 
11:22:21 **** Incremental Build of configuration Debug for project Digital_Syncro_ROME_0.1 ****
make all 
arm-none-eabi-gcc "../Src/main.c" -mcpu=cortex-m3 -std=gnu11 -g3 -DUSE_HAL_DRIVER -DSTM32F103xB -c -I../Inc -I../Drivers/STM32F1xx_HAL_Driver/Inc -I../Drivers/STM32F1xx_HAL_Driver/Inc/Legacy -I../Drivers/CMSIS/Device/ST/STM32F1xx/Include -I../Drivers/CMSIS/Include -Og -ffunction-sections -Wall -fstack-usage -fcyclomatic-complexity -MMD -MP -MF"Src/main.d" -MT"Src/main.o" --specs=nano.specs -mfloat-abi=soft -mthumb -o "Src/main.o"
arm-none-eabi-gcc -o "Digital_Syncro_ROME_0.1.elf" @"objects.list"   -mcpu=cortex-m3 -T"../STM32F103C8Tx_FLASH.ld" --specs=nosys.specs -Wl,-Map="Digital_Syncro_ROME_0.1.map" -Wl,--gc-sections -static --specs=nano.specs -mfloat-abi=soft -mthumb -u _printf_float -Wl,--start-group -lc -lm -Wl,--end-group
C:/ST/STM32CubeIDE_1.17.0/STM32CubeIDE/plugins/com.st.stm32cube.ide.mcu.externaltools.gnu-tools-for-stm32.12.3.rel1.win32_1.1.0.202410251130/tools/bin/../lib/gcc/arm-none-eabi/12.3.1/../../../../arm-none-eabi/bin/ld.exe: warning: Digital_Syncro_ROME_0.1.elf has a LOAD segment with RWX permissions
Finished building target: Digital_Syncro_ROME_0.1.elf
 
arm-none-eabi-size  Digital_Syncro_ROME_0.1.elf 
   text	   data	    bss	    dec	    hex	filename
  37736	    500	   3284	  41520	   a230	Digital_Syncro_ROME_0.1.elf
Finished building: default.size.stdout
 
arm-none-eabi-objdump -h -S Digital_Syncro_ROME_0.1.elf  > "Digital_Syncro_ROME_0.1.list"
Finished building: Digital_Syncro_ROME_0.1.list
 
arm-none-eabi-objcopy  -O ihex Digital_Syncro_ROME_0.1.elf  "Digital_Syncro_ROME_0.1.hex"
Finished building: Digital_Syncro_ROME_0.1.hex
 
12:20:55 **** Incremental Build of configuration Debug for project Digital_Syncro_ROME_0.1 ****
make all 
arm-none-eabi-gcc "../Src/dsc_rome_16b.c" -mcpu=cortex-m3 -std=gnu11 -g3 -DUSE_HAL_DRIVER -DSTM32F103xB -c -I../Inc -I../Drivers/STM32F1xx_HAL_Driver/Inc -I../Drivers/STM32F1xx_HAL_Driver/Inc/Legacy -I../Drivers/CMSIS/Device/ST/STM32F1xx/Include -I../Drivers/CMSIS/Include -Og -ffunction-sections -Wall -fstack-usage -fcyclomatic-complexity -MMD -MP -MF"Src/dsc_rome_16b.d" -MT"Src/dsc_rome_16b.o" --specs=nano.specs -mfloat-abi=soft -mthumb -o "Src/dsc_rome_16b.o"
arm-none-eabi-gcc "../Src/main.c" -mcpu=cortex-m3 -std=gnu11 -g3 -DUSE_HAL_DRIVER -DSTM32F103xB -c -I../Inc -I../Drivers/STM32F1xx_HAL_Driver/Inc -I../Drivers/STM32F1xx_HAL_Driver/Inc/Legacy -I../Drivers/CMSIS/Device/ST/STM32F1xx/Include -I../Drivers/CMSIS/Include -Og -ffunction-sections -Wall -fstack-usage -fcyclomatic-complexity -MMD -MP -MF"Src/main.d" -MT"Src/main.o" --specs=nano.specs -mfloat-abi=soft -mthumb -o "Src/main.o"
arm-none-eabi-gcc "../Src/stm32f1xx_hal_msp.c" -mcpu=cortex-m3 -std=gnu11 -g3 -DUSE_HAL_DRIVER -DSTM32F103xB -c -I../Inc -I../Drivers/STM32F1xx_HAL_Driver/Inc -I../Drivers/STM32F1xx_HAL_Driver/Inc/Legacy -I../Drivers/CMSIS/Device/ST/STM32F1xx/Include -I../Drivers/CMSIS/Include -Og -ffunction-sections -Wall -fstack-usage -fcyclomatic-complexity -MMD -MP -MF"Src/stm32f1xx_hal_msp.d" -MT"Src/stm32f1xx_hal_msp.o" --specs=nano.specs -mfloat-abi=soft -mthumb -o "Src/stm32f1xx_hal_msp.o"
arm-none-eabi-gcc "../Src/stm32f1xx_it.c" -mcpu=cortex-m3 -std=gnu11 -g3 -DUSE_HAL_DRIVER -DSTM32F103xB -c -I../Inc -I../Drivers/STM32F1xx_HAL_Driver/Inc -I../Drivers/STM32F1xx_HAL_Driver/Inc/Legacy -I../Drivers/CMSIS/Device/ST/STM32F1xx/Include -I../Drivers/CMSIS/Include -Og -ffunction-sections -Wall -fstack-usage -fcyclomatic-complexity -MMD -MP -MF"Src/stm32f1xx_it.d" -MT"Src/stm32f1xx_it.o" --specs=nano.specs -mfloat-abi=soft -mthumb -o "Src/stm32f1xx_it.o"
arm-none-eabi-gcc -o "Digital_Syncro_ROME_0.1.elf" @"objects.list"   -mcpu=cortex-m3 -T"../STM32F103C8Tx_FLASH.ld" --specs=nosys.specs -Wl,-Map="Digital_Syncro_ROME_0.1.map" -Wl,--gc-sections -static --specs=nano.specs -mfloat-abi=soft -mthumb -u _printf_float -Wl,--start-group -lc -lm -Wl,--end-group
C:/ST/STM32CubeIDE_1.17.0/STM32CubeIDE/plugins/com.st.stm32cube.ide.mcu.externaltools.gnu-tools-for-stm32.12.3.rel1.win32_1.1.0.202410251130/tools/bin/../lib/gcc/arm-none-eabi/12.3.1/../../../../arm-none-eabi/bin/ld.exe: warning: Digital_Syncro_ROME_0.1.elf has a LOAD segment with RWX permissions
Finished building target: Digital_Syncro_ROME_0.1.elf
 
arm-none-eabi-size  Digital_Syncro_ROME_0.1.elf 
   text	   data	    bss	    dec	    hex	filename
  37760	    500	   3284	  41544	   a248	Digital_Syncro_ROME_0.1.elf
Finished building: default.size.stdout
 
arm-none-eabi-objdump -h -S Digital_Syncro_ROME_0.1.elf  > "Digital_Syncro_ROME_0.1.list"
Finished building: Digital_Syncro_ROME_0.1.list
 
arm-none-eabi-objcopy  -O ihex Digital_Syncro_ROME_0.1.elf  "Digital_Syncro_ROME_0.1.hex"
Finished building: Digital_Syncro_ROME_0.1.hex
 
13:37:16 **** Incremental Build of configuration Debug for project Digital_Syncro_ROME_0.1 ****
make all 
arm-none-eabi-gcc "../Src/dsc_rome_16b.c" -mcpu=cortex-m3 -std=gnu11 -g3 -DUSE_HAL_DRIVER -DSTM32F103xB -c -I../Inc -I../Drivers/STM32F1xx_HAL_Driver/Inc -I../Drivers/STM32F1xx_HAL_Driver/Inc/Legacy -I../Drivers/CMSIS/Device/ST/STM32F1xx/Include -I../Drivers/CMSIS/Include -Og -ffunction-sections -Wall -fstack-usage -fcyclomatic-complexity -MMD -MP -MF"Src/dsc_rome_16b.d" -MT"Src/dsc_rome_16b.o" --specs=nano.specs -mfloat-abi=soft -mthumb -o "Src/dsc_rome_16b.o"
arm-none-eabi-gcc "../Src/main.c" -mcpu=cortex-m3 -std=gnu11 -g3 -DUSE_HAL_DRIVER -DSTM32F103xB -c -I../Inc -I../Drivers/STM32F1xx_HAL_Driver/Inc -I../Drivers/STM32F1xx_HAL_Driver/Inc/Legacy -I../Drivers/CMSIS/Device/ST/STM32F1xx/Include -I../Drivers/CMSIS/Include -Og -ffunction-sections -Wall -fstack-usage -fcyclomatic-complexity -MMD -MP -MF"Src/main.d" -MT"Src/main.o" --specs=nano.specs -mfloat-abi=soft -mthumb -o "Src/main.o"
../Src/main.c: In function 'main':
../Src/main.c:208:60: warning: 'sprintf' may write a terminating nul past the end of the destination [-Wformat-overflow=]
  208 |                 sprintf(txt, "Rel.Course: %u (%.2f deg)\r\n", digital_val, syncro_val);
      |                                                            ^
../Src/main.c:208:17: note: 'sprintf' output between 26 and 340 bytes into a destination of size 30
  208 |                 sprintf(txt, "Rel.Course: %u (%.2f deg)\r\n", digital_val, syncro_val);
      |                 ^~~~~~~~~~~~~~~~~~~~~~~~~~~~~~~~~~~~~~~~~~~~~~~~~~~~~~~~~~~~~~~~~~~~~~
arm-none-eabi-gcc "../Src/stm32f1xx_hal_msp.c" -mcpu=cortex-m3 -std=gnu11 -g3 -DUSE_HAL_DRIVER -DSTM32F103xB -c -I../Inc -I../Drivers/STM32F1xx_HAL_Driver/Inc -I../Drivers/STM32F1xx_HAL_Driver/Inc/Legacy -I../Drivers/CMSIS/Device/ST/STM32F1xx/Include -I../Drivers/CMSIS/Include -Og -ffunction-sections -Wall -fstack-usage -fcyclomatic-complexity -MMD -MP -MF"Src/stm32f1xx_hal_msp.d" -MT"Src/stm32f1xx_hal_msp.o" --specs=nano.specs -mfloat-abi=soft -mthumb -o "Src/stm32f1xx_hal_msp.o"
arm-none-eabi-gcc "../Src/stm32f1xx_it.c" -mcpu=cortex-m3 -std=gnu11 -g3 -DUSE_HAL_DRIVER -DSTM32F103xB -c -I../Inc -I../Drivers/STM32F1xx_HAL_Driver/Inc -I../Drivers/STM32F1xx_HAL_Driver/Inc/Legacy -I../Drivers/CMSIS/Device/ST/STM32F1xx/Include -I../Drivers/CMSIS/Include -Og -ffunction-sections -Wall -fstack-usage -fcyclomatic-complexity -MMD -MP -MF"Src/stm32f1xx_it.d" -MT"Src/stm32f1xx_it.o" --specs=nano.specs -mfloat-abi=soft -mthumb -o "Src/stm32f1xx_it.o"
arm-none-eabi-gcc -o "Digital_Syncro_ROME_0.1.elf" @"objects.list"   -mcpu=cortex-m3 -T"../STM32F103C8Tx_FLASH.ld" --specs=nosys.specs -Wl,-Map="Digital_Syncro_ROME_0.1.map" -Wl,--gc-sections -static --specs=nano.specs -mfloat-abi=soft -mthumb -u _printf_float -Wl,--start-group -lc -lm -Wl,--end-group
C:/ST/STM32CubeIDE_1.17.0/STM32CubeIDE/plugins/com.st.stm32cube.ide.mcu.externaltools.gnu-tools-for-stm32.12.3.rel1.win32_1.1.0.202410251130/tools/bin/../lib/gcc/arm-none-eabi/12.3.1/../../../../arm-none-eabi/bin/ld.exe: warning: Digital_Syncro_ROME_0.1.elf has a LOAD segment with RWX permissions
Finished building target: Digital_Syncro_ROME_0.1.elf
 
arm-none-eabi-size  Digital_Syncro_ROME_0.1.elf 
   text	   data	    bss	    dec	    hex	filename
  37776	    500	   3284	  41560	   a258	Digital_Syncro_ROME_0.1.elf
Finished building: default.size.stdout
 
arm-none-eabi-objdump -h -S Digital_Syncro_ROME_0.1.elf  > "Digital_Syncro_ROME_0.1.list"
Finished building: Digital_Syncro_ROME_0.1.list
 
arm-none-eabi-objcopy  -O ihex Digital_Syncro_ROME_0.1.elf  "Digital_Syncro_ROME_0.1.hex"
Finished building: Digital_Syncro_ROME_0.1.hex
 
13:42:22 **** Incremental Build of configuration Debug for project Digital_Syncro_ROME_0.1 ****
make all 
arm-none-eabi-gcc "../Src/dsc_rome_16b.c" -mcpu=cortex-m3 -std=gnu11 -g3 -DUSE_HAL_DRIVER -DSTM32F103xB -c -I../Inc -I../Drivers/STM32F1xx_HAL_Driver/Inc -I../Drivers/STM32F1xx_HAL_Driver/Inc/Legacy -I../Drivers/CMSIS/Device/ST/STM32F1xx/Include -I../Drivers/CMSIS/Include -Og -ffunction-sections -Wall -fstack-usage -fcyclomatic-complexity -MMD -MP -MF"Src/dsc_rome_16b.d" -MT"Src/dsc_rome_16b.o" --specs=nano.specs -mfloat-abi=soft -mthumb -o "Src/dsc_rome_16b.o"
arm-none-eabi-gcc "../Src/main.c" -mcpu=cortex-m3 -std=gnu11 -g3 -DUSE_HAL_DRIVER -DSTM32F103xB -c -I../Inc -I../Drivers/STM32F1xx_HAL_Driver/Inc -I../Drivers/STM32F1xx_HAL_Driver/Inc/Legacy -I../Drivers/CMSIS/Device/ST/STM32F1xx/Include -I../Drivers/CMSIS/Include -Og -ffunction-sections -Wall -fstack-usage -fcyclomatic-complexity -MMD -MP -MF"Src/main.d" -MT"Src/main.o" --specs=nano.specs -mfloat-abi=soft -mthumb -o "Src/main.o"
../Src/main.c:393:1: error: unknown type name 'r'
  393 | r occurrence.
      | ^
../Src/main.c:393:13: error: expected '=', ',', ';', 'asm' or '__attribute__' before '.' token
  393 | r occurrence.
      |             ^
make: *** [Src/subdir.mk:40: Src/main.o] Error 1
"make all" terminated with exit code 2. Build might be incomplete.
13:43:13 **** Incremental Build of configuration Debug for project Digital_Syncro_ROME_0.1 ****
make all 
arm-none-eabi-gcc "../Src/main.c" -mcpu=cortex-m3 -std=gnu11 -g3 -DUSE_HAL_DRIVER -DSTM32F103xB -c -I../Inc -I../Drivers/STM32F1xx_HAL_Driver/Inc -I../Drivers/STM32F1xx_HAL_Driver/Inc/Legacy -I../Drivers/CMSIS/Device/ST/STM32F1xx/Include -I../Drivers/CMSIS/Include -Og -ffunction-sections -Wall -fstack-usage -fcyclomatic-complexity -MMD -MP -MF"Src/main.d" -MT"Src/main.o" --specs=nano.specs -mfloat-abi=soft -mthumb -o "Src/main.o"
../Src/main.c:393:1: error: unknown type name 'r'
  393 | r occurrence.
      | ^
../Src/main.c:393:13: error: expected '=', ',', ';', 'asm' or '__attribute__' before '.' token
  393 | r occurrence.
      |             ^
make: *** [Src/subdir.mk:40: Src/main.o] Error 1
"make all" terminated with exit code 2. Build might be incomplete.
13:44:34 **** Incremental Build of configuration Debug for project Digital_Syncro_ROME_0.1 ****
make all 
arm-none-eabi-gcc "../Src/main.c" -mcpu=cortex-m3 -std=gnu11 -g3 -DUSE_HAL_DRIVER -DSTM32F103xB -c -I../Inc -I../Drivers/STM32F1xx_HAL_Driver/Inc -I../Drivers/STM32F1xx_HAL_Driver/Inc/Legacy -I../Drivers/CMSIS/Device/ST/STM32F1xx/Include -I../Drivers/CMSIS/Include -Og -ffunction-sections -Wall -fstack-usage -fcyclomatic-complexity -MMD -MP -MF"Src/main.d" -MT"Src/main.o" --specs=nano.specs -mfloat-abi=soft -mthumb -o "Src/main.o"
../Src/main.c: In function 'main':
../Src/main.c:211:60: warning: 'sprintf' may write a terminating nul past the end of the destination [-Wformat-overflow=]
  211 |                 sprintf(txt, "Rel.Course: %u (%.2f deg)\r\n", digital_val, syncro_val);
      |                                                            ^
../Src/main.c:211:17: note: 'sprintf' output between 26 and 340 bytes into a destination of size 30
  211 |                 sprintf(txt, "Rel.Course: %u (%.2f deg)\r\n", digital_val, syncro_val);
      |                 ^~~~~~~~~~~~~~~~~~~~~~~~~~~~~~~~~~~~~~~~~~~~~~~~~~~~~~~~~~~~~~~~~~~~~~
arm-none-eabi-gcc "../Src/stm32f1xx_hal_msp.c" -mcpu=cortex-m3 -std=gnu11 -g3 -DUSE_HAL_DRIVER -DSTM32F103xB -c -I../Inc -I../Drivers/STM32F1xx_HAL_Driver/Inc -I../Drivers/STM32F1xx_HAL_Driver/Inc/Legacy -I../Drivers/CMSIS/Device/ST/STM32F1xx/Include -I../Drivers/CMSIS/Include -Og -ffunction-sections -Wall -fstack-usage -fcyclomatic-complexity -MMD -MP -MF"Src/stm32f1xx_hal_msp.d" -MT"Src/stm32f1xx_hal_msp.o" --specs=nano.specs -mfloat-abi=soft -mthumb -o "Src/stm32f1xx_hal_msp.o"
arm-none-eabi-gcc "../Src/stm32f1xx_it.c" -mcpu=cortex-m3 -std=gnu11 -g3 -DUSE_HAL_DRIVER -DSTM32F103xB -c -I../Inc -I../Drivers/STM32F1xx_HAL_Driver/Inc -I../Drivers/STM32F1xx_HAL_Driver/Inc/Legacy -I../Drivers/CMSIS/Device/ST/STM32F1xx/Include -I../Drivers/CMSIS/Include -Og -ffunction-sections -Wall -fstack-usage -fcyclomatic-complexity -MMD -MP -MF"Src/stm32f1xx_it.d" -MT"Src/stm32f1xx_it.o" --specs=nano.specs -mfloat-abi=soft -mthumb -o "Src/stm32f1xx_it.o"
arm-none-eabi-gcc -o "Digital_Syncro_ROME_0.1.elf" @"objects.list"   -mcpu=cortex-m3 -T"../STM32F103C8Tx_FLASH.ld" --specs=nosys.specs -Wl,-Map="Digital_Syncro_ROME_0.1.map" -Wl,--gc-sections -static --specs=nano.specs -mfloat-abi=soft -mthumb -u _printf_float -Wl,--start-group -lc -lm -Wl,--end-group
C:/ST/STM32CubeIDE_1.17.0/STM32CubeIDE/plugins/com.st.stm32cube.ide.mcu.externaltools.gnu-tools-for-stm32.12.3.rel1.win32_1.1.0.202410251130/tools/bin/../lib/gcc/arm-none-eabi/12.3.1/../../../../arm-none-eabi/bin/ld.exe: warning: Digital_Syncro_ROME_0.1.elf has a LOAD segment with RWX permissions
Finished building target: Digital_Syncro_ROME_0.1.elf
 
arm-none-eabi-size  Digital_Syncro_ROME_0.1.elf 
   text	   data	    bss	    dec	    hex	filename
  37776	    500	   3284	  41560	   a258	Digital_Syncro_ROME_0.1.elf
Finished building: default.size.stdout
 
arm-none-eabi-objdump -h -S Digital_Syncro_ROME_0.1.elf  > "Digital_Syncro_ROME_0.1.list"
Finished building: Digital_Syncro_ROME_0.1.list
 
arm-none-eabi-objcopy  -O ihex Digital_Syncro_ROME_0.1.elf  "Digital_Syncro_ROME_0.1.hex"
Finished building: Digital_Syncro_ROME_0.1.hex
 
13:46:43 **** Incremental Build of configuration Debug for project Digital_Syncro_ROME_0.1 ****
make all 
arm-none-eabi-gcc "../Src/dsc_rome_16b.c" -mcpu=cortex-m3 -std=gnu11 -g3 -DUSE_HAL_DRIVER -DSTM32F103xB -c -I../Inc -I../Drivers/STM32F1xx_HAL_Driver/Inc -I../Drivers/STM32F1xx_HAL_Driver/Inc/Legacy -I../Drivers/CMSIS/Device/ST/STM32F1xx/Include -I../Drivers/CMSIS/Include -Og -ffunction-sections -Wall -fstack-usage -fcyclomatic-complexity -MMD -MP -MF"Src/dsc_rome_16b.d" -MT"Src/dsc_rome_16b.o" --specs=nano.specs -mfloat-abi=soft -mthumb -o "Src/dsc_rome_16b.o"
arm-none-eabi-gcc "../Src/main.c" -mcpu=cortex-m3 -std=gnu11 -g3 -DUSE_HAL_DRIVER -DSTM32F103xB -c -I../Inc -I../Drivers/STM32F1xx_HAL_Driver/Inc -I../Drivers/STM32F1xx_HAL_Driver/Inc/Legacy -I../Drivers/CMSIS/Device/ST/STM32F1xx/Include -I../Drivers/CMSIS/Include -Og -ffunction-sections -Wall -fstack-usage -fcyclomatic-complexity -MMD -MP -MF"Src/main.d" -MT"Src/main.o" --specs=nano.specs -mfloat-abi=soft -mthumb -o "Src/main.o"
arm-none-eabi-gcc "../Src/stm32f1xx_hal_msp.c" -mcpu=cortex-m3 -std=gnu11 -g3 -DUSE_HAL_DRIVER -DSTM32F103xB -c -I../Inc -I../Drivers/STM32F1xx_HAL_Driver/Inc -I../Drivers/STM32F1xx_HAL_Driver/Inc/Legacy -I../Drivers/CMSIS/Device/ST/STM32F1xx/Include -I../Drivers/CMSIS/Include -Og -ffunction-sections -Wall -fstack-usage -fcyclomatic-complexity -MMD -MP -MF"Src/stm32f1xx_hal_msp.d" -MT"Src/stm32f1xx_hal_msp.o" --specs=nano.specs -mfloat-abi=soft -mthumb -o "Src/stm32f1xx_hal_msp.o"
arm-none-eabi-gcc "../Src/stm32f1xx_it.c" -mcpu=cortex-m3 -std=gnu11 -g3 -DUSE_HAL_DRIVER -DSTM32F103xB -c -I../Inc -I../Drivers/STM32F1xx_HAL_Driver/Inc -I../Drivers/STM32F1xx_HAL_Driver/Inc/Legacy -I../Drivers/CMSIS/Device/ST/STM32F1xx/Include -I../Drivers/CMSIS/Include -Og -ffunction-sections -Wall -fstack-usage -fcyclomatic-complexity -MMD -MP -MF"Src/stm32f1xx_it.d" -MT"Src/stm32f1xx_it.o" --specs=nano.specs -mfloat-abi=soft -mthumb -o "Src/stm32f1xx_it.o"
arm-none-eabi-gcc -o "Digital_Syncro_ROME_0.1.elf" @"objects.list"   -mcpu=cortex-m3 -T"../STM32F103C8Tx_FLASH.ld" --specs=nosys.specs -Wl,-Map="Digital_Syncro_ROME_0.1.map" -Wl,--gc-sections -static --specs=nano.specs -mfloat-abi=soft -mthumb -u _printf_float -Wl,--start-group -lc -lm -Wl,--end-group
C:/ST/STM32CubeIDE_1.17.0/STM32CubeIDE/plugins/com.st.stm32cube.ide.mcu.externaltools.gnu-tools-for-stm32.12.3.rel1.win32_1.1.0.202410251130/tools/bin/../lib/gcc/arm-none-eabi/12.3.1/../../../../arm-none-eabi/bin/ld.exe: warning: Digital_Syncro_ROME_0.1.elf has a LOAD segment with RWX permissions
Finished building target: Digital_Syncro_ROME_0.1.elf
 
arm-none-eabi-size  Digital_Syncro_ROME_0.1.elf 
   text	   data	    bss	    dec	    hex	filename
  37736	    500	   3284	  41520	   a230	Digital_Syncro_ROME_0.1.elf
Finished building: default.size.stdout
 
arm-none-eabi-objdump -h -S Digital_Syncro_ROME_0.1.elf  > "Digital_Syncro_ROME_0.1.list"
Finished building: Digital_Syncro_ROME_0.1.list
 
arm-none-eabi-objcopy  -O ihex Digital_Syncro_ROME_0.1.elf  "Digital_Syncro_ROME_0.1.hex"
Finished building: Digital_Syncro_ROME_0.1.hex
 
13:48:10 **** Incremental Build of configuration Debug for project Digital_Syncro_ROME_0.1 ****
make all 
arm-none-eabi-gcc "../Src/dsc_rome_16b.c" -mcpu=cortex-m3 -std=gnu11 -g3 -DUSE_HAL_DRIVER -DSTM32F103xB -c -I../Inc -I../Drivers/STM32F1xx_HAL_Driver/Inc -I../Drivers/STM32F1xx_HAL_Driver/Inc/Legacy -I../Drivers/CMSIS/Device/ST/STM32F1xx/Include -I../Drivers/CMSIS/Include -Og -ffunction-sections -Wall -fstack-usage -fcyclomatic-complexity -MMD -MP -MF"Src/dsc_rome_16b.d" -MT"Src/dsc_rome_16b.o" --specs=nano.specs -mfloat-abi=soft -mthumb -o "Src/dsc_rome_16b.o"
arm-none-eabi-gcc "../Src/main.c" -mcpu=cortex-m3 -std=gnu11 -g3 -DUSE_HAL_DRIVER -DSTM32F103xB -c -I../Inc -I../Drivers/STM32F1xx_HAL_Driver/Inc -I../Drivers/STM32F1xx_HAL_Driver/Inc/Legacy -I../Drivers/CMSIS/Device/ST/STM32F1xx/Include -I../Drivers/CMSIS/Include -Og -ffunction-sections -Wall -fstack-usage -fcyclomatic-complexity -MMD -MP -MF"Src/main.d" -MT"Src/main.o" --specs=nano.specs -mfloat-abi=soft -mthumb -o "Src/main.o"
arm-none-eabi-gcc "../Src/stm32f1xx_hal_msp.c" -mcpu=cortex-m3 -std=gnu11 -g3 -DUSE_HAL_DRIVER -DSTM32F103xB -c -I../Inc -I../Drivers/STM32F1xx_HAL_Driver/Inc -I../Drivers/STM32F1xx_HAL_Driver/Inc/Legacy -I../Drivers/CMSIS/Device/ST/STM32F1xx/Include -I../Drivers/CMSIS/Include -Og -ffunction-sections -Wall -fstack-usage -fcyclomatic-complexity -MMD -MP -MF"Src/stm32f1xx_hal_msp.d" -MT"Src/stm32f1xx_hal_msp.o" --specs=nano.specs -mfloat-abi=soft -mthumb -o "Src/stm32f1xx_hal_msp.o"
arm-none-eabi-gcc "../Src/stm32f1xx_it.c" -mcpu=cortex-m3 -std=gnu11 -g3 -DUSE_HAL_DRIVER -DSTM32F103xB -c -I../Inc -I../Drivers/STM32F1xx_HAL_Driver/Inc -I../Drivers/STM32F1xx_HAL_Driver/Inc/Legacy -I../Drivers/CMSIS/Device/ST/STM32F1xx/Include -I../Drivers/CMSIS/Include -Og -ffunction-sections -Wall -fstack-usage -fcyclomatic-complexity -MMD -MP -MF"Src/stm32f1xx_it.d" -MT"Src/stm32f1xx_it.o" --specs=nano.specs -mfloat-abi=soft -mthumb -o "Src/stm32f1xx_it.o"
arm-none-eabi-gcc -o "Digital_Syncro_ROME_0.1.elf" @"objects.list"   -mcpu=cortex-m3 -T"../STM32F103C8Tx_FLASH.ld" --specs=nosys.specs -Wl,-Map="Digital_Syncro_ROME_0.1.map" -Wl,--gc-sections -static --specs=nano.specs -mfloat-abi=soft -mthumb -u _printf_float -Wl,--start-group -lc -lm -Wl,--end-group
C:/ST/STM32CubeIDE_1.17.0/STM32CubeIDE/plugins/com.st.stm32cube.ide.mcu.externaltools.gnu-tools-for-stm32.12.3.rel1.win32_1.1.0.202410251130/tools/bin/../lib/gcc/arm-none-eabi/12.3.1/../../../../arm-none-eabi/bin/ld.exe: warning: Digital_Syncro_ROME_0.1.elf has a LOAD segment with RWX permissions
Finished building target: Digital_Syncro_ROME_0.1.elf
 
arm-none-eabi-size  Digital_Syncro_ROME_0.1.elf 
   text	   data	    bss	    dec	    hex	filename
  37760	    500	   3284	  41544	   a248	Digital_Syncro_ROME_0.1.elf
Finished building: default.size.stdout
 
arm-none-eabi-objdump -h -S Digital_Syncro_ROME_0.1.elf  > "Digital_Syncro_ROME_0.1.list"
Finished building: Digital_Syncro_ROME_0.1.list
 
arm-none-eabi-objcopy  -O ihex Digital_Syncro_ROME_0.1.elf  "Digital_Syncro_ROME_0.1.hex"
Finished building: Digital_Syncro_ROME_0.1.hex
 
